#
# There is insufficient memory for the Java Runtime Environment to continue.
# Native memory allocation (malloc) failed to allocate 32744 bytes. Error detail: Chunk::new
# Possible reasons:
#   The system is out of physical RAM or swap space
#   This process is running with CompressedOops enabled, and the Java Heap may be blocking the growth of the native heap
# Possible solutions:
#   Reduce memory load on the system
#   Increase physical memory or swap space
#   Check if swap backing store is full
#   Decrease Java heap size (-Xmx/-Xms)
#   Decrease number of Java threads
#   Decrease Java thread stack sizes (-Xss)
#   Set larger code cache with -XX:ReservedCodeCacheSize=
#   JVM is running with Zero Based Compressed Oops mode in which the Java heap is
#     placed in the first 32GB address space. The Java Heap base address is the
#     maximum limit for the native heap growth. Please use -XX:HeapBaseMinAddress
#     to set the Java Heap base and to place the Java Heap above 32GB virtual address.
# This output file may be truncated or incomplete.
#
#  Out of Memory Error (arena.cpp:168), pid=41064, tid=39480
#
# JRE version: OpenJDK Runtime Environment Temurin-21.0.10+7 (21.0.10+7) (build 21.0.10+7-LTS)
# Java VM: OpenJDK 64-Bit Server VM Temurin-21.0.10+7 (21.0.10+7-LTS, mixed mode, sharing, tiered, compressed oops, compressed class ptrs, g1 gc, windows-amd64)
# No core dump will be written. Minidumps are not enabled by default on client versions of Windows
#

---------------  S U M M A R Y ------------

Command Line: --enable-native-access=ALL-UNNAMED -Dclassworlds.conf=C:\Program Files (x86)\Apache\Maven\apache-maven-3.9.12\bin\m2.conf -Dmaven.home=C:\Program Files (x86)\Apache\Maven\apache-maven-3.9.12 -Dlibrary.jansi.path=C:\Program Files (x86)\Apache\Maven\apache-maven-3.9.12\lib\jansi-native -Dmaven.multiModuleProjectDirectory=D:\PAF Project\New folder (2)\IT3030-PAF-2026-smart-campus-NUSLIIT_JFN3\backend org.codehaus.plexus.classworlds.launcher.Launcher spring-boot:run

Host: Intel(R) Core(TM) i3-8130U CPU @ 2.20GHz, 4 cores, 15G,  Windows 11 , 64 bit Build 26100 (10.0.26100.8115)
Time: Thu Apr  9 09:53:55 2026 Sri Lanka Standard Time elapsed time: 3.330678 seconds (0d 0h 0m 3s)

---------------  T H R E A D  ---------------

Current thread (0x000002627138d600):  JavaThread "C2 CompilerThread0" daemon [_thread_in_native, id=39480, stack(0x0000008c30300000,0x0000008c30400000) (1024K)]


Current CompileTask:
C2:3330  821   !   4       jdk.internal.loader.URLClassPath$JarLoader::getResource (40 bytes)

Stack: [0x0000008c30300000,0x0000008c30400000]
Native frames: (J=compiled Java code, j=interpreted, Vv=VM code, C=native code)
V  [jvm.dll+0x6d7a39]
V  [jvm.dll+0x8b4b26]
V  [jvm.dll+0x8b70de]
V  [jvm.dll+0x8b77c3]
V  [jvm.dll+0x284346]
V  [jvm.dll+0xc66ed]
V  [jvm.dll+0xc6c31]
V  [jvm.dll+0x14882e]
V  [jvm.dll+0x1477db]
V  [jvm.dll+0x6dcfa8]
V  [jvm.dll+0x24c92b]
V  [jvm.dll+0x24bb40]
V  [jvm.dll+0x1cb34e]
V  [jvm.dll+0x25b85d]
V  [jvm.dll+0x259dea]
V  [jvm.dll+0x3f857e]
V  [jvm.dll+0x85f59d]
V  [jvm.dll+0x6d626d]
C  [ucrtbase.dll+0x37b0]
C  [KERNEL32.DLL+0x2e8d7]
C  [ntdll.dll+0x8c3fc]


---------------  P R O C E S S  ---------------

Threads class SMR info:
_java_thread_list=0x00000262715097e0, length=12, elements={
0x0000026250552560, 0x0000026271385a40, 0x00000262713871c0, 0x000002627138a950,
0x000002627138b3b0, 0x000002627138be10, 0x000002627138c870, 0x000002627138d600,
0x00000262713c3ca0, 0x00000262714dac80, 0x00000262714ea4f0, 0x000002627173aa20
}

Java Threads: ( => current thread )
  0x0000026250552560 JavaThread "main"                              [_thread_in_vm, id=8220, stack(0x0000008c2f500000,0x0000008c2f600000) (1024K)]
  0x0000026271385a40 JavaThread "Reference Handler"          daemon [_thread_blocked, id=42260, stack(0x0000008c2fd00000,0x0000008c2fe00000) (1024K)]
  0x00000262713871c0 JavaThread "Finalizer"                  daemon [_thread_blocked, id=43792, stack(0x0000008c2fe00000,0x0000008c2ff00000) (1024K)]
  0x000002627138a950 JavaThread "Signal Dispatcher"          daemon [_thread_blocked, id=41540, stack(0x0000008c2ff00000,0x0000008c30000000) (1024K)]
  0x000002627138b3b0 JavaThread "Attach Listener"            daemon [_thread_blocked, id=40308, stack(0x0000008c30000000,0x0000008c30100000) (1024K)]
  0x000002627138be10 JavaThread "Service Thread"             daemon [_thread_blocked, id=17508, stack(0x0000008c30100000,0x0000008c30200000) (1024K)]
  0x000002627138c870 JavaThread "Monitor Deflation Thread"   daemon [_thread_blocked, id=3508, stack(0x0000008c30200000,0x0000008c30300000) (1024K)]
=>0x000002627138d600 JavaThread "C2 CompilerThread0"         daemon [_thread_in_native, id=39480, stack(0x0000008c30300000,0x0000008c30400000) (1024K)]
  0x00000262713c3ca0 JavaThread "C1 CompilerThread0"         daemon [_thread_blocked, id=27536, stack(0x0000008c30400000,0x0000008c30500000) (1024K)]
  0x00000262714dac80 JavaThread "Notification Thread"        daemon [_thread_blocked, id=41280, stack(0x0000008c30500000,0x0000008c30600000) (1024K)]
  0x00000262714ea4f0 JavaThread "Common-Cleaner"             daemon [_thread_blocked, id=31996, stack(0x0000008c30600000,0x0000008c30700000) (1024K)]
  0x000002627173aa20 JavaThread "cleanup"                    daemon [_thread_in_vm, id=34512, stack(0x0000008c30700000,0x0000008c30800000) (1024K)]
Total: 12

Other Threads:
  0x00000262713645c0 VMThread "VM Thread"                           [id=43756, stack(0x0000008c2fc00000,0x0000008c2fd00000) (1024K)]
  0x0000026271352350 WatcherThread "VM Periodic Task Thread"        [id=41936, stack(0x0000008c2fb00000,0x0000008c2fc00000) (1024K)]
  0x0000026252842810 WorkerThread "GC Thread#0"                     [id=29880, stack(0x0000008c2f600000,0x0000008c2f700000) (1024K)]
  0x0000026252853690 ConcurrentGCThread "G1 Main Marker"            [id=42516, stack(0x0000008c2f700000,0x0000008c2f800000) (1024K)]
  0x00000262528541a0 WorkerThread "G1 Conc#0"                       [id=19708, stack(0x0000008c2f800000,0x0000008c2f900000) (1024K)]
  0x0000026271212960 ConcurrentGCThread "G1 Refine#0"               [id=39780, stack(0x0000008c2f900000,0x0000008c2fa00000) (1024K)]
  0x0000026271213190 ConcurrentGCThread "G1 Service"                [id=26964, stack(0x0000008c2fa00000,0x0000008c2fb00000) (1024K)]
Total: 7

Threads with active compile tasks:
C2 CompilerThread0  4032  821   !   4       jdk.internal.loader.URLClassPath$JarLoader::getResource (40 bytes)
Total: 1

VM state: not at safepoint (normal execution)

VM Mutex/Monitor currently owned by a thread: None

Heap address: 0x0000000701600000, size: 4074 MB, Compressed Oops mode: Zero based, Oop shift amount: 3

CDS archive(s) mapped at: [0x0000026200000000-0x0000026200c80000-0x0000026200c80000), size 13107200, SharedBaseAddress: 0x0000026200000000, ArchiveRelocationMode: 1.
Compressed class space mapped at: 0x0000026201000000-0x0000026241000000, reserved size: 1073741824
Narrow klass base: 0x0000026200000000, Narrow klass shift: 0, Narrow klass range: 0x100000000

GC Precious Log:
 CardTable entry size: 512
 Card Set container configuration: InlinePtr #cards 4 size 8 Array Of Cards #cards 16 size 48 Howl #buckets 8 coarsen threshold 3686 Howl Bitmap #cards 512 size 80 coarsen threshold 460 Card regions per heap region 1 cards per card region 4096
 CPUs: 4 total, 4 available
 Memory: 16295M
 Large Page Support: Disabled
 NUMA Support: Disabled
 Compressed Oops: Enabled (Zero based)
 Heap Region Size: 2M
 Heap Min Capacity: 8M
 Heap Initial Capacity: 256M
 Heap Max Capacity: 4074M
 Pre-touch: Disabled
 Parallel Workers: 4
 Concurrent Workers: 1
 Concurrent Refinement Workers: 4
 Periodic GC: Disabled

Heap:
 garbage-first heap   total 262144K, used 10240K [0x0000000701600000, 0x0000000800000000)
  region size 2048K, 6 young (12288K), 0 survivors (0K)
 Metaspace       used 2887K, committed 3072K, reserved 1114112K
  class space    used 280K, committed 384K, reserved 1048576K

Heap Regions: E=young(eden), S=young(survivor), O=old, HS=humongous(starts), HC=humongous(continues), CS=collection set, F=free, TAMS=top-at-mark-start, PB=parsable bottom
|   0|0x0000000701600000, 0x0000000701600000, 0x0000000701800000|  0%| F|  |TAMS 0x0000000701600000| PB 0x0000000701600000| Untracked 
|   1|0x0000000701800000, 0x0000000701800000, 0x0000000701a00000|  0%| F|  |TAMS 0x0000000701800000| PB 0x0000000701800000| Untracked 
|   2|0x0000000701a00000, 0x0000000701a00000, 0x0000000701c00000|  0%| F|  |TAMS 0x0000000701a00000| PB 0x0000000701a00000| Untracked 
|   3|0x0000000701c00000, 0x0000000701c00000, 0x0000000701e00000|  0%| F|  |TAMS 0x0000000701c00000| PB 0x0000000701c00000| Untracked 
|   4|0x0000000701e00000, 0x0000000701e00000, 0x0000000702000000|  0%| F|  |TAMS 0x0000000701e00000| PB 0x0000000701e00000| Untracked 
|   5|0x0000000702000000, 0x0000000702000000, 0x0000000702200000|  0%| F|  |TAMS 0x0000000702000000| PB 0x0000000702000000| Untracked 
|   6|0x0000000702200000, 0x0000000702200000, 0x0000000702400000|  0%| F|  |TAMS 0x0000000702200000| PB 0x0000000702200000| Untracked 
|   7|0x0000000702400000, 0x0000000702400000, 0x0000000702600000|  0%| F|  |TAMS 0x0000000702400000| PB 0x0000000702400000| Untracked 
|   8|0x0000000702600000, 0x0000000702600000, 0x0000000702800000|  0%| F|  |TAMS 0x0000000702600000| PB 0x0000000702600000| Untracked 
|   9|0x0000000702800000, 0x0000000702800000, 0x0000000702a00000|  0%| F|  |TAMS 0x0000000702800000| PB 0x0000000702800000| Untracked 
|  10|0x0000000702a00000, 0x0000000702a00000, 0x0000000702c00000|  0%| F|  |TAMS 0x0000000702a00000| PB 0x0000000702a00000| Untracked 
|  11|0x0000000702c00000, 0x0000000702c00000, 0x0000000702e00000|  0%| F|  |TAMS 0x0000000702c00000| PB 0x0000000702c00000| Untracked 
|  12|0x0000000702e00000, 0x0000000702e00000, 0x0000000703000000|  0%| F|  |TAMS 0x0000000702e00000| PB 0x0000000702e00000| Untracked 
|  13|0x0000000703000000, 0x0000000703000000, 0x0000000703200000|  0%| F|  |TAMS 0x0000000703000000| PB 0x0000000703000000| Untracked 
|  14|0x0000000703200000, 0x0000000703200000, 0x0000000703400000|  0%| F|  |TAMS 0x0000000703200000| PB 0x0000000703200000| Untracked 
|  15|0x0000000703400000, 0x0000000703400000, 0x0000000703600000|  0%| F|  |TAMS 0x0000000703400000| PB 0x0000000703400000| Untracked 
|  16|0x0000000703600000, 0x0000000703600000, 0x0000000703800000|  0%| F|  |TAMS 0x0000000703600000| PB 0x0000000703600000| Untracked 
|  17|0x0000000703800000, 0x0000000703800000, 0x0000000703a00000|  0%| F|  |TAMS 0x0000000703800000| PB 0x0000000703800000| Untracked 
|  18|0x0000000703a00000, 0x0000000703a00000, 0x0000000703c00000|  0%| F|  |TAMS 0x0000000703a00000| PB 0x0000000703a00000| Untracked 
|  19|0x0000000703c00000, 0x0000000703c00000, 0x0000000703e00000|  0%| F|  |TAMS 0x0000000703c00000| PB 0x0000000703c00000| Untracked 
|  20|0x0000000703e00000, 0x0000000703e00000, 0x0000000704000000|  0%| F|  |TAMS 0x0000000703e00000| PB 0x0000000703e00000| Untracked 
|  21|0x0000000704000000, 0x0000000704000000, 0x0000000704200000|  0%| F|  |TAMS 0x0000000704000000| PB 0x0000000704000000| Untracked 
|  22|0x0000000704200000, 0x0000000704200000, 0x0000000704400000|  0%| F|  |TAMS 0x0000000704200000| PB 0x0000000704200000| Untracked 
|  23|0x0000000704400000, 0x0000000704400000, 0x0000000704600000|  0%| F|  |TAMS 0x0000000704400000| PB 0x0000000704400000| Untracked 
|  24|0x0000000704600000, 0x0000000704600000, 0x0000000704800000|  0%| F|  |TAMS 0x0000000704600000| PB 0x0000000704600000| Untracked 
|  25|0x0000000704800000, 0x0000000704800000, 0x0000000704a00000|  0%| F|  |TAMS 0x0000000704800000| PB 0x0000000704800000| Untracked 
|  26|0x0000000704a00000, 0x0000000704a00000, 0x0000000704c00000|  0%| F|  |TAMS 0x0000000704a00000| PB 0x0000000704a00000| Untracked 
|  27|0x0000000704c00000, 0x0000000704c00000, 0x0000000704e00000|  0%| F|  |TAMS 0x0000000704c00000| PB 0x0000000704c00000| Untracked 
|  28|0x0000000704e00000, 0x0000000704e00000, 0x0000000705000000|  0%| F|  |TAMS 0x0000000704e00000| PB 0x0000000704e00000| Untracked 
|  29|0x0000000705000000, 0x0000000705000000, 0x0000000705200000|  0%| F|  |TAMS 0x0000000705000000| PB 0x0000000705000000| Untracked 
|  30|0x0000000705200000, 0x0000000705200000, 0x0000000705400000|  0%| F|  |TAMS 0x0000000705200000| PB 0x0000000705200000| Untracked 
|  31|0x0000000705400000, 0x0000000705400000, 0x0000000705600000|  0%| F|  |TAMS 0x0000000705400000| PB 0x0000000705400000| Untracked 
|  32|0x0000000705600000, 0x0000000705600000, 0x0000000705800000|  0%| F|  |TAMS 0x0000000705600000| PB 0x0000000705600000| Untracked 
|  33|0x0000000705800000, 0x0000000705800000, 0x0000000705a00000|  0%| F|  |TAMS 0x0000000705800000| PB 0x0000000705800000| Untracked 
|  34|0x0000000705a00000, 0x0000000705a00000, 0x0000000705c00000|  0%| F|  |TAMS 0x0000000705a00000| PB 0x0000000705a00000| Untracked 
|  35|0x0000000705c00000, 0x0000000705c00000, 0x0000000705e00000|  0%| F|  |TAMS 0x0000000705c00000| PB 0x0000000705c00000| Untracked 
|  36|0x0000000705e00000, 0x0000000705e00000, 0x0000000706000000|  0%| F|  |TAMS 0x0000000705e00000| PB 0x0000000705e00000| Untracked 
|  37|0x0000000706000000, 0x0000000706000000, 0x0000000706200000|  0%| F|  |TAMS 0x0000000706000000| PB 0x0000000706000000| Untracked 
|  38|0x0000000706200000, 0x0000000706200000, 0x0000000706400000|  0%| F|  |TAMS 0x0000000706200000| PB 0x0000000706200000| Untracked 
|  39|0x0000000706400000, 0x0000000706400000, 0x0000000706600000|  0%| F|  |TAMS 0x0000000706400000| PB 0x0000000706400000| Untracked 
|  40|0x0000000706600000, 0x0000000706600000, 0x0000000706800000|  0%| F|  |TAMS 0x0000000706600000| PB 0x0000000706600000| Untracked 
|  41|0x0000000706800000, 0x0000000706800000, 0x0000000706a00000|  0%| F|  |TAMS 0x0000000706800000| PB 0x0000000706800000| Untracked 
|  42|0x0000000706a00000, 0x0000000706a00000, 0x0000000706c00000|  0%| F|  |TAMS 0x0000000706a00000| PB 0x0000000706a00000| Untracked 
|  43|0x0000000706c00000, 0x0000000706c00000, 0x0000000706e00000|  0%| F|  |TAMS 0x0000000706c00000| PB 0x0000000706c00000| Untracked 
|  44|0x0000000706e00000, 0x0000000706e00000, 0x0000000707000000|  0%| F|  |TAMS 0x0000000706e00000| PB 0x0000000706e00000| Untracked 
|  45|0x0000000707000000, 0x0000000707000000, 0x0000000707200000|  0%| F|  |TAMS 0x0000000707000000| PB 0x0000000707000000| Untracked 
|  46|0x0000000707200000, 0x0000000707200000, 0x0000000707400000|  0%| F|  |TAMS 0x0000000707200000| PB 0x0000000707200000| Untracked 
|  47|0x0000000707400000, 0x0000000707400000, 0x0000000707600000|  0%| F|  |TAMS 0x0000000707400000| PB 0x0000000707400000| Untracked 
|  48|0x0000000707600000, 0x0000000707600000, 0x0000000707800000|  0%| F|  |TAMS 0x0000000707600000| PB 0x0000000707600000| Untracked 
|  49|0x0000000707800000, 0x0000000707800000, 0x0000000707a00000|  0%| F|  |TAMS 0x0000000707800000| PB 0x0000000707800000| Untracked 
|  50|0x0000000707a00000, 0x0000000707a00000, 0x0000000707c00000|  0%| F|  |TAMS 0x0000000707a00000| PB 0x0000000707a00000| Untracked 
|  51|0x0000000707c00000, 0x0000000707c00000, 0x0000000707e00000|  0%| F|  |TAMS 0x0000000707c00000| PB 0x0000000707c00000| Untracked 
|  52|0x0000000707e00000, 0x0000000707e00000, 0x0000000708000000|  0%| F|  |TAMS 0x0000000707e00000| PB 0x0000000707e00000| Untracked 
|  53|0x0000000708000000, 0x0000000708000000, 0x0000000708200000|  0%| F|  |TAMS 0x0000000708000000| PB 0x0000000708000000| Untracked 
|  54|0x0000000708200000, 0x0000000708200000, 0x0000000708400000|  0%| F|  |TAMS 0x0000000708200000| PB 0x0000000708200000| Untracked 
|  55|0x0000000708400000, 0x0000000708400000, 0x0000000708600000|  0%| F|  |TAMS 0x0000000708400000| PB 0x0000000708400000| Untracked 
|  56|0x0000000708600000, 0x0000000708600000, 0x0000000708800000|  0%| F|  |TAMS 0x0000000708600000| PB 0x0000000708600000| Untracked 
|  57|0x0000000708800000, 0x0000000708800000, 0x0000000708a00000|  0%| F|  |TAMS 0x0000000708800000| PB 0x0000000708800000| Untracked 
|  58|0x0000000708a00000, 0x0000000708a00000, 0x0000000708c00000|  0%| F|  |TAMS 0x0000000708a00000| PB 0x0000000708a00000| Untracked 
|  59|0x0000000708c00000, 0x0000000708c00000, 0x0000000708e00000|  0%| F|  |TAMS 0x0000000708c00000| PB 0x0000000708c00000| Untracked 
|  60|0x0000000708e00000, 0x0000000708e00000, 0x0000000709000000|  0%| F|  |TAMS 0x0000000708e00000| PB 0x0000000708e00000| Untracked 
|  61|0x0000000709000000, 0x0000000709000000, 0x0000000709200000|  0%| F|  |TAMS 0x0000000709000000| PB 0x0000000709000000| Untracked 
|  62|0x0000000709200000, 0x0000000709200000, 0x0000000709400000|  0%| F|  |TAMS 0x0000000709200000| PB 0x0000000709200000| Untracked 
|  63|0x0000000709400000, 0x0000000709400000, 0x0000000709600000|  0%| F|  |TAMS 0x0000000709400000| PB 0x0000000709400000| Untracked 
|  64|0x0000000709600000, 0x0000000709600000, 0x0000000709800000|  0%| F|  |TAMS 0x0000000709600000| PB 0x0000000709600000| Untracked 
|  65|0x0000000709800000, 0x0000000709800000, 0x0000000709a00000|  0%| F|  |TAMS 0x0000000709800000| PB 0x0000000709800000| Untracked 
|  66|0x0000000709a00000, 0x0000000709a00000, 0x0000000709c00000|  0%| F|  |TAMS 0x0000000709a00000| PB 0x0000000709a00000| Untracked 
|  67|0x0000000709c00000, 0x0000000709c00000, 0x0000000709e00000|  0%| F|  |TAMS 0x0000000709c00000| PB 0x0000000709c00000| Untracked 
|  68|0x0000000709e00000, 0x0000000709e00000, 0x000000070a000000|  0%| F|  |TAMS 0x0000000709e00000| PB 0x0000000709e00000| Untracked 
|  69|0x000000070a000000, 0x000000070a000000, 0x000000070a200000|  0%| F|  |TAMS 0x000000070a000000| PB 0x000000070a000000| Untracked 
|  70|0x000000070a200000, 0x000000070a200000, 0x000000070a400000|  0%| F|  |TAMS 0x000000070a200000| PB 0x000000070a200000| Untracked 
|  71|0x000000070a400000, 0x000000070a400000, 0x000000070a600000|  0%| F|  |TAMS 0x000000070a400000| PB 0x000000070a400000| Untracked 
|  72|0x000000070a600000, 0x000000070a600000, 0x000000070a800000|  0%| F|  |TAMS 0x000000070a600000| PB 0x000000070a600000| Untracked 
|  73|0x000000070a800000, 0x000000070a800000, 0x000000070aa00000|  0%| F|  |TAMS 0x000000070a800000| PB 0x000000070a800000| Untracked 
|  74|0x000000070aa00000, 0x000000070aa00000, 0x000000070ac00000|  0%| F|  |TAMS 0x000000070aa00000| PB 0x000000070aa00000| Untracked 
|  75|0x000000070ac00000, 0x000000070ac00000, 0x000000070ae00000|  0%| F|  |TAMS 0x000000070ac00000| PB 0x000000070ac00000| Untracked 
|  76|0x000000070ae00000, 0x000000070ae00000, 0x000000070b000000|  0%| F|  |TAMS 0x000000070ae00000| PB 0x000000070ae00000| Untracked 
|  77|0x000000070b000000, 0x000000070b000000, 0x000000070b200000|  0%| F|  |TAMS 0x000000070b000000| PB 0x000000070b000000| Untracked 
|  78|0x000000070b200000, 0x000000070b200000, 0x000000070b400000|  0%| F|  |TAMS 0x000000070b200000| PB 0x000000070b200000| Untracked 
|  79|0x000000070b400000, 0x000000070b400000, 0x000000070b600000|  0%| F|  |TAMS 0x000000070b400000| PB 0x000000070b400000| Untracked 
|  80|0x000000070b600000, 0x000000070b600000, 0x000000070b800000|  0%| F|  |TAMS 0x000000070b600000| PB 0x000000070b600000| Untracked 
|  81|0x000000070b800000, 0x000000070b800000, 0x000000070ba00000|  0%| F|  |TAMS 0x000000070b800000| PB 0x000000070b800000| Untracked 
|  82|0x000000070ba00000, 0x000000070ba00000, 0x000000070bc00000|  0%| F|  |TAMS 0x000000070ba00000| PB 0x000000070ba00000| Untracked 
|  83|0x000000070bc00000, 0x000000070bc00000, 0x000000070be00000|  0%| F|  |TAMS 0x000000070bc00000| PB 0x000000070bc00000| Untracked 
|  84|0x000000070be00000, 0x000000070be00000, 0x000000070c000000|  0%| F|  |TAMS 0x000000070be00000| PB 0x000000070be00000| Untracked 
|  85|0x000000070c000000, 0x000000070c000000, 0x000000070c200000|  0%| F|  |TAMS 0x000000070c000000| PB 0x000000070c000000| Untracked 
|  86|0x000000070c200000, 0x000000070c200000, 0x000000070c400000|  0%| F|  |TAMS 0x000000070c200000| PB 0x000000070c200000| Untracked 
|  87|0x000000070c400000, 0x000000070c400000, 0x000000070c600000|  0%| F|  |TAMS 0x000000070c400000| PB 0x000000070c400000| Untracked 
|  88|0x000000070c600000, 0x000000070c600000, 0x000000070c800000|  0%| F|  |TAMS 0x000000070c600000| PB 0x000000070c600000| Untracked 
|  89|0x000000070c800000, 0x000000070c800000, 0x000000070ca00000|  0%| F|  |TAMS 0x000000070c800000| PB 0x000000070c800000| Untracked 
|  90|0x000000070ca00000, 0x000000070ca00000, 0x000000070cc00000|  0%| F|  |TAMS 0x000000070ca00000| PB 0x000000070ca00000| Untracked 
|  91|0x000000070cc00000, 0x000000070cc00000, 0x000000070ce00000|  0%| F|  |TAMS 0x000000070cc00000| PB 0x000000070cc00000| Untracked 
|  92|0x000000070ce00000, 0x000000070ce00000, 0x000000070d000000|  0%| F|  |TAMS 0x000000070ce00000| PB 0x000000070ce00000| Untracked 
|  93|0x000000070d000000, 0x000000070d000000, 0x000000070d200000|  0%| F|  |TAMS 0x000000070d000000| PB 0x000000070d000000| Untracked 
|  94|0x000000070d200000, 0x000000070d200000, 0x000000070d400000|  0%| F|  |TAMS 0x000000070d200000| PB 0x000000070d200000| Untracked 
|  95|0x000000070d400000, 0x000000070d400000, 0x000000070d600000|  0%| F|  |TAMS 0x000000070d400000| PB 0x000000070d400000| Untracked 
|  96|0x000000070d600000, 0x000000070d600000, 0x000000070d800000|  0%| F|  |TAMS 0x000000070d600000| PB 0x000000070d600000| Untracked 
|  97|0x000000070d800000, 0x000000070d800000, 0x000000070da00000|  0%| F|  |TAMS 0x000000070d800000| PB 0x000000070d800000| Untracked 
|  98|0x000000070da00000, 0x000000070da00000, 0x000000070dc00000|  0%| F|  |TAMS 0x000000070da00000| PB 0x000000070da00000| Untracked 
|  99|0x000000070dc00000, 0x000000070dc00000, 0x000000070de00000|  0%| F|  |TAMS 0x000000070dc00000| PB 0x000000070dc00000| Untracked 
| 100|0x000000070de00000, 0x000000070de00000, 0x000000070e000000|  0%| F|  |TAMS 0x000000070de00000| PB 0x000000070de00000| Untracked 
| 101|0x000000070e000000, 0x000000070e000000, 0x000000070e200000|  0%| F|  |TAMS 0x000000070e000000| PB 0x000000070e000000| Untracked 
| 102|0x000000070e200000, 0x000000070e200000, 0x000000070e400000|  0%| F|  |TAMS 0x000000070e200000| PB 0x000000070e200000| Untracked 
| 103|0x000000070e400000, 0x000000070e400000, 0x000000070e600000|  0%| F|  |TAMS 0x000000070e400000| PB 0x000000070e400000| Untracked 
| 104|0x000000070e600000, 0x000000070e600000, 0x000000070e800000|  0%| F|  |TAMS 0x000000070e600000| PB 0x000000070e600000| Untracked 
| 105|0x000000070e800000, 0x000000070e800000, 0x000000070ea00000|  0%| F|  |TAMS 0x000000070e800000| PB 0x000000070e800000| Untracked 
| 106|0x000000070ea00000, 0x000000070ea00000, 0x000000070ec00000|  0%| F|  |TAMS 0x000000070ea00000| PB 0x000000070ea00000| Untracked 
| 107|0x000000070ec00000, 0x000000070ec00000, 0x000000070ee00000|  0%| F|  |TAMS 0x000000070ec00000| PB 0x000000070ec00000| Untracked 
| 108|0x000000070ee00000, 0x000000070ee00000, 0x000000070f000000|  0%| F|  |TAMS 0x000000070ee00000| PB 0x000000070ee00000| Untracked 
| 109|0x000000070f000000, 0x000000070f000000, 0x000000070f200000|  0%| F|  |TAMS 0x000000070f000000| PB 0x000000070f000000| Untracked 
| 110|0x000000070f200000, 0x000000070f200000, 0x000000070f400000|  0%| F|  |TAMS 0x000000070f200000| PB 0x000000070f200000| Untracked 
| 111|0x000000070f400000, 0x000000070f400000, 0x000000070f600000|  0%| F|  |TAMS 0x000000070f400000| PB 0x000000070f400000| Untracked 
| 112|0x000000070f600000, 0x000000070f600000, 0x000000070f800000|  0%| F|  |TAMS 0x000000070f600000| PB 0x000000070f600000| Untracked 
| 113|0x000000070f800000, 0x000000070f800000, 0x000000070fa00000|  0%| F|  |TAMS 0x000000070f800000| PB 0x000000070f800000| Untracked 
| 114|0x000000070fa00000, 0x000000070fa00000, 0x000000070fc00000|  0%| F|  |TAMS 0x000000070fa00000| PB 0x000000070fa00000| Untracked 
| 115|0x000000070fc00000, 0x000000070fc00000, 0x000000070fe00000|  0%| F|  |TAMS 0x000000070fc00000| PB 0x000000070fc00000| Untracked 
| 116|0x000000070fe00000, 0x000000070fe00000, 0x0000000710000000|  0%| F|  |TAMS 0x000000070fe00000| PB 0x000000070fe00000| Untracked 
| 117|0x0000000710000000, 0x0000000710000000, 0x0000000710200000|  0%| F|  |TAMS 0x0000000710000000| PB 0x0000000710000000| Untracked 
| 118|0x0000000710200000, 0x0000000710200000, 0x0000000710400000|  0%| F|  |TAMS 0x0000000710200000| PB 0x0000000710200000| Untracked 
| 119|0x0000000710400000, 0x0000000710400000, 0x0000000710600000|  0%| F|  |TAMS 0x0000000710400000| PB 0x0000000710400000| Untracked 
| 120|0x0000000710600000, 0x0000000710600000, 0x0000000710800000|  0%| F|  |TAMS 0x0000000710600000| PB 0x0000000710600000| Untracked 
| 121|0x0000000710800000, 0x0000000710800000, 0x0000000710a00000|  0%| F|  |TAMS 0x0000000710800000| PB 0x0000000710800000| Untracked 
| 122|0x0000000710a00000, 0x0000000710a7da48, 0x0000000710c00000| 24%| E|  |TAMS 0x0000000710a00000| PB 0x0000000710a00000| Complete 
| 123|0x0000000710c00000, 0x0000000710e00000, 0x0000000710e00000|100%| E|CS|TAMS 0x0000000710c00000| PB 0x0000000710c00000| Complete 
| 124|0x0000000710e00000, 0x0000000711000000, 0x0000000711000000|100%| E|CS|TAMS 0x0000000710e00000| PB 0x0000000710e00000| Complete 
| 125|0x0000000711000000, 0x0000000711200000, 0x0000000711200000|100%| E|CS|TAMS 0x0000000711000000| PB 0x0000000711000000| Complete 
| 126|0x0000000711200000, 0x0000000711400000, 0x0000000711400000|100%| E|CS|TAMS 0x0000000711200000| PB 0x0000000711200000| Complete 
| 127|0x0000000711400000, 0x0000000711600000, 0x0000000711600000|100%| E|CS|TAMS 0x0000000711400000| PB 0x0000000711400000| Complete 

Card table byte_map: [0x000002626a6f0000,0x000002626aef0000] _byte_map_base: 0x0000026266ee5000

Marking Bits: (CMBitMap*) 0x0000026252842f20
 Bits: [0x000002626aef0000, 0x000002626ee98000)

Polling page: 0x0000026250890000

Metaspace:

Usage:
  Non-class:      2.55 MB used.
      Class:    280.95 KB used.
       Both:      2.82 MB used.

Virtual space:
  Non-class space:       64.00 MB reserved,       2.62 MB (  4%) committed,  1 nodes.
      Class space:        1.00 GB reserved,     384.00 KB ( <1%) committed,  1 nodes.
             Both:        1.06 GB reserved,       3.00 MB ( <1%) committed. 

Chunk freelists:
   Non-Class:  10.89 MB
       Class:  15.58 MB
        Both:  26.47 MB

MaxMetaspaceSize: unlimited
CompressedClassSpaceSize: 1.00 GB
Initial GC threshold: 21.00 MB
Current GC threshold: 21.00 MB
CDS: on
 - commit_granule_bytes: 65536.
 - commit_granule_words: 8192.
 - virtual_space_node_default_size: 8388608.
 - enlarge_chunks_in_place: 1.
 - use_allocation_guard: 0.


Internal statistics:

num_allocs_failed_limit: 0.
num_arena_births: 48.
num_arena_deaths: 0.
num_vsnodes_births: 2.
num_vsnodes_deaths: 0.
num_space_committed: 48.
num_space_uncommitted: 0.
num_chunks_returned_to_freelist: 0.
num_chunks_taken_from_freelist: 118.
num_chunk_merges: 0.
num_chunk_splits: 72.
num_chunks_enlarged: 53.
num_inconsistent_stats: 0.

CodeHeap 'non-profiled nmethods': size=120000Kb used=258Kb max_used=258Kb free=119741Kb
 bounds [0x00000262629c0000, 0x0000026262c30000, 0x0000026269ef0000]
CodeHeap 'profiled nmethods': size=120000Kb used=1538Kb max_used=1538Kb free=118461Kb
 bounds [0x000002625aef0000, 0x000002625b160000, 0x0000026262420000]
CodeHeap 'non-nmethods': size=5760Kb used=1303Kb max_used=1303Kb free=4456Kb
 bounds [0x0000026262420000, 0x0000026262690000, 0x00000262629c0000]
CodeCache: size=245760Kb, used=3099Kb, max_used=3099Kb, free=242658Kb
 total_blobs=1284, nmethods=834, adapters=353, full_count=0
Compilation: enabled, stopped_count=0, restarted_count=0

Compilation events (20 events):
Event: 2.838 Thread 0x00000262713c3ca0 nmethod 820 0x000002625b056590 code [0x000002625b0567a0, 0x000002625b056e50]
Event: 2.847 Thread 0x000002627138d600 nmethod 812 0x00000262629ff590 code [0x00000262629ff7c0, 0x0000026262a00170]
Event: 2.848 Thread 0x000002627138d600  818       4       java.lang.StringUTF16::getChar (60 bytes)
Event: 2.850 Thread 0x000002627138d600 nmethod 818 0x0000026262a00810 code [0x0000026262a009a0, 0x0000026262a00a90]
Event: 2.851 Thread 0x000002627138d600  821   !   4       jdk.internal.loader.URLClassPath$JarLoader::getResource (40 bytes)
Event: 2.851 Thread 0x00000262713c3ca0  822   !   3       java.util.zip.ZipFile$ZipFileInflaterInputStream::close (67 bytes)
Event: 2.852 Thread 0x00000262713c3ca0 nmethod 822 0x000002625b057110 code [0x000002625b057360, 0x000002625b057bd8]
Event: 2.852 Thread 0x00000262713c3ca0  823       3       jdk.internal.ref.PhantomCleanable::clean (16 bytes)
Event: 2.852 Thread 0x00000262713c3ca0 nmethod 823 0x000002625b057f90 code [0x000002625b058160, 0x000002625b058440]
Event: 2.852 Thread 0x00000262713c3ca0  824       3       jdk.internal.ref.CleanerImpl$PhantomCleanableRef::performCleanup (10 bytes)
Event: 2.853 Thread 0x00000262713c3ca0 nmethod 824 0x000002625b058510 code [0x000002625b0586c0, 0x000002625b0588a0]
Event: 2.853 Thread 0x00000262713c3ca0  825   !   3       java.util.zip.ZipFile::getInputStream (275 bytes)
Event: 2.855 Thread 0x00000262713c3ca0 nmethod 825 0x000002625b058990 code [0x000002625b058ca0, 0x000002625b059e20]
Event: 2.855 Thread 0x00000262713c3ca0  826       3       java.util.zip.ZipFile$ZipFileInputStream::<init> (96 bytes)
Event: 2.856 Thread 0x00000262713c3ca0 nmethod 826 0x000002625b05a910 code [0x000002625b05ab60, 0x000002625b05b590]
Event: 2.857 Thread 0x00000262713c3ca0  827   !   3       java.util.zip.ZipFile$CleanableResource::getInflater (47 bytes)
Event: 2.857 Thread 0x00000262713c3ca0 nmethod 827 0x000002625b05ba10 code [0x000002625b05bc00, 0x000002625b05c118]
Event: 2.859 Thread 0x00000262713c3ca0  828       3       sun.net.www.protocol.file.Handler::parseURL (18 bytes)
Event: 2.859 Thread 0x00000262713c3ca0 nmethod 828 0x000002625b05c310 code [0x000002625b05c4c0, 0x000002625b05c680]
Event: 2.859 Thread 0x00000262713c3ca0  829       3       java.net.URLStreamHandler::parseURL (1124 bytes)

GC Heap History (0 events):
No events

Dll operation events (8 events):
Event: 0.048 Loaded shared library C:\Program Files\Eclipse Adoptium\jdk-21.0.10.7-hotspot\bin\java.dll
Event: 0.155 Loaded shared library C:\Program Files\Eclipse Adoptium\jdk-21.0.10.7-hotspot\bin\jsvml.dll
Event: 0.226 Loaded shared library C:\Program Files\Eclipse Adoptium\jdk-21.0.10.7-hotspot\bin\net.dll
Event: 0.231 Loaded shared library C:\Program Files\Eclipse Adoptium\jdk-21.0.10.7-hotspot\bin\nio.dll
Event: 0.239 Loaded shared library C:\Program Files\Eclipse Adoptium\jdk-21.0.10.7-hotspot\bin\zip.dll
Event: 0.797 Loaded shared library C:\Program Files (x86)\Apache\Maven\apache-maven-3.9.12\lib\jansi-native\Windows\x86_64\jansi.dll
Event: 0.935 Loaded shared library C:\Program Files\Eclipse Adoptium\jdk-21.0.10.7-hotspot\bin\verify.dll
Event: 1.005 Loaded shared library C:\Program Files\Eclipse Adoptium\jdk-21.0.10.7-hotspot\bin\jimage.dll

Deoptimization events (20 events):
Event: 2.387 Thread 0x0000026250552560 DEOPT PACKING pc=0x000002625af4c849 sp=0x0000008c2f5fe600
Event: 2.387 Thread 0x0000026250552560 DEOPT UNPACKING pc=0x0000026262474bc2 sp=0x0000008c2f5fda88 mode 0
Event: 2.439 Thread 0x0000026250552560 DEOPT PACKING pc=0x000002625af4c849 sp=0x0000008c2f5fa9c0
Event: 2.439 Thread 0x0000026250552560 DEOPT UNPACKING pc=0x0000026262474bc2 sp=0x0000008c2f5f9e48 mode 0
Event: 2.820 Thread 0x0000026250552560 Uncommon trap: trap_request=0xffffff45 fr.pc=0x00000262629fd108 relative=0x00000000000007c8
Event: 2.820 Thread 0x0000026250552560 Uncommon trap: reason=unstable_if action=reinterpret pc=0x00000262629fd108 method=java.util.regex.Matcher.search(I)Z @ 30 c2
Event: 2.820 Thread 0x0000026250552560 DEOPT PACKING pc=0x00000262629fd108 sp=0x0000008c2f5fe040
Event: 2.820 Thread 0x0000026250552560 DEOPT UNPACKING pc=0x0000026262474422 sp=0x0000008c2f5fe020 mode 2
Event: 2.831 Thread 0x0000026250552560 Uncommon trap: trap_request=0xffffff45 fr.pc=0x00000262629d08ec relative=0x000000000000050c
Event: 2.831 Thread 0x0000026250552560 Uncommon trap: reason=unstable_if action=reinterpret pc=0x00000262629d08ec method=java.lang.StringLatin1.canEncode(C)Z @ 4 c2
Event: 2.831 Thread 0x0000026250552560 DEOPT PACKING pc=0x00000262629d08ec sp=0x0000008c2f5fe670
Event: 2.831 Thread 0x0000026250552560 DEOPT UNPACKING pc=0x0000026262474422 sp=0x0000008c2f5fe5a0 mode 2
Event: 2.831 Thread 0x0000026250552560 Uncommon trap: trap_request=0xffffff45 fr.pc=0x00000262629d1dd8 relative=0x00000000000004f8
Event: 2.831 Thread 0x0000026250552560 Uncommon trap: reason=unstable_if action=reinterpret pc=0x00000262629d1dd8 method=java.lang.AbstractStringBuilder.isLatin1()Z @ 10 c2
Event: 2.831 Thread 0x0000026250552560 DEOPT PACKING pc=0x00000262629d1dd8 sp=0x0000008c2f5fe690
Event: 2.831 Thread 0x0000026250552560 DEOPT UNPACKING pc=0x0000026262474422 sp=0x0000008c2f5fe620 mode 2
Event: 2.831 Thread 0x0000026250552560 Uncommon trap: trap_request=0xffffff45 fr.pc=0x00000262629e2f8c relative=0x000000000000006c
Event: 2.831 Thread 0x0000026250552560 Uncommon trap: reason=unstable_if action=reinterpret pc=0x00000262629e2f8c method=java.lang.AbstractStringBuilder.isLatin1()Z @ 10 c2
Event: 2.831 Thread 0x0000026250552560 DEOPT PACKING pc=0x00000262629e2f8c sp=0x0000008c2f5fe690
Event: 2.831 Thread 0x0000026250552560 DEOPT UNPACKING pc=0x0000026262474422 sp=0x0000008c2f5fe620 mode 2

Classes loaded (20 events):
Event: 2.479 Loading class java/util/concurrent/locks/ReentrantReadWriteLock$Sync done
Event: 2.479 Loading class java/util/concurrent/locks/ReentrantReadWriteLock$NonfairSync done
Event: 2.479 Loading class java/util/concurrent/locks/ReentrantReadWriteLock$Sync$ThreadLocalHoldCounter
Event: 2.480 Loading class java/util/concurrent/locks/ReentrantReadWriteLock$Sync$ThreadLocalHoldCounter done
Event: 2.480 Loading class java/util/concurrent/locks/ReentrantReadWriteLock$ReadLock
Event: 2.480 Loading class java/util/concurrent/locks/ReentrantReadWriteLock$ReadLock done
Event: 2.480 Loading class java/util/concurrent/locks/ReentrantReadWriteLock$WriteLock
Event: 2.480 Loading class java/util/concurrent/locks/ReentrantReadWriteLock$WriteLock done
Event: 2.489 Loading class java/text/ParseException
Event: 2.490 Loading class java/text/ParseException done
Event: 2.515 Loading class sun/util/calendar/ZoneInfoFile$Checksum
Event: 2.519 Loading class sun/util/calendar/ZoneInfoFile$Checksum done
Event: 2.529 Loading class jdk/internal/module/ModulePatcher$PatchedModuleReader
Event: 2.530 Loading class jdk/internal/module/ModulePatcher$PatchedModuleReader done
Event: 2.530 Loading class sun/net/www/protocol/jrt/Handler
Event: 2.530 Loading class sun/net/www/protocol/jrt/Handler done
Event: 2.827 Loading class sun/text/resources/cldr/FormatData_en
Event: 2.828 Loading class sun/text/resources/cldr/FormatData_en done
Event: 2.828 Loading class sun/text/resources/cldr/FormatData_en_US
Event: 2.828 Loading class sun/text/resources/cldr/FormatData_en_US done

Classes unloaded (0 events):
No events

Classes redefined (0 events):
No events

Internal exceptions (20 events):
Event: 0.835 Thread 0x0000026250552560 Exception <a 'java/lang/NoSuchMethodError'{0x000000071110e8b0}: 'void java.lang.invoke.DirectMethodHandle$Holder.invokeStatic(java.lang.Object, long, java.lang.Object)'> (0x000000071110e8b0) 
thrown [s\src\hotspot\share\interpreter\linkResolver.cpp, line 773]
Event: 0.840 Thread 0x0000026250552560 Exception <a 'java/lang/NoSuchMethodError'{0x0000000711114268}: 'java.lang.Object java.lang.invoke.DirectMethodHandle$Holder.newInvokeSpecial(java.lang.Object, long, java.lang.Object)'> (0x0000000711114268) 
thrown [s\src\hotspot\share\interpreter\linkResolver.cpp, line 773]
Event: 0.854 Thread 0x0000026250552560 Exception <a 'java/lang/NullPointerException'{0x000000071111fcb8}> (0x000000071111fcb8) 
thrown [s\src\hotspot\share\interpreter\linkResolver.cpp, line 1372]
Event: 0.854 Thread 0x0000026250552560 Exception <a 'java/lang/NullPointerException'{0x000000071111ff98}> (0x000000071111ff98) 
thrown [s\src\hotspot\share\interpreter\linkResolver.cpp, line 1372]
Event: 0.854 Thread 0x0000026250552560 Exception <a 'java/lang/NullPointerException'{0x0000000711120278}> (0x0000000711120278) 
thrown [s\src\hotspot\share\interpreter\linkResolver.cpp, line 1372]
Event: 0.858 Thread 0x0000026250552560 Exception <a 'java/lang/NullPointerException'{0x0000000711126198}> (0x0000000711126198) 
thrown [s\src\hotspot\share\interpreter\linkResolver.cpp, line 1372]
Event: 0.903 Thread 0x0000026250552560 Exception <a 'java/lang/NullPointerException'{0x000000071113a540}> (0x000000071113a540) 
thrown [s\src\hotspot\share\interpreter\linkResolver.cpp, line 1372]
Event: 0.903 Thread 0x0000026250552560 Exception <a 'java/lang/NullPointerException'{0x000000071113a820}> (0x000000071113a820) 
thrown [s\src\hotspot\share\interpreter\linkResolver.cpp, line 1372]
Event: 0.903 Thread 0x0000026250552560 Exception <a 'java/lang/NullPointerException'{0x000000071113ab00}> (0x000000071113ab00) 
thrown [s\src\hotspot\share\interpreter\linkResolver.cpp, line 1372]
Event: 0.903 Thread 0x0000026250552560 Exception <a 'java/lang/NullPointerException'{0x000000071113ade0}> (0x000000071113ade0) 
thrown [s\src\hotspot\share\interpreter\linkResolver.cpp, line 1372]
Event: 0.930 Thread 0x0000026250552560 Exception <a 'sun/nio/fs/WindowsException'{0x0000000711166068}> (0x0000000711166068) 
thrown [s\src\hotspot\share\prims\jni.cpp, line 520]
Event: 0.931 Thread 0x0000026250552560 Exception <a 'sun/nio/fs/WindowsException'{0x0000000711166888}> (0x0000000711166888) 
thrown [s\src\hotspot\share\prims\jni.cpp, line 520]
Event: 0.931 Thread 0x0000026250552560 Exception <a 'sun/nio/fs/WindowsException'{0x0000000711166e20}> (0x0000000711166e20) 
thrown [s\src\hotspot\share\prims\jni.cpp, line 520]
Event: 0.932 Thread 0x0000026250552560 Exception <a 'sun/nio/fs/WindowsException'{0x0000000711167378}> (0x0000000711167378) 
thrown [s\src\hotspot\share\prims\jni.cpp, line 520]
Event: 0.932 Thread 0x0000026250552560 Exception <a 'sun/nio/fs/WindowsException'{0x0000000711167838}> (0x0000000711167838) 
thrown [s\src\hotspot\share\prims\jni.cpp, line 520]
Event: 0.955 Thread 0x0000026250552560 Exception <a 'java/lang/NoSuchMethodError'{0x00000007111aae30}: 'void java.lang.invoke.DirectMethodHandle$Holder.invokeVirtual(java.lang.Object, java.lang.Object)'> (0x00000007111aae30) 
thrown [s\src\hotspot\share\interpreter\linkResolver.cpp, line 773]
Event: 0.965 Thread 0x0000026250552560 Exception <a 'java/lang/NoSuchMethodError'{0x00000007111c6f60}: 'void java.lang.invoke.DirectMethodHandle$Holder.invokeStatic(java.lang.Object, java.lang.Object)'> (0x00000007111c6f60) 
thrown [s\src\hotspot\share\interpreter\linkResolver.cpp, line 773]
Event: 0.965 Thread 0x0000026250552560 Exception <a 'java/lang/NoSuchMethodError'{0x00000007111ca2c0}: 'void java.lang.invoke.DirectMethodHandle$Holder.invokeStaticInit(java.lang.Object, java.lang.Object)'> (0x00000007111ca2c0) 
thrown [s\src\hotspot\share\interpreter\linkResolver.cpp, line 773]
Event: 0.997 Thread 0x0000026250552560 Exception <a 'java/lang/NoSuchMethodError'{0x0000000710e13a50}: 'void java.lang.invoke.DirectMethodHandle$Holder.invokeStatic(java.lang.Object, java.lang.Object, java.lang.Object)'> (0x0000000710e13a50) 
thrown [s\src\hotspot\share\interpreter\linkResolver.cpp, line 773]
Event: 2.423 Thread 0x0000026250552560 Exception <a 'java/lang/NoSuchMethodError'{0x0000000710fdaec0}: 'java.lang.Object java.lang.invoke.DirectMethodHandle$Holder.invokeSpecialIFC(java.lang.Object, java.lang.Object, java.lang.Object, java.lang.Object)'> (0x0000000710fdaec0) 
thrown [s\src\hotspot\share\interpreter\linkResolver.cpp, line 773]

ZGC Phase Switch (0 events):
No events

VM Operations (8 events):
Event: 0.242 Executing non-safepoint VM operation: HandshakeAllThreads (Deoptimize)
Event: 0.242 Executing non-safepoint VM operation: HandshakeAllThreads (Deoptimize) done
Event: 0.780 Executing non-safepoint VM operation: HandshakeAllThreads (Deoptimize)
Event: 0.780 Executing non-safepoint VM operation: HandshakeAllThreads (Deoptimize) done
Event: 1.011 Executing non-safepoint VM operation: HandshakeAllThreads (Deoptimize)
Event: 2.208 Executing non-safepoint VM operation: HandshakeAllThreads (Deoptimize) done
Event: 2.208 Executing safepoint VM operation: Cleanup
Event: 2.271 Executing safepoint VM operation: Cleanup done

Memory protections (0 events):
No events

Nmethod flushes (0 events):
No events

Events (12 events):
Event: 0.085 Thread 0x0000026250552560 Thread added: 0x0000026250552560
Event: 0.126 Thread 0x0000026250552560 Thread added: 0x0000026271385a40
Event: 0.126 Thread 0x0000026250552560 Thread added: 0x00000262713871c0
Event: 0.127 Thread 0x0000026250552560 Thread added: 0x000002627138a950
Event: 0.127 Thread 0x0000026250552560 Thread added: 0x000002627138b3b0
Event: 0.127 Thread 0x0000026250552560 Thread added: 0x000002627138be10
Event: 0.127 Thread 0x0000026250552560 Thread added: 0x000002627138c870
Event: 0.127 Thread 0x0000026250552560 Thread added: 0x000002627138d600
Event: 0.133 Thread 0x0000026250552560 Thread added: 0x00000262713c3ca0
Event: 0.210 Thread 0x0000026250552560 Thread added: 0x00000262714dac80
Event: 0.218 Thread 0x0000026250552560 Thread added: 0x00000262714ea4f0
Event: 0.791 Thread 0x0000026250552560 Thread added: 0x000002627173aa20


Dynamic libraries:
0x00007ff661430000 - 0x00007ff66143e000 	C:\Program Files\Eclipse Adoptium\jdk-21.0.10.7-hotspot\bin\java.exe
0x00007ffb16b20000 - 0x00007ffb16d87000 	C:\WINDOWS\SYSTEM32\ntdll.dll
0x00007ffb14890000 - 0x00007ffb14959000 	C:\WINDOWS\System32\KERNEL32.DLL
0x00007ffb13fa0000 - 0x00007ffb14394000 	C:\WINDOWS\System32\KERNELBASE.dll
0x00007ffb14600000 - 0x00007ffb1474b000 	C:\WINDOWS\System32\ucrtbase.dll
0x00007ffae3e80000 - 0x00007ffae3e98000 	C:\Program Files\Eclipse Adoptium\jdk-21.0.10.7-hotspot\bin\jli.dll
0x00007ffb16860000 - 0x00007ffb16a25000 	C:\WINDOWS\System32\USER32.dll
0x00007ffb143a0000 - 0x00007ffb143c7000 	C:\WINDOWS\System32\win32u.dll
0x00007ffb16a80000 - 0x00007ffb16aab000 	C:\WINDOWS\System32\GDI32.dll
0x00007ffb14750000 - 0x00007ffb1487a000 	C:\WINDOWS\System32\gdi32full.dll
0x00007ffb135d0000 - 0x00007ffb13673000 	C:\WINDOWS\System32\msvcp_win.dll
0x00007ffae3e60000 - 0x00007ffae3e7e000 	C:\Program Files\Eclipse Adoptium\jdk-21.0.10.7-hotspot\bin\VCRUNTIME140.dll
0x00007ffb125c0000 - 0x00007ffb12853000 	C:\WINDOWS\WinSxS\amd64_microsoft.windows.common-controls_6595b64144ccf1df_6.0.26100.8115_none_3e075c82e3354f9c\COMCTL32.dll
0x00007ffb161e0000 - 0x00007ffb16289000 	C:\WINDOWS\System32\msvcrt.dll
0x00007ffb16000000 - 0x00007ffb16032000 	C:\WINDOWS\System32\IMM32.DLL
0x00007ffafb8e0000 - 0x00007ffafb8ec000 	C:\Program Files\Eclipse Adoptium\jdk-21.0.10.7-hotspot\bin\vcruntime140_1.dll
0x00007ffa9f720000 - 0x00007ffa9f7ad000 	C:\Program Files\Eclipse Adoptium\jdk-21.0.10.7-hotspot\bin\msvcp140.dll
0x00007ffa1c680000 - 0x00007ffa1d421000 	C:\Program Files\Eclipse Adoptium\jdk-21.0.10.7-hotspot\bin\server\jvm.dll
0x00007ffb153c0000 - 0x00007ffb15476000 	C:\WINDOWS\System32\ADVAPI32.dll
0x00007ffb14ff0000 - 0x00007ffb15097000 	C:\WINDOWS\System32\sechost.dll
0x00007ffb149c0000 - 0x00007ffb14ad8000 	C:\WINDOWS\System32\RPCRT4.dll
0x00007ffb15d50000 - 0x00007ffb15dd0000 	C:\WINDOWS\System32\WS2_32.dll
0x00007ffb13240000 - 0x00007ffb1329e000 	C:\WINDOWS\SYSTEM32\POWRPROF.dll
0x00007ffaf5240000 - 0x00007ffaf5276000 	C:\WINDOWS\SYSTEM32\WINMM.dll
0x00007ffb03520000 - 0x00007ffb0352b000 	C:\WINDOWS\SYSTEM32\VERSION.dll
0x00007ffb13200000 - 0x00007ffb13214000 	C:\WINDOWS\SYSTEM32\UMPDC.dll
0x00007ffb117e0000 - 0x00007ffb117fb000 	C:\WINDOWS\SYSTEM32\kernel.appcore.dll
0x00007ffaf40c0000 - 0x00007ffaf40ca000 	C:\Program Files\Eclipse Adoptium\jdk-21.0.10.7-hotspot\bin\jimage.dll
0x00007ffb12b70000 - 0x00007ffb12db2000 	C:\WINDOWS\SYSTEM32\DBGHELP.DLL
0x00007ffb163e0000 - 0x00007ffb16762000 	C:\WINDOWS\System32\combase.dll
0x00007ffb15de0000 - 0x00007ffb15eb7000 	C:\WINDOWS\System32\OLEAUT32.dll
0x00007ffb12a60000 - 0x00007ffb12a9b000 	C:\WINDOWS\SYSTEM32\dbgcore.DLL
0x00007ffb13680000 - 0x00007ffb13725000 	C:\WINDOWS\System32\bcryptPrimitives.dll
0x00007ffae25b0000 - 0x00007ffae25d0000 	C:\Program Files\Eclipse Adoptium\jdk-21.0.10.7-hotspot\bin\java.dll
0x00007ffb155e0000 - 0x00007ffb15d46000 	C:\WINDOWS\System32\SHELL32.dll
0x00007ffb143d0000 - 0x00007ffb1453a000 	C:\WINDOWS\System32\wintypes.dll
0x00007ffb13730000 - 0x00007ffb13f95000 	C:\WINDOWS\System32\windows.storage.dll
0x00007ffb15f00000 - 0x00007ffb15ff7000 	C:\WINDOWS\System32\SHCORE.dll
0x00007ffb167f0000 - 0x00007ffb16856000 	C:\WINDOWS\System32\shlwapi.dll
0x00007ffb132e0000 - 0x00007ffb13309000 	C:\WINDOWS\SYSTEM32\profapi.dll
0x00007ffa9f640000 - 0x00007ffa9f717000 	C:\Program Files\Eclipse Adoptium\jdk-21.0.10.7-hotspot\bin\jsvml.dll
0x00007ffaf3e40000 - 0x00007ffaf3e50000 	C:\Program Files\Eclipse Adoptium\jdk-21.0.10.7-hotspot\bin\net.dll
0x00007ffb04a30000 - 0x00007ffb04b5d000 	C:\WINDOWS\SYSTEM32\WINHTTP.dll
0x00007ffb11cf0000 - 0x00007ffb11d5c000 	C:\WINDOWS\system32\mswsock.dll
0x00007ffae1950000 - 0x00007ffae1966000 	C:\Program Files\Eclipse Adoptium\jdk-21.0.10.7-hotspot\bin\nio.dll
0x00007ffae16d0000 - 0x00007ffae16e8000 	C:\Program Files\Eclipse Adoptium\jdk-21.0.10.7-hotspot\bin\zip.dll
0x00007ffaa76b0000 - 0x00007ffaa76d4000 	C:\Program Files (x86)\Apache\Maven\apache-maven-3.9.12\lib\jansi-native\Windows\x86_64\jansi.dll
0x00007ffaf1f00000 - 0x00007ffaf1f10000 	C:\Program Files\Eclipse Adoptium\jdk-21.0.10.7-hotspot\bin\verify.dll

JVMTI agents: none

dbghelp: loaded successfully - version: 4.0.5 - missing functions: none
symbol engine: initialized successfully - sym options: 0x614 - pdb path: .;C:\Program Files\Eclipse Adoptium\jdk-21.0.10.7-hotspot\bin;C:\WINDOWS\SYSTEM32;C:\WINDOWS\WinSxS\amd64_microsoft.windows.common-controls_6595b64144ccf1df_6.0.26100.8115_none_3e075c82e3354f9c;C:\Program Files\Eclipse Adoptium\jdk-21.0.10.7-hotspot\bin\server;C:\Program Files (x86)\Apache\Maven\apache-maven-3.9.12\lib\jansi-native\Windows\x86_64

VM Arguments:
jvm_args: --enable-native-access=ALL-UNNAMED -Dclassworlds.conf=C:\Program Files (x86)\Apache\Maven\apache-maven-3.9.12\bin\m2.conf -Dmaven.home=C:\Program Files (x86)\Apache\Maven\apache-maven-3.9.12 -Dlibrary.jansi.path=C:\Program Files (x86)\Apache\Maven\apache-maven-3.9.12\lib\jansi-native -Dmaven.multiModuleProjectDirectory=D:\PAF Project\New folder (2)\IT3030-PAF-2026-smart-campus-NUSLIIT_JFN3\backend 
java_command: org.codehaus.plexus.classworlds.launcher.Launcher spring-boot:run
java_class_path (initial): C:\Program Files (x86)\Apache\Maven\apache-maven-3.9.12\boot\plexus-classworlds-2.9.0.jar
Launcher Type: SUN_STANDARD

[Global flags]
     intx CICompilerCount                          = 3                                         {product} {ergonomic}
     uint ConcGCThreads                            = 1                                         {product} {ergonomic}
     uint G1ConcRefinementThreads                  = 4                                         {product} {ergonomic}
   size_t G1HeapRegionSize                         = 2097152                                   {product} {ergonomic}
    uintx GCDrainStackTargetSize                   = 64                                        {product} {ergonomic}
   size_t InitialHeapSize                          = 268435456                                 {product} {ergonomic}
   size_t MarkStackSize                            = 4194304                                   {product} {ergonomic}
   size_t MaxHeapSize                              = 4271898624                                {product} {ergonomic}
   size_t MaxNewSize                               = 2562719744                                {product} {ergonomic}
   size_t MinHeapDeltaBytes                        = 2097152                                   {product} {ergonomic}
   size_t MinHeapSize                              = 8388608                                   {product} {ergonomic}
    uintx NonNMethodCodeHeapSize                   = 5832780                                {pd product} {ergonomic}
    uintx NonProfiledCodeHeapSize                  = 122912730                              {pd product} {ergonomic}
    uintx ProfiledCodeHeapSize                     = 122912730                              {pd product} {ergonomic}
    uintx ReservedCodeCacheSize                    = 251658240                              {pd product} {ergonomic}
     bool SegmentedCodeCache                       = true                                      {product} {ergonomic}
   size_t SoftMaxHeapSize                          = 4271898624                             {manageable} {ergonomic}
     bool UseCompressedOops                        = true                           {product lp64_product} {ergonomic}
     bool UseG1GC                                  = true                                      {product} {ergonomic}
     bool UseLargePagesIndividualAllocation        = false                                  {pd product} {ergonomic}

Logging:
Log output configuration:
 #0: stdout all=warning uptime,level,tags foldmultilines=false
 #1: stderr all=off uptime,level,tags foldmultilines=false

Release file:
IMPLEMENTOR="Eclipse Adoptium" 
IMPLEMENTOR_VERSION="Temurin-21.0.10+7" 
JAVA_RUNTIME_VERSION="21.0.10+7-LTS" 
JAVA_VERSION="21.0.10" 
JAVA_VERSION_DATE="2026-01-20" 
LIBC="default" 
MODULES="java.base java.compiler java.datatransfer java.xml java.prefs java.desktop java.instrument java.logging java.management java.security.sasl java.naming java.rmi java.management.rmi java.net.http java.scripting java.security.jgss java.transaction.xa java.sql java.sql.rowset java.xml.crypto java.se java.smartcardio jdk.accessibility jdk.internal.jvmstat jdk.attach jdk.charsets jdk.internal.opt jdk.zipfs jdk.compiler jdk.crypto.ec jdk.crypto.cryptoki jdk.crypto.mscapi jdk.dynalink jdk.internal.ed jdk.editpad jdk.hotspot.agent jdk.httpserver jdk.incubator.vector jdk.internal.le jdk.internal.vm.ci jdk.internal.vm.compiler jdk.internal.vm.compiler.management jdk.jartool jdk.javadoc jdk.jcmd jdk.management jdk.management.agent jdk.jconsole jdk.jdeps jdk.jdwp.agent jdk.jdi jdk.jfr jdk.jlink jdk.jpackage jdk.jshell jdk.jsobject jdk.jstatd jdk.localedata jdk.management.jfr jdk.naming.dns jdk.naming.rmi jdk.net jdk.nio.mapmode jdk.random jdk.sctp jdk.security.auth jdk.security.jgss jdk.unsupported jdk.unsupported.desktop jdk.xml.dom" 
OS_ARCH="x86_64" 
OS_NAME="Windows" 
SOURCE=".:git:a633eafe0fcc" 
BUILD_SOURCE="git:458965074606f027bd5afce2cfd5c1055dea0438"
BUILD_SOURCE_REPO="https://github.com/adoptium/temurin-build.git"
SOURCE_REPO="https://github.com/adoptium/jdk21u.git"
FULL_VERSION="21.0.10+7-LTS"
SEMANTIC_VERSION="21.0.10+7"
BUILD_INFO="OS: Windows Server 2022 Version: 10.0"
JVM_VARIANT="Hotspot"
JVM_VERSION="21.0.10+7-LTS"
IMAGE_TYPE="JDK"

Environment Variables:
JAVA_HOME=C:\Program Files\Eclipse Adoptium\jdk-21.0.10.7-hotspot\
PATH=C:\Program Files\Eclipse Adoptium\jdk-21.0.10.7-hotspot\bin;C:\Program Files\Eclipse Adoptium\jdk-17.0.18.8-hotspot\bin;C:\Oracal_db_Home\bin;C:\WINDOWS\system32;C:\WINDOWS;C:\WINDOWS\System32\Wbem;C:\WINDOWS\System32\WindowsPowerShell\v1.0\;C:\WINDOWS\System32\OpenSSH\;C:\Program Files\Microsoft SQL Server\Client SDK\ODBC\180\Tools\Binn\;C:\Program Files\Microsoft SQL Server\Client SDK\ODBC\170\Tools\Binn\;C:\Program Files\dotnet\;C:\Program Files (x86)\Microsoft SQL Server\160\DTS\Binn\;C:\Program Files\Azure Data Studio\bin;C:\Program Files\Microsoft SQL Server\170\DTS\Binn\;C:\Program Files\Microsoft SQL Server\130\DTS\Binn\;C:\Program Files\Microsoft SQL Server\140\DTS\Binn\;C:\Program Files\Microsoft SQL Server\150\DTS\Binn\;C:\Program Files\Microsoft SQL Server\160\DTS\Binn\;C:\Program Files (x86)\Microsoft SQL Server\170\Tools\Binn\;C:\Program Files\Microsoft SQL Server\170\Tools\Binn\;C:\Program Files (x86)\Apache\Maven\apache-maven-3.9.12\bin;C:\Program Files\Eclipse Adoptium\jdk-21.0.10.7-hotspot\\bin;C:\Program Files\nodejs\;C:\Program Files\Git\cmd;C:\Users\HP\AppData\Local\Programs\Python\Python312\Scripts\;C:\Users\HP\AppData\Local\Programs\Python\Python312\;C:\Users\HP\AppData\Local\Programs\Python\Launcher\;C:\Users\HP\AppData\Local\Microsoft\WindowsApps;C:\Users\HP\AppData\Local\Programs\Qoder\bin;C:\Users\HP\AppData\Local\Programs\Microsoft VS Code\bin;C:\Users\HP\.dotnet\tools;C:\Program Files\Azure Data Studio\bin;C:\Users\HP\AppData\Roaming\npm;D:\Software\Antigravity\bin;c:\Users\HP\.antigravity\extensions\ms-python.debugpy-2025.18.0-win32-x64\bundled\scripts\noConfigScripts
USERNAME=HP
LANG=en_US.UTF-8
OS=Windows_NT
PROCESSOR_IDENTIFIER=Intel64 Family 6 Model 142 Stepping 10, GenuineIntel
TMP=C:\Users\HP\AppData\Local\Temp
TEMP=C:\Users\HP\AppData\Local\Temp




Periodic native trim disabled

---------------  S Y S T E M  ---------------

OS:
 Windows 11 , 64 bit Build 26100 (10.0.26100.8115)
OS uptime: 0 days 15:06 hours
Hyper-V role detected

CPU: total 4 (initial active 4) (2 cores per cpu, 2 threads per core) family 6 model 142 stepping 10 microcode 0xe0, cx8, cmov, fxsr, ht, mmx, 3dnowpref, sse, sse2, sse3, ssse3, sse4.1, sse4.2, popcnt, lzcnt, tsc, tscinvbit, avx, avx2, aes, erms, clmul, bmi1, bmi2, adx, fma, vzeroupper, clflush, clflushopt, hv, rdtscp, f16c
Processor Information for the first 4 processors :
  Max Mhz: 2201, Current Mhz: 2201, Mhz Limit: 2201

Memory: 4k page, system-wide physical 16295M (500M free)
TotalPageFile size 35347M (AvailPageFile size 3M)
current process WorkingSet (physical memory assigned to process): 63M, peak: 63M
current process commit charge ("private bytes"): 344M, peak: 344M

vm_info: OpenJDK 64-Bit Server VM (21.0.10+7-LTS) for windows-amd64 JRE (21.0.10+7-LTS), built on 2026-01-20T00:00:00Z by "admin" with MS VC++ 17.12 (VS2022)

END.
