#
# There is insufficient memory for the Java Runtime Environment to continue.
# Native memory allocation (malloc) failed to allocate 1101600 bytes. Error detail: Chunk::new
# Possible reasons:
#   The system is out of physical RAM or swap space
#   This process is running with CompressedOops enabled, and the Java Heap may be blocking the growth of the native heap
# Possible solutions:
#   Reduce memory load on the system
#   Increase physical memory or swap space
#   Check if swap backing store is full
#   Decrease Java heap size (-Xmx/-Xms)
#   Decrease number of Java threads
#   Decrease Java thread stack sizes (-Xss)
#   Set larger code cache with -XX:ReservedCodeCacheSize=
#   JVM is running with Zero Based Compressed Oops mode in which the Java heap is
#     placed in the first 32GB address space. The Java Heap base address is the
#     maximum limit for the native heap growth. Please use -XX:HeapBaseMinAddress
#     to set the Java Heap base and to place the Java Heap above 32GB virtual address.
# This output file may be truncated or incomplete.
#
#  Out of Memory Error (arena.cpp:168), pid=19732, tid=13928
#
# JRE version: OpenJDK Runtime Environment Temurin-21.0.10+7 (21.0.10+7) (build 21.0.10+7-LTS)
# Java VM: OpenJDK 64-Bit Server VM Temurin-21.0.10+7 (21.0.10+7-LTS, mixed mode, sharing, tiered, compressed oops, compressed class ptrs, g1 gc, windows-amd64)
# No core dump will be written. Minidumps are not enabled by default on client versions of Windows
#

---------------  S U M M A R Y ------------

Command Line: --enable-native-access=ALL-UNNAMED -Dclassworlds.conf=C:\Program Files (x86)\Apache\Maven\apache-maven-3.9.12\bin\m2.conf -Dmaven.home=C:\Program Files (x86)\Apache\Maven\apache-maven-3.9.12 -Dlibrary.jansi.path=C:\Program Files (x86)\Apache\Maven\apache-maven-3.9.12\lib\jansi-native -Dmaven.multiModuleProjectDirectory=D:\PAF Project\New folder (2)\IT3030-PAF-2026-smart-campus-NUSLIIT_JFN3\backend org.codehaus.plexus.classworlds.launcher.Launcher spring-boot:run

Host: Intel(R) Core(TM) i3-8130U CPU @ 2.20GHz, 4 cores, 15G,  Windows 11 , 64 bit Build 26100 (10.0.26100.8115)
Time: Thu Apr  9 02:48:30 2026 Sri Lanka Standard Time elapsed time: 6.471230 seconds (0d 0h 0m 6s)

---------------  T H R E A D  ---------------

Current thread (0x00000201bf33cde0):  JavaThread "C2 CompilerThread1" daemon [_thread_in_native, id=13928, stack(0x0000004671500000,0x0000004671600000) (1024K)]


Current CompileTask:
C2:6471 3713       4       org.codehaus.plexus.util.xml.pull.MXParser::parseAttribute (1438 bytes)

Stack: [0x0000004671500000,0x0000004671600000]
Native frames: (J=compiled Java code, j=interpreted, Vv=VM code, C=native code)
V  [jvm.dll+0x6d7a39]
V  [jvm.dll+0x8b4b26]
V  [jvm.dll+0x8b70de]
V  [jvm.dll+0x8b77c3]
V  [jvm.dll+0x284346]
V  [jvm.dll+0xc66ed]
V  [jvm.dll+0xc6c31]
V  [jvm.dll+0x3bec3b]
V  [jvm.dll+0x38b162]
V  [jvm.dll+0x38a5aa]
V  [jvm.dll+0x24c560]
V  [jvm.dll+0x24bb40]
V  [jvm.dll+0x1cb34e]
V  [jvm.dll+0x25b85d]
V  [jvm.dll+0x259dea]
V  [jvm.dll+0x3f857e]
V  [jvm.dll+0x85f59d]
V  [jvm.dll+0x6d626d]
C  [ucrtbase.dll+0x37b0]
C  [KERNEL32.DLL+0x2e8d7]
C  [ntdll.dll+0x8c3fc]


---------------  P R O C E S S  ---------------

Threads class SMR info:
_java_thread_list=0x0000020205435820, length=13, elements={
0x000002019e4f4440, 0x00000201bf320080, 0x00000201bf323710, 0x00000201bf326120,
0x00000201bf326c20, 0x00000201bf32b2a0, 0x00000201bf32da50, 0x00000201bf338410,
0x00000201bf33eff0, 0x00000201bf475a50, 0x00000201bf478290, 0x000002020545ea10,
0x00000201bf33cde0
}

Java Threads: ( => current thread )
  0x000002019e4f4440 JavaThread "main"                              [_thread_in_vm, id=38892, stack(0x000000466ff00000,0x0000004670000000) (1024K)]
  0x00000201bf320080 JavaThread "Reference Handler"          daemon [_thread_blocked, id=40912, stack(0x0000004670700000,0x0000004670800000) (1024K)]
  0x00000201bf323710 JavaThread "Finalizer"                  daemon [_thread_blocked, id=40712, stack(0x0000004670800000,0x0000004670900000) (1024K)]
  0x00000201bf326120 JavaThread "Signal Dispatcher"          daemon [_thread_blocked, id=16380, stack(0x0000004670900000,0x0000004670a00000) (1024K)]
  0x00000201bf326c20 JavaThread "Attach Listener"            daemon [_thread_blocked, id=33092, stack(0x0000004670a00000,0x0000004670b00000) (1024K)]
  0x00000201bf32b2a0 JavaThread "Service Thread"             daemon [_thread_blocked, id=32396, stack(0x0000004670b00000,0x0000004670c00000) (1024K)]
  0x00000201bf32da50 JavaThread "Monitor Deflation Thread"   daemon [_thread_blocked, id=43516, stack(0x0000004670c00000,0x0000004670d00000) (1024K)]
  0x00000201bf338410 JavaThread "C2 CompilerThread0"         daemon [_thread_in_native, id=39032, stack(0x0000004670d00000,0x0000004670e00000) (1024K)]
  0x00000201bf33eff0 JavaThread "C1 CompilerThread0"         daemon [_thread_in_vm, id=27380, stack(0x0000004670e00000,0x0000004670f00000) (1024K)]
  0x00000201bf475a50 JavaThread "Notification Thread"        daemon [_thread_blocked, id=42816, stack(0x0000004670f00000,0x0000004671000000) (1024K)]
  0x00000201bf478290 JavaThread "Common-Cleaner"             daemon [_thread_blocked, id=41296, stack(0x0000004671000000,0x0000004671100000) (1024K)]
  0x000002020545ea10 JavaThread "Thread-1"                   daemon [_thread_blocked, id=28656, stack(0x0000004671400000,0x0000004671500000) (1024K)]
=>0x00000201bf33cde0 JavaThread "C2 CompilerThread1"         daemon [_thread_in_native, id=13928, stack(0x0000004671500000,0x0000004671600000) (1024K)]
Total: 13

Other Threads:
  0x00000201bf2f7880 VMThread "VM Thread"                           [id=35080, stack(0x0000004670600000,0x0000004670700000) (1024K)]
  0x00000201bf2e4650 WatcherThread "VM Periodic Task Thread"        [id=42648, stack(0x0000004670500000,0x0000004670600000) (1024K)]
  0x00000201a0793630 WorkerThread "GC Thread#0"                     [id=41420, stack(0x0000004670000000,0x0000004670100000) (1024K)]
  0x00000201bfaa59b0 WorkerThread "GC Thread#1"                     [id=18104, stack(0x0000004671100000,0x0000004671200000) (1024K)]
  0x00000201bfaa5d60 WorkerThread "GC Thread#2"                     [id=37996, stack(0x0000004671200000,0x0000004671300000) (1024K)]
  0x00000201bfa1ced0 WorkerThread "GC Thread#3"                     [id=42832, stack(0x0000004671300000,0x0000004671400000) (1024K)]
  0x00000201a07a4520 ConcurrentGCThread "G1 Main Marker"            [id=30260, stack(0x0000004670100000,0x0000004670200000) (1024K)]
  0x00000201a07a6b10 WorkerThread "G1 Conc#0"                       [id=17816, stack(0x0000004670200000,0x0000004670300000) (1024K)]
  0x00000201bf1ab340 ConcurrentGCThread "G1 Refine#0"               [id=36292, stack(0x0000004670300000,0x0000004670400000) (1024K)]
  0x00000201bf1ab780 ConcurrentGCThread "G1 Service"                [id=4032, stack(0x0000004670400000,0x0000004670500000) (1024K)]
Total: 10

Threads with active compile tasks:
C2 CompilerThread0  6537 3741       4       org.codehaus.plexus.util.xml.pull.MXParser::nextImpl (1208 bytes)
C2 CompilerThread1  6537 3713       4       org.codehaus.plexus.util.xml.pull.MXParser::parseAttribute (1438 bytes)
Total: 2

VM state: not at safepoint (normal execution)

VM Mutex/Monitor currently owned by a thread: None

Heap address: 0x0000000701600000, size: 4074 MB, Compressed Oops mode: Zero based, Oop shift amount: 3

CDS archive(s) mapped at: [0x00000201c0000000-0x00000201c0c80000-0x00000201c0c80000), size 13107200, SharedBaseAddress: 0x00000201c0000000, ArchiveRelocationMode: 1.
Compressed class space mapped at: 0x00000201c1000000-0x0000020201000000, reserved size: 1073741824
Narrow klass base: 0x00000201c0000000, Narrow klass shift: 0, Narrow klass range: 0x100000000

GC Precious Log:
 CardTable entry size: 512
 Card Set container configuration: InlinePtr #cards 4 size 8 Array Of Cards #cards 16 size 48 Howl #buckets 8 coarsen threshold 3686 Howl Bitmap #cards 512 size 80 coarsen threshold 460 Card regions per heap region 1 cards per card region 4096
 CPUs: 4 total, 4 available
 Memory: 16295M
 Large Page Support: Disabled
 NUMA Support: Disabled
 Compressed Oops: Enabled (Zero based)
 Heap Region Size: 2M
 Heap Min Capacity: 8M
 Heap Initial Capacity: 256M
 Heap Max Capacity: 4074M
 Pre-touch: Disabled
 Parallel Workers: 4
 Concurrent Workers: 1
 Concurrent Refinement Workers: 4
 Periodic GC: Disabled

Heap:
 garbage-first heap   total 262144K, used 69307K [0x0000000701600000, 0x0000000800000000)
  region size 2048K, 34 young (69632K), 2 survivors (4096K)
 Metaspace       used 15945K, committed 16192K, reserved 1114112K
  class space    used 1890K, committed 1984K, reserved 1048576K

Heap Regions: E=young(eden), S=young(survivor), O=old, HS=humongous(starts), HC=humongous(continues), CS=collection set, F=free, TAMS=top-at-mark-start, PB=parsable bottom
|   0|0x0000000701600000, 0x0000000701800000, 0x0000000701800000|100%| O|  |TAMS 0x0000000701600000| PB 0x0000000701600000| Untracked 
|   1|0x0000000701800000, 0x0000000701949078, 0x0000000701a00000| 64%| O|  |TAMS 0x0000000701800000| PB 0x0000000701800000| Untracked 
|   2|0x0000000701a00000, 0x0000000701a00000, 0x0000000701c00000|  0%| F|  |TAMS 0x0000000701a00000| PB 0x0000000701a00000| Untracked 
|   3|0x0000000701c00000, 0x0000000701c00000, 0x0000000701e00000|  0%| F|  |TAMS 0x0000000701c00000| PB 0x0000000701c00000| Untracked 
|   4|0x0000000701e00000, 0x0000000701e00000, 0x0000000702000000|  0%| F|  |TAMS 0x0000000701e00000| PB 0x0000000701e00000| Untracked 
|   5|0x0000000702000000, 0x0000000702000000, 0x0000000702200000|  0%| F|  |TAMS 0x0000000702000000| PB 0x0000000702000000| Untracked 
|   6|0x0000000702200000, 0x0000000702200000, 0x0000000702400000|  0%| F|  |TAMS 0x0000000702200000| PB 0x0000000702200000| Untracked 
|   7|0x0000000702400000, 0x0000000702400000, 0x0000000702600000|  0%| F|  |TAMS 0x0000000702400000| PB 0x0000000702400000| Untracked 
|   8|0x0000000702600000, 0x0000000702600000, 0x0000000702800000|  0%| F|  |TAMS 0x0000000702600000| PB 0x0000000702600000| Untracked 
|   9|0x0000000702800000, 0x0000000702800000, 0x0000000702a00000|  0%| F|  |TAMS 0x0000000702800000| PB 0x0000000702800000| Untracked 
|  10|0x0000000702a00000, 0x0000000702a00000, 0x0000000702c00000|  0%| F|  |TAMS 0x0000000702a00000| PB 0x0000000702a00000| Untracked 
|  11|0x0000000702c00000, 0x0000000702c00000, 0x0000000702e00000|  0%| F|  |TAMS 0x0000000702c00000| PB 0x0000000702c00000| Untracked 
|  12|0x0000000702e00000, 0x0000000702e00000, 0x0000000703000000|  0%| F|  |TAMS 0x0000000702e00000| PB 0x0000000702e00000| Untracked 
|  13|0x0000000703000000, 0x0000000703000000, 0x0000000703200000|  0%| F|  |TAMS 0x0000000703000000| PB 0x0000000703000000| Untracked 
|  14|0x0000000703200000, 0x0000000703200000, 0x0000000703400000|  0%| F|  |TAMS 0x0000000703200000| PB 0x0000000703200000| Untracked 
|  15|0x0000000703400000, 0x0000000703400000, 0x0000000703600000|  0%| F|  |TAMS 0x0000000703400000| PB 0x0000000703400000| Untracked 
|  16|0x0000000703600000, 0x0000000703600000, 0x0000000703800000|  0%| F|  |TAMS 0x0000000703600000| PB 0x0000000703600000| Untracked 
|  17|0x0000000703800000, 0x0000000703800000, 0x0000000703a00000|  0%| F|  |TAMS 0x0000000703800000| PB 0x0000000703800000| Untracked 
|  18|0x0000000703a00000, 0x0000000703a00000, 0x0000000703c00000|  0%| F|  |TAMS 0x0000000703a00000| PB 0x0000000703a00000| Untracked 
|  19|0x0000000703c00000, 0x0000000703c00000, 0x0000000703e00000|  0%| F|  |TAMS 0x0000000703c00000| PB 0x0000000703c00000| Untracked 
|  20|0x0000000703e00000, 0x0000000703e00000, 0x0000000704000000|  0%| F|  |TAMS 0x0000000703e00000| PB 0x0000000703e00000| Untracked 
|  21|0x0000000704000000, 0x0000000704000000, 0x0000000704200000|  0%| F|  |TAMS 0x0000000704000000| PB 0x0000000704000000| Untracked 
|  22|0x0000000704200000, 0x0000000704200000, 0x0000000704400000|  0%| F|  |TAMS 0x0000000704200000| PB 0x0000000704200000| Untracked 
|  23|0x0000000704400000, 0x0000000704400000, 0x0000000704600000|  0%| F|  |TAMS 0x0000000704400000| PB 0x0000000704400000| Untracked 
|  24|0x0000000704600000, 0x0000000704600000, 0x0000000704800000|  0%| F|  |TAMS 0x0000000704600000| PB 0x0000000704600000| Untracked 
|  25|0x0000000704800000, 0x0000000704800000, 0x0000000704a00000|  0%| F|  |TAMS 0x0000000704800000| PB 0x0000000704800000| Untracked 
|  26|0x0000000704a00000, 0x0000000704a00000, 0x0000000704c00000|  0%| F|  |TAMS 0x0000000704a00000| PB 0x0000000704a00000| Untracked 
|  27|0x0000000704c00000, 0x0000000704c00000, 0x0000000704e00000|  0%| F|  |TAMS 0x0000000704c00000| PB 0x0000000704c00000| Untracked 
|  28|0x0000000704e00000, 0x0000000704e00000, 0x0000000705000000|  0%| F|  |TAMS 0x0000000704e00000| PB 0x0000000704e00000| Untracked 
|  29|0x0000000705000000, 0x0000000705000000, 0x0000000705200000|  0%| F|  |TAMS 0x0000000705000000| PB 0x0000000705000000| Untracked 
|  30|0x0000000705200000, 0x0000000705200000, 0x0000000705400000|  0%| F|  |TAMS 0x0000000705200000| PB 0x0000000705200000| Untracked 
|  31|0x0000000705400000, 0x0000000705400000, 0x0000000705600000|  0%| F|  |TAMS 0x0000000705400000| PB 0x0000000705400000| Untracked 
|  32|0x0000000705600000, 0x0000000705600000, 0x0000000705800000|  0%| F|  |TAMS 0x0000000705600000| PB 0x0000000705600000| Untracked 
|  33|0x0000000705800000, 0x0000000705800000, 0x0000000705a00000|  0%| F|  |TAMS 0x0000000705800000| PB 0x0000000705800000| Untracked 
|  34|0x0000000705a00000, 0x0000000705a00000, 0x0000000705c00000|  0%| F|  |TAMS 0x0000000705a00000| PB 0x0000000705a00000| Untracked 
|  35|0x0000000705c00000, 0x0000000705c00000, 0x0000000705e00000|  0%| F|  |TAMS 0x0000000705c00000| PB 0x0000000705c00000| Untracked 
|  36|0x0000000705e00000, 0x0000000705e00000, 0x0000000706000000|  0%| F|  |TAMS 0x0000000705e00000| PB 0x0000000705e00000| Untracked 
|  37|0x0000000706000000, 0x0000000706000000, 0x0000000706200000|  0%| F|  |TAMS 0x0000000706000000| PB 0x0000000706000000| Untracked 
|  38|0x0000000706200000, 0x0000000706200000, 0x0000000706400000|  0%| F|  |TAMS 0x0000000706200000| PB 0x0000000706200000| Untracked 
|  39|0x0000000706400000, 0x0000000706400000, 0x0000000706600000|  0%| F|  |TAMS 0x0000000706400000| PB 0x0000000706400000| Untracked 
|  40|0x0000000706600000, 0x0000000706600000, 0x0000000706800000|  0%| F|  |TAMS 0x0000000706600000| PB 0x0000000706600000| Untracked 
|  41|0x0000000706800000, 0x0000000706800000, 0x0000000706a00000|  0%| F|  |TAMS 0x0000000706800000| PB 0x0000000706800000| Untracked 
|  42|0x0000000706a00000, 0x0000000706a00000, 0x0000000706c00000|  0%| F|  |TAMS 0x0000000706a00000| PB 0x0000000706a00000| Untracked 
|  43|0x0000000706c00000, 0x0000000706c00000, 0x0000000706e00000|  0%| F|  |TAMS 0x0000000706c00000| PB 0x0000000706c00000| Untracked 
|  44|0x0000000706e00000, 0x0000000706e00000, 0x0000000707000000|  0%| F|  |TAMS 0x0000000706e00000| PB 0x0000000706e00000| Untracked 
|  45|0x0000000707000000, 0x0000000707000000, 0x0000000707200000|  0%| F|  |TAMS 0x0000000707000000| PB 0x0000000707000000| Untracked 
|  46|0x0000000707200000, 0x0000000707200000, 0x0000000707400000|  0%| F|  |TAMS 0x0000000707200000| PB 0x0000000707200000| Untracked 
|  47|0x0000000707400000, 0x0000000707400000, 0x0000000707600000|  0%| F|  |TAMS 0x0000000707400000| PB 0x0000000707400000| Untracked 
|  48|0x0000000707600000, 0x0000000707600000, 0x0000000707800000|  0%| F|  |TAMS 0x0000000707600000| PB 0x0000000707600000| Untracked 
|  49|0x0000000707800000, 0x0000000707800000, 0x0000000707a00000|  0%| F|  |TAMS 0x0000000707800000| PB 0x0000000707800000| Untracked 
|  50|0x0000000707a00000, 0x0000000707a00000, 0x0000000707c00000|  0%| F|  |TAMS 0x0000000707a00000| PB 0x0000000707a00000| Untracked 
|  51|0x0000000707c00000, 0x0000000707c00000, 0x0000000707e00000|  0%| F|  |TAMS 0x0000000707c00000| PB 0x0000000707c00000| Untracked 
|  52|0x0000000707e00000, 0x0000000707e00000, 0x0000000708000000|  0%| F|  |TAMS 0x0000000707e00000| PB 0x0000000707e00000| Untracked 
|  53|0x0000000708000000, 0x0000000708000000, 0x0000000708200000|  0%| F|  |TAMS 0x0000000708000000| PB 0x0000000708000000| Untracked 
|  54|0x0000000708200000, 0x0000000708200000, 0x0000000708400000|  0%| F|  |TAMS 0x0000000708200000| PB 0x0000000708200000| Untracked 
|  55|0x0000000708400000, 0x0000000708400000, 0x0000000708600000|  0%| F|  |TAMS 0x0000000708400000| PB 0x0000000708400000| Untracked 
|  56|0x0000000708600000, 0x0000000708600000, 0x0000000708800000|  0%| F|  |TAMS 0x0000000708600000| PB 0x0000000708600000| Untracked 
|  57|0x0000000708800000, 0x0000000708800000, 0x0000000708a00000|  0%| F|  |TAMS 0x0000000708800000| PB 0x0000000708800000| Untracked 
|  58|0x0000000708a00000, 0x0000000708a00000, 0x0000000708c00000|  0%| F|  |TAMS 0x0000000708a00000| PB 0x0000000708a00000| Untracked 
|  59|0x0000000708c00000, 0x0000000708c00000, 0x0000000708e00000|  0%| F|  |TAMS 0x0000000708c00000| PB 0x0000000708c00000| Untracked 
|  60|0x0000000708e00000, 0x0000000708e00000, 0x0000000709000000|  0%| F|  |TAMS 0x0000000708e00000| PB 0x0000000708e00000| Untracked 
|  61|0x0000000709000000, 0x0000000709000000, 0x0000000709200000|  0%| F|  |TAMS 0x0000000709000000| PB 0x0000000709000000| Untracked 
|  62|0x0000000709200000, 0x0000000709200000, 0x0000000709400000|  0%| F|  |TAMS 0x0000000709200000| PB 0x0000000709200000| Untracked 
|  63|0x0000000709400000, 0x0000000709400000, 0x0000000709600000|  0%| F|  |TAMS 0x0000000709400000| PB 0x0000000709400000| Untracked 
|  64|0x0000000709600000, 0x0000000709600000, 0x0000000709800000|  0%| F|  |TAMS 0x0000000709600000| PB 0x0000000709600000| Untracked 
|  65|0x0000000709800000, 0x0000000709800000, 0x0000000709a00000|  0%| F|  |TAMS 0x0000000709800000| PB 0x0000000709800000| Untracked 
|  66|0x0000000709a00000, 0x0000000709a00000, 0x0000000709c00000|  0%| F|  |TAMS 0x0000000709a00000| PB 0x0000000709a00000| Untracked 
|  67|0x0000000709c00000, 0x0000000709c00000, 0x0000000709e00000|  0%| F|  |TAMS 0x0000000709c00000| PB 0x0000000709c00000| Untracked 
|  68|0x0000000709e00000, 0x0000000709e00000, 0x000000070a000000|  0%| F|  |TAMS 0x0000000709e00000| PB 0x0000000709e00000| Untracked 
|  69|0x000000070a000000, 0x000000070a000000, 0x000000070a200000|  0%| F|  |TAMS 0x000000070a000000| PB 0x000000070a000000| Untracked 
|  70|0x000000070a200000, 0x000000070a200000, 0x000000070a400000|  0%| F|  |TAMS 0x000000070a200000| PB 0x000000070a200000| Untracked 
|  71|0x000000070a400000, 0x000000070a400000, 0x000000070a600000|  0%| F|  |TAMS 0x000000070a400000| PB 0x000000070a400000| Untracked 
|  72|0x000000070a600000, 0x000000070a600000, 0x000000070a800000|  0%| F|  |TAMS 0x000000070a600000| PB 0x000000070a600000| Untracked 
|  73|0x000000070a800000, 0x000000070a800000, 0x000000070aa00000|  0%| F|  |TAMS 0x000000070a800000| PB 0x000000070a800000| Untracked 
|  74|0x000000070aa00000, 0x000000070aa00000, 0x000000070ac00000|  0%| F|  |TAMS 0x000000070aa00000| PB 0x000000070aa00000| Untracked 
|  75|0x000000070ac00000, 0x000000070ac00000, 0x000000070ae00000|  0%| F|  |TAMS 0x000000070ac00000| PB 0x000000070ac00000| Untracked 
|  76|0x000000070ae00000, 0x000000070ae00000, 0x000000070b000000|  0%| F|  |TAMS 0x000000070ae00000| PB 0x000000070ae00000| Untracked 
|  77|0x000000070b000000, 0x000000070b000000, 0x000000070b200000|  0%| F|  |TAMS 0x000000070b000000| PB 0x000000070b000000| Untracked 
|  78|0x000000070b200000, 0x000000070b200000, 0x000000070b400000|  0%| F|  |TAMS 0x000000070b200000| PB 0x000000070b200000| Untracked 
|  79|0x000000070b400000, 0x000000070b400000, 0x000000070b600000|  0%| F|  |TAMS 0x000000070b400000| PB 0x000000070b400000| Untracked 
|  80|0x000000070b600000, 0x000000070b600000, 0x000000070b800000|  0%| F|  |TAMS 0x000000070b600000| PB 0x000000070b600000| Untracked 
|  81|0x000000070b800000, 0x000000070b800000, 0x000000070ba00000|  0%| F|  |TAMS 0x000000070b800000| PB 0x000000070b800000| Untracked 
|  82|0x000000070ba00000, 0x000000070ba00000, 0x000000070bc00000|  0%| F|  |TAMS 0x000000070ba00000| PB 0x000000070ba00000| Untracked 
|  83|0x000000070bc00000, 0x000000070bc00000, 0x000000070be00000|  0%| F|  |TAMS 0x000000070bc00000| PB 0x000000070bc00000| Untracked 
|  84|0x000000070be00000, 0x000000070be00000, 0x000000070c000000|  0%| F|  |TAMS 0x000000070be00000| PB 0x000000070be00000| Untracked 
|  85|0x000000070c000000, 0x000000070c000000, 0x000000070c200000|  0%| F|  |TAMS 0x000000070c000000| PB 0x000000070c000000| Untracked 
|  86|0x000000070c200000, 0x000000070c200000, 0x000000070c400000|  0%| F|  |TAMS 0x000000070c200000| PB 0x000000070c200000| Untracked 
|  87|0x000000070c400000, 0x000000070c400000, 0x000000070c600000|  0%| F|  |TAMS 0x000000070c400000| PB 0x000000070c400000| Untracked 
|  88|0x000000070c600000, 0x000000070c600000, 0x000000070c800000|  0%| F|  |TAMS 0x000000070c600000| PB 0x000000070c600000| Untracked 
|  89|0x000000070c800000, 0x000000070c800000, 0x000000070ca00000|  0%| F|  |TAMS 0x000000070c800000| PB 0x000000070c800000| Untracked 
|  90|0x000000070ca00000, 0x000000070ca00000, 0x000000070cc00000|  0%| F|  |TAMS 0x000000070ca00000| PB 0x000000070ca00000| Untracked 
|  91|0x000000070cc00000, 0x000000070cc00000, 0x000000070ce00000|  0%| F|  |TAMS 0x000000070cc00000| PB 0x000000070cc00000| Untracked 
|  92|0x000000070ce00000, 0x000000070ce00000, 0x000000070d000000|  0%| F|  |TAMS 0x000000070ce00000| PB 0x000000070ce00000| Untracked 
|  93|0x000000070d000000, 0x000000070d000000, 0x000000070d200000|  0%| F|  |TAMS 0x000000070d000000| PB 0x000000070d000000| Untracked 
|  94|0x000000070d200000, 0x000000070d3dbdd8, 0x000000070d400000| 92%| E|  |TAMS 0x000000070d200000| PB 0x000000070d200000| Complete 
|  95|0x000000070d400000, 0x000000070d600000, 0x000000070d600000|100%| E|CS|TAMS 0x000000070d400000| PB 0x000000070d400000| Complete 
|  96|0x000000070d600000, 0x000000070d800000, 0x000000070d800000|100%| E|CS|TAMS 0x000000070d600000| PB 0x000000070d600000| Complete 
|  97|0x000000070d800000, 0x000000070da00000, 0x000000070da00000|100%| E|CS|TAMS 0x000000070d800000| PB 0x000000070d800000| Complete 
|  98|0x000000070da00000, 0x000000070dc00000, 0x000000070dc00000|100%| E|CS|TAMS 0x000000070da00000| PB 0x000000070da00000| Complete 
|  99|0x000000070dc00000, 0x000000070de00000, 0x000000070de00000|100%| E|CS|TAMS 0x000000070dc00000| PB 0x000000070dc00000| Complete 
| 100|0x000000070de00000, 0x000000070e000000, 0x000000070e000000|100%| E|CS|TAMS 0x000000070de00000| PB 0x000000070de00000| Complete 
| 101|0x000000070e000000, 0x000000070e200000, 0x000000070e200000|100%| E|CS|TAMS 0x000000070e000000| PB 0x000000070e000000| Complete 
| 102|0x000000070e200000, 0x000000070e400000, 0x000000070e400000|100%| E|CS|TAMS 0x000000070e200000| PB 0x000000070e200000| Complete 
| 103|0x000000070e400000, 0x000000070e600000, 0x000000070e600000|100%| E|CS|TAMS 0x000000070e400000| PB 0x000000070e400000| Complete 
| 104|0x000000070e600000, 0x000000070e800000, 0x000000070e800000|100%| E|CS|TAMS 0x000000070e600000| PB 0x000000070e600000| Complete 
| 105|0x000000070e800000, 0x000000070ea00000, 0x000000070ea00000|100%| E|CS|TAMS 0x000000070e800000| PB 0x000000070e800000| Complete 
| 106|0x000000070ea00000, 0x000000070ec00000, 0x000000070ec00000|100%| E|CS|TAMS 0x000000070ea00000| PB 0x000000070ea00000| Complete 
| 107|0x000000070ec00000, 0x000000070ee00000, 0x000000070ee00000|100%| E|CS|TAMS 0x000000070ec00000| PB 0x000000070ec00000| Complete 
| 108|0x000000070ee00000, 0x000000070ee65bc0, 0x000000070f000000| 19%| S|CS|TAMS 0x000000070ee00000| PB 0x000000070ee00000| Complete 
| 109|0x000000070f000000, 0x000000070f200000, 0x000000070f200000|100%| S|CS|TAMS 0x000000070f000000| PB 0x000000070f000000| Complete 
| 110|0x000000070f200000, 0x000000070f400000, 0x000000070f400000|100%| E|CS|TAMS 0x000000070f200000| PB 0x000000070f200000| Complete 
| 111|0x000000070f400000, 0x000000070f600000, 0x000000070f600000|100%| E|CS|TAMS 0x000000070f400000| PB 0x000000070f400000| Complete 
| 112|0x000000070f600000, 0x000000070f800000, 0x000000070f800000|100%| E|CS|TAMS 0x000000070f600000| PB 0x000000070f600000| Complete 
| 113|0x000000070f800000, 0x000000070fa00000, 0x000000070fa00000|100%| E|CS|TAMS 0x000000070f800000| PB 0x000000070f800000| Complete 
| 114|0x000000070fa00000, 0x000000070fc00000, 0x000000070fc00000|100%| E|CS|TAMS 0x000000070fa00000| PB 0x000000070fa00000| Complete 
| 115|0x000000070fc00000, 0x000000070fe00000, 0x000000070fe00000|100%| E|CS|TAMS 0x000000070fc00000| PB 0x000000070fc00000| Complete 
| 116|0x000000070fe00000, 0x0000000710000000, 0x0000000710000000|100%| E|CS|TAMS 0x000000070fe00000| PB 0x000000070fe00000| Complete 
| 117|0x0000000710000000, 0x0000000710200000, 0x0000000710200000|100%| E|CS|TAMS 0x0000000710000000| PB 0x0000000710000000| Complete 
| 118|0x0000000710200000, 0x0000000710400000, 0x0000000710400000|100%| E|CS|TAMS 0x0000000710200000| PB 0x0000000710200000| Complete 
| 119|0x0000000710400000, 0x0000000710600000, 0x0000000710600000|100%| E|CS|TAMS 0x0000000710400000| PB 0x0000000710400000| Complete 
| 120|0x0000000710600000, 0x0000000710800000, 0x0000000710800000|100%| E|CS|TAMS 0x0000000710600000| PB 0x0000000710600000| Complete 
| 121|0x0000000710800000, 0x0000000710a00000, 0x0000000710a00000|100%| E|CS|TAMS 0x0000000710800000| PB 0x0000000710800000| Complete 
| 122|0x0000000710a00000, 0x0000000710c00000, 0x0000000710c00000|100%| E|CS|TAMS 0x0000000710a00000| PB 0x0000000710a00000| Complete 
| 123|0x0000000710c00000, 0x0000000710e00000, 0x0000000710e00000|100%| E|CS|TAMS 0x0000000710c00000| PB 0x0000000710c00000| Complete 
| 124|0x0000000710e00000, 0x0000000711000000, 0x0000000711000000|100%| E|CS|TAMS 0x0000000710e00000| PB 0x0000000710e00000| Complete 
| 125|0x0000000711000000, 0x0000000711200000, 0x0000000711200000|100%| E|CS|TAMS 0x0000000711000000| PB 0x0000000711000000| Complete 
| 126|0x0000000711200000, 0x0000000711400000, 0x0000000711400000|100%| E|CS|TAMS 0x0000000711200000| PB 0x0000000711200000| Complete 
| 127|0x0000000711400000, 0x0000000711600000, 0x0000000711600000|100%| E|CS|TAMS 0x0000000711400000| PB 0x0000000711400000| Complete 

Card table byte_map: [0x00000201b8640000,0x00000201b8e40000] _byte_map_base: 0x00000201b4e35000

Marking Bits: (CMBitMap*) 0x00000201a0793c50
 Bits: [0x00000201b8e40000, 0x00000201bcde8000)

Polling page: 0x000002019fef0000

Metaspace:

Usage:
  Non-class:     13.73 MB used.
      Class:      1.85 MB used.
       Both:     15.58 MB used.

Virtual space:
  Non-class space:       64.00 MB reserved,      13.88 MB ( 22%) committed,  1 nodes.
      Class space:        1.00 GB reserved,       1.94 MB ( <1%) committed,  1 nodes.
             Both:        1.06 GB reserved,      15.81 MB (  1%) committed. 

Chunk freelists:
   Non-Class:  1.78 MB
       Class:  13.91 MB
        Both:  15.69 MB

MaxMetaspaceSize: unlimited
CompressedClassSpaceSize: 1.00 GB
Initial GC threshold: 21.00 MB
Current GC threshold: 21.00 MB
CDS: on
 - commit_granule_bytes: 65536.
 - commit_granule_words: 8192.
 - virtual_space_node_default_size: 8388608.
 - enlarge_chunks_in_place: 1.
 - use_allocation_guard: 0.


Internal statistics:

num_allocs_failed_limit: 0.
num_arena_births: 142.
num_arena_deaths: 0.
num_vsnodes_births: 2.
num_vsnodes_deaths: 0.
num_space_committed: 253.
num_space_uncommitted: 0.
num_chunks_returned_to_freelist: 0.
num_chunks_taken_from_freelist: 692.
num_chunk_merges: 0.
num_chunk_splits: 471.
num_chunks_enlarged: 376.
num_inconsistent_stats: 0.

CodeHeap 'non-profiled nmethods': size=120000Kb used=1655Kb max_used=1655Kb free=118344Kb
 bounds [0x00000201b0910000, 0x00000201b0b80000, 0x00000201b7e40000]
CodeHeap 'profiled nmethods': size=120000Kb used=7900Kb max_used=7900Kb free=112099Kb
 bounds [0x00000201a8e40000, 0x00000201a9600000, 0x00000201b0370000]
CodeHeap 'non-nmethods': size=5760Kb used=1330Kb max_used=1376Kb free=4429Kb
 bounds [0x00000201b0370000, 0x00000201b05e0000, 0x00000201b0910000]
CodeCache: size=245760Kb, used=10885Kb, max_used=10931Kb, free=234872Kb
 total_blobs=4417, nmethods=3928, adapters=393, full_count=0
Compilation: enabled, stopped_count=0, restarted_count=0

Compilation events (20 events):
Event: 6.219 Thread 0x00000201bf33eff0 3737       3       java.util.AbstractMap$2$1::hasNext (10 bytes)
Event: 6.219 Thread 0x00000201bf33eff0 nmethod 3737 0x00000201a9588c90 code [0x00000201a9588e40, 0x00000201a9589020]
Event: 6.219 Thread 0x00000201bf33eff0 3739       3       java.util.Collections$1::next (25 bytes)
Event: 6.219 Thread 0x00000201bf33eff0 nmethod 3739 0x00000201a9589110 code [0x00000201a95892c0, 0x00000201a95894e8]
Event: 6.219 Thread 0x00000201bf33eff0 3738       1       org.apache.maven.model.building.DefaultModelBuildingRequest::getPomFile (5 bytes)
Event: 6.220 Thread 0x00000201bf33eff0 nmethod 3738 0x00000201b0a9ef10 code [0x00000201b0a9f0a0, 0x00000201b0a9f170]
Event: 6.228 Thread 0x00000201bf338410 nmethod 3724 0x00000201b0a9f210 code [0x00000201b0a9f4e0, 0x00000201b0aa0628]
Event: 6.236 Thread 0x00000201bf33eff0 3740       3       org.apache.maven.model.PluginContainer::<init> (5 bytes)
Event: 6.236 Thread 0x00000201bf33eff0 nmethod 3740 0x00000201a9589610 code [0x00000201a95897c0, 0x00000201a9589928]
Event: 6.236 Thread 0x00000201bf338410 3741       4       org.codehaus.plexus.util.xml.pull.MXParser::nextImpl (1208 bytes)
Event: 6.238 Thread 0x00000201bf33eff0 3742       3       org.eclipse.sisu.wire.EntrySetAdapter::iterator (12 bytes)
Event: 6.239 Thread 0x00000201bf33eff0 nmethod 3742 0x00000201a9589a10 code [0x00000201a9589be0, 0x00000201a9589f40]
Event: 6.241 Thread 0x00000201bf33eff0 3744       3       org.eclipse.aether.RepositoryEvent$Builder::<init> (38 bytes)
Event: 6.242 Thread 0x00000201bf33eff0 nmethod 3744 0x00000201a958a090 code [0x00000201a958a2a0, 0x00000201a958a968]
Event: 6.242 Thread 0x00000201bf33eff0 3745   !   3       org.eclipse.aether.internal.impl.DefaultRepositoryEventDispatcher::dispatch (331 bytes)
Event: 6.244 Thread 0x00000201bf33eff0 nmethod 3745 0x00000201a958ab90 code [0x00000201a958afe0, 0x00000201a958d238]
Event: 6.244 Thread 0x00000201bf33eff0 3743       1       org.eclipse.aether.resolution.ArtifactResult::getRepository (5 bytes)
Event: 6.244 Thread 0x00000201bf33eff0 nmethod 3743 0x00000201b0aa1210 code [0x00000201b0aa13a0, 0x00000201b0aa1470]
Event: 6.245 Thread 0x00000201bf33eff0 3746   !   3       org.apache.maven.model.RepositoryBase::clone (73 bytes)
Event: 6.246 Thread 0x00000201bf33eff0 nmethod 3746 0x00000201a958e010 code [0x00000201a958e2e0, 0x00000201a958f010]

GC Heap History (6 events):
Event: 1.165 GC heap before
{Heap before GC invocations=0 (full 0):
 garbage-first heap   total 262144K, used 12288K [0x0000000701600000, 0x0000000800000000)
  region size 2048K, 6 young (12288K), 0 survivors (0K)
 Metaspace       used 3376K, committed 3584K, reserved 1114112K
  class space    used 344K, committed 448K, reserved 1048576K
}
Event: 1.173 GC heap after
{Heap after GC invocations=1 (full 0):
 garbage-first heap   total 262144K, used 3197K [0x0000000701600000, 0x0000000800000000)
  region size 2048K, 1 young (2048K), 1 survivors (2048K)
 Metaspace       used 3376K, committed 3584K, reserved 1114112K
  class space    used 344K, committed 448K, reserved 1048576K
}
Event: 1.760 GC heap before
{Heap before GC invocations=1 (full 0):
 garbage-first heap   total 262144K, used 13437K [0x0000000701600000, 0x0000000800000000)
  region size 2048K, 6 young (12288K), 1 survivors (2048K)
 Metaspace       used 5685K, committed 5888K, reserved 1114112K
  class space    used 668K, committed 768K, reserved 1048576K
}
Event: 1.766 GC heap after
{Heap after GC invocations=2 (full 0):
 garbage-first heap   total 262144K, used 3971K [0x0000000701600000, 0x0000000800000000)
  region size 2048K, 1 young (2048K), 1 survivors (2048K)
 Metaspace       used 5685K, committed 5888K, reserved 1114112K
  class space    used 668K, committed 768K, reserved 1048576K
}
Event: 3.486 GC heap before
{Heap before GC invocations=2 (full 0):
 garbage-first heap   total 262144K, used 36739K [0x0000000701600000, 0x0000000800000000)
  region size 2048K, 18 young (36864K), 1 survivors (2048K)
 Metaspace       used 10487K, committed 10688K, reserved 1114112K
  class space    used 1264K, committed 1344K, reserved 1048576K
}
Event: 3.489 GC heap after
{Heap after GC invocations=3 (full 0):
 garbage-first heap   total 262144K, used 5819K [0x0000000701600000, 0x0000000800000000)
  region size 2048K, 2 young (4096K), 2 survivors (4096K)
 Metaspace       used 10487K, committed 10688K, reserved 1114112K
  class space    used 1264K, committed 1344K, reserved 1048576K
}

Dll operation events (8 events):
Event: 0.014 Loaded shared library C:\Program Files\Eclipse Adoptium\jdk-21.0.10.7-hotspot\bin\java.dll
Event: 0.064 Loaded shared library C:\Program Files\Eclipse Adoptium\jdk-21.0.10.7-hotspot\bin\jsvml.dll
Event: 0.110 Loaded shared library C:\Program Files\Eclipse Adoptium\jdk-21.0.10.7-hotspot\bin\net.dll
Event: 0.115 Loaded shared library C:\Program Files\Eclipse Adoptium\jdk-21.0.10.7-hotspot\bin\nio.dll
Event: 0.124 Loaded shared library C:\Program Files\Eclipse Adoptium\jdk-21.0.10.7-hotspot\bin\zip.dll
Event: 0.426 Loaded shared library C:\Program Files\Eclipse Adoptium\jdk-21.0.10.7-hotspot\bin\jimage.dll
Event: 0.431 Loaded shared library C:\Program Files (x86)\Apache\Maven\apache-maven-3.9.12\lib\jansi-native\Windows\x86_64\jansi.dll
Event: 0.470 Loaded shared library C:\Program Files\Eclipse Adoptium\jdk-21.0.10.7-hotspot\bin\verify.dll

Deoptimization events (20 events):
Event: 6.177 Thread 0x000002019e4f4440 Uncommon trap: trap_request=0xffffff45 fr.pc=0x00000201b0a3d8e4 relative=0x00000000000016a4
Event: 6.177 Thread 0x000002019e4f4440 Uncommon trap: reason=unstable_if action=reinterpret pc=0x00000201b0a3d8e4 method=org.codehaus.plexus.util.xml.pull.MXParser.nextImpl()I @ 280 c2
Event: 6.177 Thread 0x000002019e4f4440 DEOPT PACKING pc=0x00000201b0a3d8e4 sp=0x000000466fffbf90
Event: 6.177 Thread 0x000002019e4f4440 DEOPT UNPACKING pc=0x00000201b03c4422 sp=0x000000466fffbf38 mode 2
Event: 6.194 Thread 0x000002019e4f4440 Uncommon trap: trap_request=0xffffffbe fr.pc=0x00000201b0a9cce0 relative=0x0000000000000cc0
Event: 6.194 Thread 0x000002019e4f4440 Uncommon trap: reason=profile_predicate action=maybe_recompile pc=0x00000201b0a9cce0 method=java.util.regex.Pattern$CharPropertyGreedy.match(Ljava/util/regex/Matcher;ILjava/lang/CharSequence;)Z @ 15 c2
Event: 6.195 Thread 0x000002019e4f4440 DEOPT PACKING pc=0x00000201b0a9cce0 sp=0x000000466fffc300
Event: 6.195 Thread 0x000002019e4f4440 DEOPT UNPACKING pc=0x00000201b03c4422 sp=0x000000466fffc290 mode 2
Event: 6.195 Thread 0x000002019e4f4440 Uncommon trap: trap_request=0xffffffbe fr.pc=0x00000201b0a9cce0 relative=0x0000000000000cc0
Event: 6.195 Thread 0x000002019e4f4440 Uncommon trap: reason=profile_predicate action=maybe_recompile pc=0x00000201b0a9cce0 method=java.util.regex.Pattern$CharPropertyGreedy.match(Ljava/util/regex/Matcher;ILjava/lang/CharSequence;)Z @ 15 c2
Event: 6.195 Thread 0x000002019e4f4440 DEOPT PACKING pc=0x00000201b0a9cce0 sp=0x000000466fffbf40
Event: 6.195 Thread 0x000002019e4f4440 DEOPT UNPACKING pc=0x00000201b03c4422 sp=0x000000466fffbed0 mode 2
Event: 6.195 Thread 0x000002019e4f4440 Uncommon trap: trap_request=0xffffffbe fr.pc=0x00000201b0a9cce0 relative=0x0000000000000cc0
Event: 6.195 Thread 0x000002019e4f4440 Uncommon trap: reason=profile_predicate action=maybe_recompile pc=0x00000201b0a9cce0 method=java.util.regex.Pattern$CharPropertyGreedy.match(Ljava/util/regex/Matcher;ILjava/lang/CharSequence;)Z @ 15 c2
Event: 6.195 Thread 0x000002019e4f4440 DEOPT PACKING pc=0x00000201b0a9cce0 sp=0x000000466fffbf40
Event: 6.195 Thread 0x000002019e4f4440 DEOPT UNPACKING pc=0x00000201b03c4422 sp=0x000000466fffbed0 mode 2
Event: 6.195 Thread 0x000002019e4f4440 Uncommon trap: trap_request=0xffffffbe fr.pc=0x00000201b0a9cce0 relative=0x0000000000000cc0
Event: 6.195 Thread 0x000002019e4f4440 Uncommon trap: reason=profile_predicate action=maybe_recompile pc=0x00000201b0a9cce0 method=java.util.regex.Pattern$CharPropertyGreedy.match(Ljava/util/regex/Matcher;ILjava/lang/CharSequence;)Z @ 15 c2
Event: 6.195 Thread 0x000002019e4f4440 DEOPT PACKING pc=0x00000201b0a9cce0 sp=0x000000466fffbd20
Event: 6.195 Thread 0x000002019e4f4440 DEOPT UNPACKING pc=0x00000201b03c4422 sp=0x000000466fffbcd0 mode 2

Classes loaded (20 events):
Event: 4.764 Loading class java/util/stream/IntPipeline done
Event: 4.764 Loading class java/util/stream/IntPipeline$Head done
Event: 4.771 Loading class java/util/StringTokenizer
Event: 4.772 Loading class java/util/StringTokenizer done
Event: 4.789 Loading class sun/invoke/util/ValueConversions$1
Event: 4.789 Loading class sun/invoke/util/ValueConversions$1 done
Event: 4.790 Loading class java/lang/invoke/BoundMethodHandle$Species_LI
Event: 4.790 Loading class java/lang/invoke/BoundMethodHandle$Species_LI done
Event: 5.051 Loading class java/util/stream/Streams$RangeIntSpliterator
Event: 5.051 Loading class java/util/stream/Streams$RangeIntSpliterator done
Event: 5.694 Loading class java/util/stream/MatchOps$MatchKind
Event: 5.695 Loading class java/util/stream/MatchOps$MatchKind done
Event: 5.695 Loading class java/util/stream/MatchOps
Event: 5.695 Loading class java/util/stream/MatchOps done
Event: 5.695 Loading class java/util/stream/MatchOps$MatchOp
Event: 5.696 Loading class java/util/stream/MatchOps$MatchOp done
Event: 5.696 Loading class java/util/stream/MatchOps$BooleanTerminalSink
Event: 5.696 Loading class java/util/stream/MatchOps$BooleanTerminalSink done
Event: 5.696 Loading class java/util/stream/MatchOps$1MatchSink
Event: 5.697 Loading class java/util/stream/MatchOps$1MatchSink done

Classes unloaded (0 events):
No events

Classes redefined (0 events):
No events

Internal exceptions (20 events):
Event: 3.554 Thread 0x000002019e4f4440 Exception <a 'java/lang/NoSuchMethodError'{0x000000071152a778}: 'void java.lang.invoke.DirectMethodHandle$Holder.invokeStaticInit(java.lang.Object, java.lang.Object, java.lang.Object)'> (0x000000071152a778) 
thrown [s\src\hotspot\share\interpreter\linkResolver.cpp, line 773]
Event: 3.577 Thread 0x000002019e4f4440 Implicit null exception at 0x00000201b099a860 to 0x00000201b099aa78
Event: 3.581 Thread 0x000002019e4f4440 Exception <a 'java/lang/NoSuchMethodError'{0x000000071159b8b8}: 'java.lang.Object java.lang.invoke.Invokers$Holder.invokeExact_MT(java.lang.Object, int, java.lang.Object)'> (0x000000071159b8b8) 
thrown [s\src\hotspot\share\interpreter\linkResolver.cpp, line 773]
Event: 4.038 Thread 0x000002019e4f4440 Exception <a 'java/lang/NoSuchMethodError'{0x0000000710de8df0}: 'void java.lang.invoke.Invokers$Holder.invokeExact_MT(java.lang.Object, java.lang.Object, java.lang.Object, java.lang.Object)'> (0x0000000710de8df0) 
thrown [s\src\hotspot\share\interpreter\linkResolver.cpp, line 773]
Event: 4.075 Thread 0x000002019e4f4440 Exception <a 'java/lang/NoClassDefFoundError'{0x0000000710a78b70}: com/google/inject/servlet/ServletModuleTargetVisitor> (0x0000000710a78b70) 
thrown [s\src\hotspot\share\classfile\systemDictionary.cpp, line 301]
Event: 4.286 Thread 0x000002019e4f4440 Exception <a 'java/lang/NoSuchMethodError'{0x00000007108d7508}: 'java.lang.Object java.lang.invoke.DirectMethodHandle$Holder.invokeStaticInit(java.lang.Object, int, int, int, int)'> (0x00000007108d7508) 
thrown [s\src\hotspot\share\interpreter\linkResolver.cpp, line 773]
Event: 4.469 Thread 0x000002019e4f4440 Implicit null exception at 0x00000201b0943024 to 0x00000201b09436bc
Event: 4.469 Thread 0x000002019e4f4440 Implicit null exception at 0x00000201b093dfa0 to 0x00000201b093e63c
Event: 4.606 Thread 0x000002019e4f4440 Exception <a 'java/lang/NoSuchMethodError'{0x000000071022ae68}: 'void java.lang.invoke.DirectMethodHandle$Holder.invokeSpecial(java.lang.Object, java.lang.Object, java.lang.Object, java.lang.Object, java.lang.Object)'> (0x000000071022ae68) 
thrown [s\src\hotspot\share\interpreter\linkResolver.cpp, line 773]
Event: 4.610 Thread 0x000002019e4f4440 Exception <a 'java/lang/NoSuchMethodError'{0x0000000710241368}: 'void java.lang.invoke.DirectMethodHandle$Holder.invokeSpecial(java.lang.Object, java.lang.Object, java.lang.Object, java.lang.Object, java.lang.Object, java.lang.Object)'> (0x0000000710241368) 
thrown [s\src\hotspot\share\interpreter\linkResolver.cpp, line 773]
Event: 4.660 Thread 0x000002019e4f4440 Exception <a 'java/lang/NoSuchMethodError'{0x000000071033cae8}: 'java.lang.Object java.lang.invoke.DirectMethodHandle$Holder.invokeVirtual(java.lang.Object, java.lang.Object, java.lang.Object)'> (0x000000071033cae8) 
thrown [s\src\hotspot\share\interpreter\linkResolver.cpp, line 773]
Event: 4.788 Thread 0x000002019e4f4440 Exception <a 'java/lang/NoSuchMethodError'{0x00000007100ae8c8}: 'void java.lang.invoke.DirectMethodHandle$Holder.invokeVirtual(java.lang.Object, java.lang.Object, int)'> (0x00000007100ae8c8) 
thrown [s\src\hotspot\share\interpreter\linkResolver.cpp, line 773]
Event: 4.789 Thread 0x000002019e4f4440 Exception <a 'java/lang/NoSuchMethodError'{0x00000007100b2b00}: 'int java.lang.invoke.DirectMethodHandle$Holder.invokeSpecial(java.lang.Object, java.lang.Object, java.lang.Object, int)'> (0x00000007100b2b00) 
thrown [s\src\hotspot\share\interpreter\linkResolver.cpp, line 773]
Event: 4.791 Thread 0x000002019e4f4440 Exception <a 'java/lang/NoSuchMethodError'{0x00000007100c5548}: 'java.lang.Object java.lang.invoke.DirectMethodHandle$Holder.invokeStatic(java.lang.Object, java.lang.Object, java.lang.Object, java.lang.Object, int)'> (0x00000007100c5548) 
thrown [s\src\hotspot\share\interpreter\linkResolver.cpp, line 773]
Event: 4.793 Thread 0x000002019e4f4440 Exception <a 'java/lang/NoSuchMethodError'{0x00000007100cd518}: 'void java.lang.invoke.DirectMethodHandle$Holder.invokeSpecial(java.lang.Object, java.lang.Object, java.lang.Object, int)'> (0x00000007100cd518) 
thrown [s\src\hotspot\share\interpreter\linkResolver.cpp, line 773]
Event: 4.793 Thread 0x000002019e4f4440 Exception <a 'java/lang/NoSuchMethodError'{0x00000007100d0bf8}: 'void java.lang.invoke.DelegatingMethodHandle$Holder.reinvoke_L(java.lang.Object, java.lang.Object, int)'> (0x00000007100d0bf8) 
thrown [s\src\hotspot\share\interpreter\linkResolver.cpp, line 773]
Event: 5.947 Thread 0x000002019e4f4440 Implicit null exception at 0x00000201b0a50470 to 0x00000201b0a518ac
Event: 5.948 Thread 0x000002019e4f4440 Implicit null exception at 0x00000201b09d2320 to 0x00000201b09d252c
Event: 5.948 Thread 0x000002019e4f4440 Implicit null exception at 0x00000201b0a1908d to 0x00000201b0a19970
Event: 5.950 Thread 0x000002019e4f4440 Exception <a 'java/lang/NoSuchMethodError'{0x000000070e2d0030}: 'void java.lang.invoke.DirectMethodHandle$Holder.invokeStatic(java.lang.Object, java.lang.Object, java.lang.Object, java.lang.Object)'> (0x000000070e2d0030) 
thrown [s\src\hotspot\share\interpreter\linkResolver.cpp, line 773]

ZGC Phase Switch (0 events):
No events

VM Operations (20 events):
Event: 3.781 Executing non-safepoint VM operation: HandshakeAllThreads (Deoptimize)
Event: 3.781 Executing non-safepoint VM operation: HandshakeAllThreads (Deoptimize) done
Event: 4.027 Executing non-safepoint VM operation: HandshakeAllThreads (Deoptimize)
Event: 4.027 Executing non-safepoint VM operation: HandshakeAllThreads (Deoptimize) done
Event: 4.190 Executing non-safepoint VM operation: HandshakeAllThreads (Deoptimize)
Event: 4.191 Executing non-safepoint VM operation: HandshakeAllThreads (Deoptimize) done
Event: 4.205 Executing safepoint VM operation: ICBufferFull
Event: 4.205 Executing safepoint VM operation: ICBufferFull done
Event: 4.236 Executing non-safepoint VM operation: HandshakeAllThreads (Deoptimize)
Event: 4.236 Executing non-safepoint VM operation: HandshakeAllThreads (Deoptimize) done
Event: 4.314 Executing non-safepoint VM operation: HandshakeAllThreads (Deoptimize)
Event: 4.314 Executing non-safepoint VM operation: HandshakeAllThreads (Deoptimize) done
Event: 4.401 Executing non-safepoint VM operation: HandshakeAllThreads (Deoptimize)
Event: 4.401 Executing non-safepoint VM operation: HandshakeAllThreads (Deoptimize) done
Event: 4.402 Executing non-safepoint VM operation: HandshakeAllThreads (Deoptimize)
Event: 4.402 Executing non-safepoint VM operation: HandshakeAllThreads (Deoptimize) done
Event: 5.050 Executing safepoint VM operation: ICBufferFull
Event: 5.050 Executing safepoint VM operation: ICBufferFull done
Event: 5.951 Executing safepoint VM operation: ICBufferFull
Event: 5.952 Executing safepoint VM operation: ICBufferFull done

Memory protections (0 events):
No events

Nmethod flushes (0 events):
No events

Events (19 events):
Event: 0.036 Thread 0x000002019e4f4440 Thread added: 0x000002019e4f4440
Event: 0.060 Thread 0x000002019e4f4440 Thread added: 0x00000201bf320080
Event: 0.060 Thread 0x000002019e4f4440 Thread added: 0x00000201bf323710
Event: 0.061 Thread 0x000002019e4f4440 Thread added: 0x00000201bf326120
Event: 0.061 Thread 0x000002019e4f4440 Thread added: 0x00000201bf326c20
Event: 0.061 Thread 0x000002019e4f4440 Thread added: 0x00000201bf32b2a0
Event: 0.061 Thread 0x000002019e4f4440 Thread added: 0x00000201bf32da50
Event: 0.061 Thread 0x000002019e4f4440 Thread added: 0x00000201bf338410
Event: 0.062 Thread 0x000002019e4f4440 Thread added: 0x00000201bf33eff0
Event: 0.097 Thread 0x000002019e4f4440 Thread added: 0x00000201bf475a50
Event: 0.103 Thread 0x000002019e4f4440 Thread added: 0x00000201bf478290
Event: 0.307 Thread 0x00000201bf33eff0 Thread added: 0x00000201bf33e250
Event: 0.421 Thread 0x000002019e4f4440 Thread added: 0x00000201bf7ffc60
Event: 0.644 Thread 0x00000201bf33e250 Thread exited: 0x00000201bf33e250
Event: 1.157 Thread 0x00000201bf7ffc60 Thread exited: 0x00000201bf7ffc60
Event: 1.644 Thread 0x00000201bf33eff0 Thread added: 0x00000201bf33d4b0
Event: 2.727 Thread 0x00000201bf33d4b0 Thread exited: 0x00000201bf33d4b0
Event: 4.342 Thread 0x000002019e4f4440 Thread added: 0x000002020545ea10
Event: 4.478 Thread 0x00000201bf33eff0 Thread added: 0x00000201bf33cde0


Dynamic libraries:
0x00007ff777b20000 - 0x00007ff777b2e000 	C:\Program Files\Eclipse Adoptium\jdk-21.0.10.7-hotspot\bin\java.exe
0x00007ffb16b20000 - 0x00007ffb16d87000 	C:\WINDOWS\SYSTEM32\ntdll.dll
0x00007ffb14890000 - 0x00007ffb14959000 	C:\WINDOWS\System32\KERNEL32.DLL
0x00007ffb13fa0000 - 0x00007ffb14394000 	C:\WINDOWS\System32\KERNELBASE.dll
0x00007ffb14600000 - 0x00007ffb1474b000 	C:\WINDOWS\System32\ucrtbase.dll
0x00007ffb06ba0000 - 0x00007ffb06bb8000 	C:\Program Files\Eclipse Adoptium\jdk-21.0.10.7-hotspot\bin\jli.dll
0x00007ffb03a10000 - 0x00007ffb03a2e000 	C:\Program Files\Eclipse Adoptium\jdk-21.0.10.7-hotspot\bin\VCRUNTIME140.dll
0x00007ffb16860000 - 0x00007ffb16a25000 	C:\WINDOWS\System32\USER32.dll
0x00007ffb125c0000 - 0x00007ffb12853000 	C:\WINDOWS\WinSxS\amd64_microsoft.windows.common-controls_6595b64144ccf1df_6.0.26100.8115_none_3e075c82e3354f9c\COMCTL32.dll
0x00007ffb143a0000 - 0x00007ffb143c7000 	C:\WINDOWS\System32\win32u.dll
0x00007ffb16a80000 - 0x00007ffb16aab000 	C:\WINDOWS\System32\GDI32.dll
0x00007ffb161e0000 - 0x00007ffb16289000 	C:\WINDOWS\System32\msvcrt.dll
0x00007ffb14750000 - 0x00007ffb1487a000 	C:\WINDOWS\System32\gdi32full.dll
0x00007ffb135d0000 - 0x00007ffb13673000 	C:\WINDOWS\System32\msvcp_win.dll
0x00007ffb16000000 - 0x00007ffb16032000 	C:\WINDOWS\System32\IMM32.DLL
0x00007ffafb8e0000 - 0x00007ffafb8ec000 	C:\Program Files\Eclipse Adoptium\jdk-21.0.10.7-hotspot\bin\vcruntime140_1.dll
0x00007ffaa66f0000 - 0x00007ffaa677d000 	C:\Program Files\Eclipse Adoptium\jdk-21.0.10.7-hotspot\bin\msvcp140.dll
0x00007ffa99ab0000 - 0x00007ffa9a851000 	C:\Program Files\Eclipse Adoptium\jdk-21.0.10.7-hotspot\bin\server\jvm.dll
0x00007ffb153c0000 - 0x00007ffb15476000 	C:\WINDOWS\System32\ADVAPI32.dll
0x00007ffb14ff0000 - 0x00007ffb15097000 	C:\WINDOWS\System32\sechost.dll
0x00007ffb149c0000 - 0x00007ffb14ad8000 	C:\WINDOWS\System32\RPCRT4.dll
0x00007ffb15d50000 - 0x00007ffb15dd0000 	C:\WINDOWS\System32\WS2_32.dll
0x00007ffb13240000 - 0x00007ffb1329e000 	C:\WINDOWS\SYSTEM32\POWRPROF.dll
0x00007ffaf5240000 - 0x00007ffaf5276000 	C:\WINDOWS\SYSTEM32\WINMM.dll
0x00007ffb03520000 - 0x00007ffb0352b000 	C:\WINDOWS\SYSTEM32\VERSION.dll
0x00007ffb13200000 - 0x00007ffb13214000 	C:\WINDOWS\SYSTEM32\UMPDC.dll
0x00007ffb117e0000 - 0x00007ffb117fb000 	C:\WINDOWS\SYSTEM32\kernel.appcore.dll
0x00007ffaf4570000 - 0x00007ffaf457a000 	C:\Program Files\Eclipse Adoptium\jdk-21.0.10.7-hotspot\bin\jimage.dll
0x00007ffb12b70000 - 0x00007ffb12db2000 	C:\WINDOWS\SYSTEM32\DBGHELP.DLL
0x00007ffb163e0000 - 0x00007ffb16762000 	C:\WINDOWS\System32\combase.dll
0x00007ffb15de0000 - 0x00007ffb15eb7000 	C:\WINDOWS\System32\OLEAUT32.dll
0x00007ffb12a60000 - 0x00007ffb12a9b000 	C:\WINDOWS\SYSTEM32\dbgcore.DLL
0x00007ffb13680000 - 0x00007ffb13725000 	C:\WINDOWS\System32\bcryptPrimitives.dll
0x00007ffaf4170000 - 0x00007ffaf4190000 	C:\Program Files\Eclipse Adoptium\jdk-21.0.10.7-hotspot\bin\java.dll
0x00007ffb155e0000 - 0x00007ffb15d46000 	C:\WINDOWS\System32\SHELL32.dll
0x00007ffb143d0000 - 0x00007ffb1453a000 	C:\WINDOWS\System32\wintypes.dll
0x00007ffb13730000 - 0x00007ffb13f95000 	C:\WINDOWS\System32\windows.storage.dll
0x00007ffb15f00000 - 0x00007ffb15ff7000 	C:\WINDOWS\System32\SHCORE.dll
0x00007ffb167f0000 - 0x00007ffb16856000 	C:\WINDOWS\System32\shlwapi.dll
0x00007ffb132e0000 - 0x00007ffb13309000 	C:\WINDOWS\SYSTEM32\profapi.dll
0x00007ffa9f500000 - 0x00007ffa9f5d7000 	C:\Program Files\Eclipse Adoptium\jdk-21.0.10.7-hotspot\bin\jsvml.dll
0x00007ffaf4560000 - 0x00007ffaf4570000 	C:\Program Files\Eclipse Adoptium\jdk-21.0.10.7-hotspot\bin\net.dll
0x00007ffb04a30000 - 0x00007ffb04b5d000 	C:\WINDOWS\SYSTEM32\WINHTTP.dll
0x00007ffb11cf0000 - 0x00007ffb11d5c000 	C:\WINDOWS\system32\mswsock.dll
0x00007ffaf4150000 - 0x00007ffaf4166000 	C:\Program Files\Eclipse Adoptium\jdk-21.0.10.7-hotspot\bin\nio.dll
0x00007ffae3f60000 - 0x00007ffae3f78000 	C:\Program Files\Eclipse Adoptium\jdk-21.0.10.7-hotspot\bin\zip.dll
0x00007ffae3e20000 - 0x00007ffae3e44000 	C:\Program Files (x86)\Apache\Maven\apache-maven-3.9.12\lib\jansi-native\Windows\x86_64\jansi.dll
0x00007ffaf40e0000 - 0x00007ffaf40f0000 	C:\Program Files\Eclipse Adoptium\jdk-21.0.10.7-hotspot\bin\verify.dll

JVMTI agents: none

dbghelp: loaded successfully - version: 4.0.5 - missing functions: none
symbol engine: initialized successfully - sym options: 0x614 - pdb path: .;C:\Program Files\Eclipse Adoptium\jdk-21.0.10.7-hotspot\bin;C:\WINDOWS\SYSTEM32;C:\WINDOWS\WinSxS\amd64_microsoft.windows.common-controls_6595b64144ccf1df_6.0.26100.8115_none_3e075c82e3354f9c;C:\Program Files\Eclipse Adoptium\jdk-21.0.10.7-hotspot\bin\server;C:\Program Files (x86)\Apache\Maven\apache-maven-3.9.12\lib\jansi-native\Windows\x86_64

VM Arguments:
jvm_args: --enable-native-access=ALL-UNNAMED -Dclassworlds.conf=C:\Program Files (x86)\Apache\Maven\apache-maven-3.9.12\bin\m2.conf -Dmaven.home=C:\Program Files (x86)\Apache\Maven\apache-maven-3.9.12 -Dlibrary.jansi.path=C:\Program Files (x86)\Apache\Maven\apache-maven-3.9.12\lib\jansi-native -Dmaven.multiModuleProjectDirectory=D:\PAF Project\New folder (2)\IT3030-PAF-2026-smart-campus-NUSLIIT_JFN3\backend 
java_command: org.codehaus.plexus.classworlds.launcher.Launcher spring-boot:run
java_class_path (initial): C:\Program Files (x86)\Apache\Maven\apache-maven-3.9.12\boot\plexus-classworlds-2.9.0.jar
Launcher Type: SUN_STANDARD

[Global flags]
     intx CICompilerCount                          = 3                                         {product} {ergonomic}
     uint ConcGCThreads                            = 1                                         {product} {ergonomic}
     uint G1ConcRefinementThreads                  = 4                                         {product} {ergonomic}
   size_t G1HeapRegionSize                         = 2097152                                   {product} {ergonomic}
    uintx GCDrainStackTargetSize                   = 64                                        {product} {ergonomic}
   size_t InitialHeapSize                          = 268435456                                 {product} {ergonomic}
   size_t MarkStackSize                            = 4194304                                   {product} {ergonomic}
   size_t MaxHeapSize                              = 4271898624                                {product} {ergonomic}
   size_t MaxNewSize                               = 2562719744                                {product} {ergonomic}
   size_t MinHeapDeltaBytes                        = 2097152                                   {product} {ergonomic}
   size_t MinHeapSize                              = 8388608                                   {product} {ergonomic}
    uintx NonNMethodCodeHeapSize                   = 5832780                                {pd product} {ergonomic}
    uintx NonProfiledCodeHeapSize                  = 122912730                              {pd product} {ergonomic}
    uintx ProfiledCodeHeapSize                     = 122912730                              {pd product} {ergonomic}
    uintx ReservedCodeCacheSize                    = 251658240                              {pd product} {ergonomic}
     bool SegmentedCodeCache                       = true                                      {product} {ergonomic}
   size_t SoftMaxHeapSize                          = 4271898624                             {manageable} {ergonomic}
     bool UseCompressedOops                        = true                           {product lp64_product} {ergonomic}
     bool UseG1GC                                  = true                                      {product} {ergonomic}
     bool UseLargePagesIndividualAllocation        = false                                  {pd product} {ergonomic}

Logging:
Log output configuration:
 #0: stdout all=warning uptime,level,tags foldmultilines=false
 #1: stderr all=off uptime,level,tags foldmultilines=false

Release file:
IMPLEMENTOR="Eclipse Adoptium" 
IMPLEMENTOR_VERSION="Temurin-21.0.10+7" 
JAVA_RUNTIME_VERSION="21.0.10+7-LTS" 
JAVA_VERSION="21.0.10" 
JAVA_VERSION_DATE="2026-01-20" 
LIBC="default" 
MODULES="java.base java.compiler java.datatransfer java.xml java.prefs java.desktop java.instrument java.logging java.management java.security.sasl java.naming java.rmi java.management.rmi java.net.http java.scripting java.security.jgss java.transaction.xa java.sql java.sql.rowset java.xml.crypto java.se java.smartcardio jdk.accessibility jdk.internal.jvmstat jdk.attach jdk.charsets jdk.internal.opt jdk.zipfs jdk.compiler jdk.crypto.ec jdk.crypto.cryptoki jdk.crypto.mscapi jdk.dynalink jdk.internal.ed jdk.editpad jdk.hotspot.agent jdk.httpserver jdk.incubator.vector jdk.internal.le jdk.internal.vm.ci jdk.internal.vm.compiler jdk.internal.vm.compiler.management jdk.jartool jdk.javadoc jdk.jcmd jdk.management jdk.management.agent jdk.jconsole jdk.jdeps jdk.jdwp.agent jdk.jdi jdk.jfr jdk.jlink jdk.jpackage jdk.jshell jdk.jsobject jdk.jstatd jdk.localedata jdk.management.jfr jdk.naming.dns jdk.naming.rmi jdk.net jdk.nio.mapmode jdk.random jdk.sctp jdk.security.auth jdk.security.jgss jdk.unsupported jdk.unsupported.desktop jdk.xml.dom" 
OS_ARCH="x86_64" 
OS_NAME="Windows" 
SOURCE=".:git:a633eafe0fcc" 
BUILD_SOURCE="git:458965074606f027bd5afce2cfd5c1055dea0438"
BUILD_SOURCE_REPO="https://github.com/adoptium/temurin-build.git"
SOURCE_REPO="https://github.com/adoptium/jdk21u.git"
FULL_VERSION="21.0.10+7-LTS"
SEMANTIC_VERSION="21.0.10+7"
BUILD_INFO="OS: Windows Server 2022 Version: 10.0"
JVM_VARIANT="Hotspot"
JVM_VERSION="21.0.10+7-LTS"
IMAGE_TYPE="JDK"

Environment Variables:
JAVA_HOME=C:\Program Files\Eclipse Adoptium\jdk-21.0.10.7-hotspot\
PATH=C:\Program Files\Eclipse Adoptium\jdk-21.0.10.7-hotspot\bin;C:\Program Files\Eclipse Adoptium\jdk-17.0.18.8-hotspot\bin;C:\Oracal_db_Home\bin;C:\WINDOWS\system32;C:\WINDOWS;C:\WINDOWS\System32\Wbem;C:\WINDOWS\System32\WindowsPowerShell\v1.0\;C:\WINDOWS\System32\OpenSSH\;C:\Program Files\Microsoft SQL Server\Client SDK\ODBC\180\Tools\Binn\;C:\Program Files\Microsoft SQL Server\Client SDK\ODBC\170\Tools\Binn\;C:\Program Files\dotnet\;C:\Program Files (x86)\Microsoft SQL Server\160\DTS\Binn\;C:\Program Files\Azure Data Studio\bin;C:\Program Files\Microsoft SQL Server\170\DTS\Binn\;C:\Program Files\Microsoft SQL Server\130\DTS\Binn\;C:\Program Files\Microsoft SQL Server\140\DTS\Binn\;C:\Program Files\Microsoft SQL Server\150\DTS\Binn\;C:\Program Files\Microsoft SQL Server\160\DTS\Binn\;C:\Program Files (x86)\Microsoft SQL Server\170\Tools\Binn\;C:\Program Files\Microsoft SQL Server\170\Tools\Binn\;C:\Program Files (x86)\Apache\Maven\apache-maven-3.9.12\bin;C:\Program Files\Eclipse Adoptium\jdk-21.0.10.7-hotspot\\bin;C:\Program Files\nodejs\;C:\Program Files\Git\cmd;C:\Users\HP\AppData\Local\Programs\Python\Python312\Scripts\;C:\Users\HP\AppData\Local\Programs\Python\Python312\;C:\Users\HP\AppData\Local\Programs\Python\Launcher\;C:\Users\HP\AppData\Local\Microsoft\WindowsApps;C:\Users\HP\AppData\Local\Programs\Qoder\bin;C:\Users\HP\AppData\Local\Programs\Microsoft VS Code\bin;C:\Users\HP\.dotnet\tools;C:\Program Files\Azure Data Studio\bin;C:\Users\HP\AppData\Roaming\npm;D:\Software\Antigravity\bin
USERNAME=HP
LANG=en_US.UTF-8
OS=Windows_NT
PROCESSOR_IDENTIFIER=Intel64 Family 6 Model 142 Stepping 10, GenuineIntel
TMP=C:\Users\HP\AppData\Local\Temp
TEMP=C:\Users\HP\AppData\Local\Temp




Periodic native trim disabled

---------------  S Y S T E M  ---------------

OS:
 Windows 11 , 64 bit Build 26100 (10.0.26100.8115)
OS uptime: 0 days 8:00 hours
Hyper-V role detected

CPU: total 4 (initial active 4) (2 cores per cpu, 2 threads per core) family 6 model 142 stepping 10 microcode 0xe0, cx8, cmov, fxsr, ht, mmx, 3dnowpref, sse, sse2, sse3, ssse3, sse4.1, sse4.2, popcnt, lzcnt, tsc, tscinvbit, avx, avx2, aes, erms, clmul, bmi1, bmi2, adx, fma, vzeroupper, clflush, clflushopt, hv, rdtscp, f16c
Processor Information for the first 4 processors :
  Max Mhz: 2201, Current Mhz: 2201, Mhz Limit: 2201

Memory: 4k page, system-wide physical 16295M (1370M free)
TotalPageFile size 35347M (AvailPageFile size 6M)
current process WorkingSet (physical memory assigned to process): 154M, peak: 154M
current process commit charge ("private bytes"): 373M, peak: 373M

vm_info: OpenJDK 64-Bit Server VM (21.0.10+7-LTS) for windows-amd64 JRE (21.0.10+7-LTS), built on 2026-01-20T00:00:00Z by "admin" with MS VC++ 17.12 (VS2022)

END.
