#
# There is insufficient memory for the Java Runtime Environment to continue.
# Native memory allocation (mmap) failed to map 20971520 bytes. Error detail: G1 virtual space
# Possible reasons:
#   The system is out of physical RAM or swap space
#   This process is running with CompressedOops enabled, and the Java Heap may be blocking the growth of the native heap
# Possible solutions:
#   Reduce memory load on the system
#   Increase physical memory or swap space
#   Check if swap backing store is full
#   Decrease Java heap size (-Xmx/-Xms)
#   Decrease number of Java threads
#   Decrease Java thread stack sizes (-Xss)
#   Set larger code cache with -XX:ReservedCodeCacheSize=
#   JVM is running with Zero Based Compressed Oops mode in which the Java heap is
#     placed in the first 32GB address space. The Java Heap base address is the
#     maximum limit for the native heap growth. Please use -XX:HeapBaseMinAddress
#     to set the Java Heap base and to place the Java Heap above 32GB virtual address.
# This output file may be truncated or incomplete.
#
#  Out of Memory Error (os_windows.cpp:3714), pid=15876, tid=38340
#
# JRE version: OpenJDK Runtime Environment Temurin-21.0.10+7 (21.0.10+7) (build 21.0.10+7-LTS)
# Java VM: OpenJDK 64-Bit Server VM Temurin-21.0.10+7 (21.0.10+7-LTS, mixed mode, sharing, tiered, compressed oops, compressed class ptrs, g1 gc, windows-amd64)
# No core dump will be written. Minidumps are not enabled by default on client versions of Windows
#

---------------  S U M M A R Y ------------

Command Line: --enable-native-access=ALL-UNNAMED -Dclassworlds.conf=C:\Program Files (x86)\Apache\Maven\apache-maven-3.9.12\bin\m2.conf -Dmaven.home=C:\Program Files (x86)\Apache\Maven\apache-maven-3.9.12 -Dlibrary.jansi.path=C:\Program Files (x86)\Apache\Maven\apache-maven-3.9.12\lib\jansi-native -Dmaven.multiModuleProjectDirectory=D:\PAF Project\New folder (2)\IT3030-PAF-2026-smart-campus-NUSLIIT_JFN3\backend org.codehaus.plexus.classworlds.launcher.Launcher compile

Host: Intel(R) Core(TM) i3-8130U CPU @ 2.20GHz, 4 cores, 15G,  Windows 11 , 64 bit Build 26100 (10.0.26100.8115)
Time: Thu Apr  9 01:32:16 2026 Sri Lanka Standard Time elapsed time: 29.256402 seconds (0d 0h 0m 29s)

---------------  T H R E A D  ---------------

Current thread (0x000001fe211c6370):  VMThread "VM Thread"          [id=38340, stack(0x0000000474a00000,0x0000000474b00000) (1024K)]

Stack: [0x0000000474a00000,0x0000000474b00000]
Native frames: (J=compiled Java code, j=interpreted, Vv=VM code, C=native code)
V  [jvm.dll+0x6d7a39]
V  [jvm.dll+0x8b4b26]
V  [jvm.dll+0x8b70de]
V  [jvm.dll+0x8b77c3]
V  [jvm.dll+0x284346]
V  [jvm.dll+0x6d4355]
V  [jvm.dll+0x6c808a]
V  [jvm.dll+0x35edb8]
V  [jvm.dll+0x3669f6]
V  [jvm.dll+0x3b7afe]
V  [jvm.dll+0x3b7da8]
V  [jvm.dll+0x332fbc]
V  [jvm.dll+0x333047]
V  [jvm.dll+0x376e1c]
V  [jvm.dll+0x3755be]
V  [jvm.dll+0x332701]
V  [jvm.dll+0x374c2a]
V  [jvm.dll+0x8bd4b0]
V  [jvm.dll+0x8be824]
V  [jvm.dll+0x8bed50]
V  [jvm.dll+0x8beff3]
V  [jvm.dll+0x85f59d]
V  [jvm.dll+0x6d626d]
C  [ucrtbase.dll+0x37b0]
C  [KERNEL32.DLL+0x2e8d7]
C  [ntdll.dll+0x8c3fc]

VM_Operation (0x00000004743fc9f0): G1CollectForAllocation, mode: safepoint, requested by thread 0x000001fe02638e80


---------------  P R O C E S S  ---------------

Threads class SMR info:
_java_thread_list=0x000001fe21c49ec0, length=12, elements={
0x000001fe02638e80, 0x000001fe211e7680, 0x000001fe211ebe20, 0x000001fe211ef5b0,
0x000001fe211f27c0, 0x000001fe211f1410, 0x000001fe211f2e50, 0x000001fe211f4f20,
0x000001fe21263a70, 0x000001fe211f34e0, 0x000001fe211f0060, 0x000001fe211f2130
}

Java Threads: ( => current thread )
  0x000001fe02638e80 JavaThread "main"                              [_thread_blocked, id=20372, stack(0x0000000474300000,0x0000000474400000) (1024K)]
  0x000001fe211e7680 JavaThread "Reference Handler"          daemon [_thread_blocked, id=39188, stack(0x0000000474b00000,0x0000000474c00000) (1024K)]
  0x000001fe211ebe20 JavaThread "Finalizer"                  daemon [_thread_blocked, id=29212, stack(0x0000000474c00000,0x0000000474d00000) (1024K)]
  0x000001fe211ef5b0 JavaThread "Signal Dispatcher"          daemon [_thread_blocked, id=36312, stack(0x0000000474d00000,0x0000000474e00000) (1024K)]
  0x000001fe211f27c0 JavaThread "Attach Listener"            daemon [_thread_blocked, id=21760, stack(0x0000000474e00000,0x0000000474f00000) (1024K)]
  0x000001fe211f1410 JavaThread "Service Thread"             daemon [_thread_blocked, id=39756, stack(0x0000000474f00000,0x0000000475000000) (1024K)]
  0x000001fe211f2e50 JavaThread "Monitor Deflation Thread"   daemon [_thread_blocked, id=39440, stack(0x0000000475000000,0x0000000475100000) (1024K)]
  0x000001fe211f4f20 JavaThread "C2 CompilerThread0"         daemon [_thread_blocked, id=35064, stack(0x0000000475100000,0x0000000475200000) (1024K)]
  0x000001fe21263a70 JavaThread "C1 CompilerThread0"         daemon [_thread_blocked, id=20288, stack(0x0000000475200000,0x0000000475300000) (1024K)]
  0x000001fe211f34e0 JavaThread "Notification Thread"        daemon [_thread_blocked, id=5036, stack(0x0000000475300000,0x0000000475400000) (1024K)]
  0x000001fe211f0060 JavaThread "Common-Cleaner"             daemon [_thread_blocked, id=17976, stack(0x0000000475400000,0x0000000475500000) (1024K)]
  0x000001fe211f2130 JavaThread "Thread-1"                   daemon [_thread_blocked, id=38580, stack(0x0000000475900000,0x0000000475a00000) (1024K)]
Total: 12

Other Threads:
=>0x000001fe211c6370 VMThread "VM Thread"                           [id=38340, stack(0x0000000474a00000,0x0000000474b00000) (1024K)]
  0x000001fe211b45d0 WatcherThread "VM Periodic Task Thread"        [id=37324, stack(0x0000000474900000,0x0000000474a00000) (1024K)]
  0x000001fe026a2310 WorkerThread "GC Thread#0"                     [id=16068, stack(0x0000000474400000,0x0000000474500000) (1024K)]
  0x000001fe21a92f30 WorkerThread "GC Thread#1"                     [id=22436, stack(0x0000000475500000,0x0000000475600000) (1024K)]
  0x000001fe21af67d0 WorkerThread "GC Thread#2"                     [id=39804, stack(0x0000000475600000,0x0000000475700000) (1024K)]
  0x000001fe21af6b80 WorkerThread "GC Thread#3"                     [id=3480, stack(0x0000000475700000,0x0000000475800000) (1024K)]
  0x000001fe026b3190 ConcurrentGCThread "G1 Main Marker"            [id=37836, stack(0x0000000474500000,0x0000000474600000) (1024K)]
  0x000001fe026b4b20 WorkerThread "G1 Conc#0"                       [id=38816, stack(0x0000000474600000,0x0000000474700000) (1024K)]
  0x000001fe21075580 ConcurrentGCThread "G1 Refine#0"               [id=32832, stack(0x0000000474700000,0x0000000474800000) (1024K)]
  0x000001fe21075d10 ConcurrentGCThread "G1 Service"                [id=38052, stack(0x0000000474800000,0x0000000474900000) (1024K)]
Total: 10

Threads with active compile tasks:
C2 CompilerThread0  29329 7908       4       com.sun.tools.javac.code.Scope$Entry::next (44 bytes)
Total: 1

VM state: at safepoint (normal execution)

VM Mutex/Monitor currently owned by a thread:  ([mutex/lock_event])
[0x00007ffa9103e560] Threads_lock - owner thread: 0x000001fe211c6370
[0x00007ffa9103e660] Heap_lock - owner thread: 0x000001fe02638e80

Heap address: 0x0000000701600000, size: 4074 MB, Compressed Oops mode: Zero based, Oop shift amount: 3

CDS archive(s) mapped at: [0x000001fe22000000-0x000001fe22c80000-0x000001fe22c80000), size 13107200, SharedBaseAddress: 0x000001fe22000000, ArchiveRelocationMode: 1.
Compressed class space mapped at: 0x000001fe23000000-0x000001fe63000000, reserved size: 1073741824
Narrow klass base: 0x000001fe22000000, Narrow klass shift: 0, Narrow klass range: 0x100000000

GC Precious Log:
 CardTable entry size: 512
 Card Set container configuration: InlinePtr #cards 4 size 8 Array Of Cards #cards 16 size 48 Howl #buckets 8 coarsen threshold 3686 Howl Bitmap #cards 512 size 80 coarsen threshold 460 Card regions per heap region 1 cards per card region 4096
 CPUs: 4 total, 4 available
 Memory: 16295M
 Large Page Support: Disabled
 NUMA Support: Disabled
 Compressed Oops: Enabled (Zero based)
 Heap Region Size: 2M
 Heap Min Capacity: 8M
 Heap Initial Capacity: 256M
 Heap Max Capacity: 4074M
 Pre-touch: Disabled
 Parallel Workers: 4
 Concurrent Workers: 1
 Concurrent Refinement Workers: 4
 Periodic GC: Disabled

Heap:
 garbage-first heap   total 102400K, used 52141K [0x0000000701600000, 0x0000000800000000)
  region size 2048K, 1 young (2048K), 1 survivors (2048K)
 Metaspace       used 30010K, committed 30400K, reserved 1114112K
  class space    used 3346K, committed 3520K, reserved 1048576K

Heap Regions: E=young(eden), S=young(survivor), O=old, HS=humongous(starts), HC=humongous(continues), CS=collection set, F=free, TAMS=top-at-mark-start, PB=parsable bottom
|   0|0x0000000701600000, 0x0000000701800000, 0x0000000701800000|100%| O|  |TAMS 0x0000000701800000| PB 0x0000000701600000| Untracked 
|   1|0x0000000701800000, 0x0000000701a00000, 0x0000000701a00000|100%| O|  |TAMS 0x0000000701a00000| PB 0x0000000701800000| Untracked 
|   2|0x0000000701a00000, 0x0000000701c00000, 0x0000000701c00000|100%|HS|  |TAMS 0x0000000701c00000| PB 0x0000000701a00000| Complete 
|   3|0x0000000701c00000, 0x0000000701e00000, 0x0000000701e00000|100%| O|  |TAMS 0x0000000701e00000| PB 0x0000000701c00000| Untracked 
|   4|0x0000000701e00000, 0x0000000702000000, 0x0000000702000000|100%| O|  |TAMS 0x0000000702000000| PB 0x0000000701e00000| Untracked 
|   5|0x0000000702000000, 0x0000000702200000, 0x0000000702200000|100%| O|  |TAMS 0x0000000702200000| PB 0x0000000702000000| Untracked 
|   6|0x0000000702200000, 0x0000000702400000, 0x0000000702400000|100%| O|  |TAMS 0x0000000702400000| PB 0x0000000702200000| Untracked 
|   7|0x0000000702400000, 0x0000000702600000, 0x0000000702600000|100%| O|  |TAMS 0x0000000702600000| PB 0x0000000702400000| Untracked 
|   8|0x0000000702600000, 0x0000000702800000, 0x0000000702800000|100%| O|  |TAMS 0x0000000702800000| PB 0x0000000702600000| Untracked 
|   9|0x0000000702800000, 0x0000000702a00000, 0x0000000702a00000|100%| O|  |TAMS 0x0000000702a00000| PB 0x0000000702800000| Untracked 
|  10|0x0000000702a00000, 0x0000000702c00000, 0x0000000702c00000|100%| O|  |TAMS 0x0000000702c00000| PB 0x0000000702a00000| Untracked 
|  11|0x0000000702c00000, 0x0000000702e00000, 0x0000000702e00000|100%| O|  |TAMS 0x0000000702e00000| PB 0x0000000702c00000| Untracked 
|  12|0x0000000702e00000, 0x0000000703000000, 0x0000000703000000|100%| O|  |TAMS 0x0000000703000000| PB 0x0000000702e00000| Untracked 
|  13|0x0000000703000000, 0x0000000703200000, 0x0000000703200000|100%| O|  |TAMS 0x0000000703200000| PB 0x0000000703000000| Untracked 
|  14|0x0000000703200000, 0x0000000703400000, 0x0000000703400000|100%| O|  |TAMS 0x0000000703400000| PB 0x0000000703200000| Untracked 
|  15|0x0000000703400000, 0x0000000703600000, 0x0000000703600000|100%| O|  |TAMS 0x0000000703600000| PB 0x0000000703400000| Untracked 
|  16|0x0000000703600000, 0x0000000703800000, 0x0000000703800000|100%| O|  |TAMS 0x0000000703800000| PB 0x0000000703600000| Untracked 
|  17|0x0000000703800000, 0x0000000703955a70, 0x0000000703a00000| 66%| O|  |TAMS 0x0000000703955a70| PB 0x0000000703800000| Untracked 
|  18|0x0000000703a00000, 0x0000000703c00000, 0x0000000703c00000|100%|HS|  |TAMS 0x0000000703c00000| PB 0x0000000703a00000| Complete 
|  19|0x0000000703c00000, 0x0000000703e00000, 0x0000000703e00000|100%| O|  |TAMS 0x0000000703e00000| PB 0x0000000703c00000| Untracked 
|  20|0x0000000703e00000, 0x0000000704000000, 0x0000000704000000|100%| O|  |TAMS 0x0000000704000000| PB 0x0000000703e00000| Untracked 
|  21|0x0000000704000000, 0x0000000704200000, 0x0000000704200000|100%| O|  |TAMS 0x0000000704200000| PB 0x0000000704000000| Untracked 
|  22|0x0000000704200000, 0x0000000704200000, 0x0000000704400000|  0%| F|  |TAMS 0x0000000704200000| PB 0x0000000704200000| Untracked 
|  23|0x0000000704400000, 0x0000000704400000, 0x0000000704600000|  0%| F|  |TAMS 0x0000000704400000| PB 0x0000000704400000| Untracked 
|  24|0x0000000704600000, 0x0000000704600000, 0x0000000704800000|  0%| F|  |TAMS 0x0000000704600000| PB 0x0000000704600000| Untracked 
|  25|0x0000000704800000, 0x0000000704800000, 0x0000000704a00000|  0%| F|  |TAMS 0x0000000704800000| PB 0x0000000704800000| Untracked 
|  26|0x0000000704a00000, 0x0000000704a00000, 0x0000000704c00000|  0%| F|  |TAMS 0x0000000704a00000| PB 0x0000000704a00000| Untracked 
|  27|0x0000000704c00000, 0x0000000704c00000, 0x0000000704e00000|  0%| F|  |TAMS 0x0000000704c00000| PB 0x0000000704c00000| Untracked 
|  28|0x0000000704e00000, 0x0000000704e00000, 0x0000000705000000|  0%| F|  |TAMS 0x0000000704e00000| PB 0x0000000704e00000| Untracked 
|  29|0x0000000705000000, 0x00000007051959a8, 0x0000000705200000| 79%| S|CS|TAMS 0x0000000705000000| PB 0x0000000705000000| Complete 
|  30|0x0000000705200000, 0x0000000705200000, 0x0000000705400000|  0%| F|  |TAMS 0x0000000705200000| PB 0x0000000705200000| Untracked 
|  31|0x0000000705400000, 0x0000000705400000, 0x0000000705600000|  0%| F|  |TAMS 0x0000000705400000| PB 0x0000000705400000| Untracked 
|  32|0x0000000705600000, 0x0000000705600000, 0x0000000705800000|  0%| F|  |TAMS 0x0000000705600000| PB 0x0000000705600000| Untracked 
|  33|0x0000000705800000, 0x0000000705800000, 0x0000000705a00000|  0%| F|  |TAMS 0x0000000705800000| PB 0x0000000705800000| Untracked 
|  34|0x0000000705a00000, 0x0000000705a00000, 0x0000000705c00000|  0%| F|  |TAMS 0x0000000705a00000| PB 0x0000000705a00000| Untracked 
|  35|0x0000000705c00000, 0x0000000705c00000, 0x0000000705e00000|  0%| F|  |TAMS 0x0000000705c00000| PB 0x0000000705c00000| Untracked 
|  36|0x0000000705e00000, 0x0000000705e00000, 0x0000000706000000|  0%| F|  |TAMS 0x0000000705e00000| PB 0x0000000705e00000| Untracked 
|  37|0x0000000706000000, 0x0000000706000000, 0x0000000706200000|  0%| F|  |TAMS 0x0000000706000000| PB 0x0000000706000000| Untracked 
|  38|0x0000000706200000, 0x0000000706200000, 0x0000000706400000|  0%| F|  |TAMS 0x0000000706200000| PB 0x0000000706200000| Untracked 
|  39|0x0000000706400000, 0x0000000706400000, 0x0000000706600000|  0%| F|  |TAMS 0x0000000706400000| PB 0x0000000706400000| Untracked 
|  40|0x0000000706600000, 0x0000000706600000, 0x0000000706800000|  0%| F|  |TAMS 0x0000000706600000| PB 0x0000000706600000| Untracked 
|  41|0x0000000706800000, 0x0000000706800000, 0x0000000706a00000|  0%| F|  |TAMS 0x0000000706800000| PB 0x0000000706800000| Untracked 
|  42|0x0000000706a00000, 0x0000000706a00000, 0x0000000706c00000|  0%| F|  |TAMS 0x0000000706a00000| PB 0x0000000706a00000| Untracked 
| 122|0x0000000710a00000, 0x0000000710a00000, 0x0000000710c00000|  0%| F|  |TAMS 0x0000000710a00000| PB 0x0000000710a00000| Untracked 
| 123|0x0000000710c00000, 0x0000000710c00000, 0x0000000710e00000|  0%| F|  |TAMS 0x0000000710c00000| PB 0x0000000710c00000| Untracked 
| 124|0x0000000710e00000, 0x0000000710e00000, 0x0000000711000000|  0%| F|  |TAMS 0x0000000710e00000| PB 0x0000000710e00000| Untracked 
| 127|0x0000000711400000, 0x0000000711400000, 0x0000000711600000|  0%| F|  |TAMS 0x0000000711400000| PB 0x0000000711400000| Untracked 
|2034|0x00000007ffa00000, 0x00000007ffc00000, 0x00000007ffc00000|100%| O|  |TAMS 0x00000007ffc00000| PB 0x00000007ffa00000| Untracked 
|2035|0x00000007ffc00000, 0x00000007ffe00000, 0x00000007ffe00000|100%| O|  |TAMS 0x00000007ffe00000| PB 0x00000007ffc00000| Untracked 
|2036|0x00000007ffe00000, 0x0000000800000000, 0x0000000800000000|100%| O|  |TAMS 0x0000000800000000| PB 0x00000007ffe00000| Untracked 

Card table byte_map: [0x000001fe1a550000,0x000001fe1ad50000] _byte_map_base: 0x000001fe16d45000

Marking Bits: (CMBitMap*) 0x000001fe026a2a20
 Bits: [0x000001fe1ad50000, 0x000001fe1ecf8000)

Polling page: 0x000001fe00410000

Metaspace:

Usage:
  Non-class:     26.04 MB used.
      Class:      3.27 MB used.
       Both:     29.31 MB used.

Virtual space:
  Non-class space:       64.00 MB reserved,      26.25 MB ( 41%) committed,  1 nodes.
      Class space:        1.00 GB reserved,       3.44 MB ( <1%) committed,  1 nodes.
             Both:        1.06 GB reserved,      29.69 MB (  3%) committed. 

Chunk freelists:
   Non-Class:  5.64 MB
       Class:  12.54 MB
        Both:  18.18 MB

MaxMetaspaceSize: unlimited
CompressedClassSpaceSize: 1.00 GB
Initial GC threshold: 21.00 MB
Current GC threshold: 48.38 MB
CDS: on
 - commit_granule_bytes: 65536.
 - commit_granule_words: 8192.
 - virtual_space_node_default_size: 8388608.
 - enlarge_chunks_in_place: 1.
 - use_allocation_guard: 0.


Internal statistics:

num_allocs_failed_limit: 3.
num_arena_births: 296.
num_arena_deaths: 0.
num_vsnodes_births: 2.
num_vsnodes_deaths: 0.
num_space_committed: 475.
num_space_uncommitted: 0.
num_chunks_returned_to_freelist: 3.
num_chunks_taken_from_freelist: 1420.
num_chunk_merges: 3.
num_chunk_splits: 985.
num_chunks_enlarged: 750.
num_inconsistent_stats: 0.

CodeHeap 'non-profiled nmethods': size=120000Kb used=4821Kb max_used=4821Kb free=115179Kb
 bounds [0x000001fe12820000, 0x000001fe12ce0000, 0x000001fe19d50000]
CodeHeap 'profiled nmethods': size=120000Kb used=16251Kb max_used=16732Kb free=103748Kb
 bounds [0x000001fe0ad50000, 0x000001fe0bdb0000, 0x000001fe12280000]
CodeHeap 'non-nmethods': size=5760Kb used=1391Kb max_used=1565Kb free=4368Kb
 bounds [0x000001fe12280000, 0x000001fe124f0000, 0x000001fe12820000]
CodeCache: size=245760Kb, used=22463Kb, max_used=23118Kb, free=223295Kb
 total_blobs=7669, nmethods=7123, adapters=449, full_count=0
Compilation: enabled, stopped_count=0, restarted_count=0

Compilation events (20 events):
Event: 28.442 Thread 0x000001fe21263a70 nmethod 7900 0x000001fe0b329d10 code [0x000001fe0b329ec0, 0x000001fe0b32a148]
Event: 28.444 Thread 0x000001fe21263a70 7901       3       com.sun.tools.javac.tree.TreeInfo::hasConstructors (34 bytes)
Event: 28.445 Thread 0x000001fe21263a70 nmethod 7901 0x000001fe0b329590 code [0x000001fe0b329760, 0x000001fe0b329bc0]
Event: 28.448 Thread 0x000001fe21263a70 7902       3       com.sun.tools.javac.comp.TypeEnter$$Lambda/0x000001fe23329488::run (4 bytes)
Event: 28.448 Thread 0x000001fe21263a70 nmethod 7902 0x000001fe0b329190 code [0x000001fe0b329340, 0x000001fe0b3294a0]
Event: 28.448 Thread 0x000001fe21263a70 7903       3       com.sun.tools.javac.comp.TypeEnter::lambda$complete$1 (1 bytes)
Event: 28.448 Thread 0x000001fe21263a70 nmethod 7903 0x000001fe0af9d290 code [0x000001fe0af9d420, 0x000001fe0af9d508]
Event: 28.449 Thread 0x000001fe211f4f20 nmethod 7896 0x000001fe12cd4490 code [0x000001fe12cd4640, 0x000001fe12cd4aa0]
Event: 28.449 Thread 0x000001fe211f4f20 7898       4       com.sun.tools.javac.comp.Check::setLint (12 bytes)
Event: 28.451 Thread 0x000001fe21263a70 7904       3       com.sun.tools.javac.util.List::filter (60 bytes)
Event: 28.451 Thread 0x000001fe211f4f20 nmethod 7898 0x000001fe12cd4c90 code [0x000001fe12cd4e20, 0x000001fe12cd4fb0]
Event: 28.452 Thread 0x000001fe21263a70 nmethod 7904 0x000001fe0b345390 code [0x000001fe0b345620, 0x000001fe0b346428]
Event: 28.452 Thread 0x000001fe21263a70 7905       3       com.sun.tools.javac.comp.TypeEnter$MembersPhase$$Lambda/0x000001fe23328400::test (12 bytes)
Event: 28.452 Thread 0x000001fe21263a70 nmethod 7905 0x000001fe0b328b90 code [0x000001fe0b328d60, 0x000001fe0b329088]
Event: 28.452 Thread 0x000001fe21263a70 7906       3       com.sun.tools.javac.comp.TypeEnter$MembersPhase::lambda$finishClass$0 (18 bytes)
Event: 28.452 Thread 0x000001fe21263a70 nmethod 7906 0x000001fe0b328510 code [0x000001fe0b3286c0, 0x000001fe0b328870]
Event: 28.456 Thread 0x000001fe21263a70 7907   !   3       com.sun.tools.javac.comp.Check::checkNonCyclicInternal (304 bytes)
Event: 28.458 Thread 0x000001fe21263a70 nmethod 7907 0x000001fe0b475890 code [0x000001fe0b475b40, 0x000001fe0b476d20]
Event: 28.459 Thread 0x000001fe211f4f20 7908       4       com.sun.tools.javac.code.Scope$Entry::next (44 bytes)
Event: 28.461 Thread 0x000001fe211f4f20 nmethod 7908 0x000001fe12cd5010 code [0x000001fe12cd51a0, 0x000001fe12cd52e0]

GC Heap History (20 events):
Event: 1.109 GC heap after
{Heap after GC invocations=2 (full 0):
 garbage-first heap   total 262144K, used 3871K [0x0000000701600000, 0x0000000800000000)
  region size 2048K, 1 young (2048K), 1 survivors (2048K)
 Metaspace       used 5667K, committed 5888K, reserved 1114112K
  class space    used 668K, committed 768K, reserved 1048576K
}
Event: 2.231 GC heap before
{Heap before GC invocations=2 (full 0):
 garbage-first heap   total 262144K, used 38687K [0x0000000701600000, 0x0000000800000000)
  region size 2048K, 18 young (36864K), 1 survivors (2048K)
 Metaspace       used 10448K, committed 10624K, reserved 1114112K
  class space    used 1261K, committed 1344K, reserved 1048576K
}
Event: 2.234 GC heap after
{Heap after GC invocations=3 (full 0):
 garbage-first heap   total 262144K, used 5816K [0x0000000701600000, 0x0000000800000000)
  region size 2048K, 2 young (4096K), 2 survivors (4096K)
 Metaspace       used 10448K, committed 10624K, reserved 1114112K
  class space    used 1261K, committed 1344K, reserved 1048576K
}
Event: 10.783 GC heap before
{Heap before GC invocations=3 (full 0):
 garbage-first heap   total 262144K, used 190136K [0x0000000701600000, 0x0000000800000000)
  region size 2048K, 76 young (155648K), 2 survivors (4096K)
 Metaspace       used 20334K, committed 20672K, reserved 1114112K
  class space    used 2334K, committed 2496K, reserved 1048576K
}
Event: 10.832 GC heap after
{Heap after GC invocations=4 (full 0):
 garbage-first heap   total 262144K, used 22866K [0x0000000701600000, 0x0000000800000000)
  region size 2048K, 9 young (18432K), 9 survivors (18432K)
 Metaspace       used 20334K, committed 20672K, reserved 1114112K
  class space    used 2334K, committed 2496K, reserved 1048576K
}
Event: 11.352 GC heap before
{Heap before GC invocations=4 (full 0):
 garbage-first heap   total 262144K, used 29010K [0x0000000701600000, 0x0000000800000000)
  region size 2048K, 12 young (24576K), 9 survivors (18432K)
 Metaspace       used 21178K, committed 21504K, reserved 1114112K
  class space    used 2454K, committed 2624K, reserved 1048576K
}
Event: 11.391 GC heap after
{Heap after GC invocations=5 (full 0):
 garbage-first heap   total 262144K, used 25794K [0x0000000701600000, 0x0000000800000000)
  region size 2048K, 3 young (6144K), 3 survivors (6144K)
 Metaspace       used 21178K, committed 21504K, reserved 1114112K
  class space    used 2454K, committed 2624K, reserved 1048576K
}
Event: 17.402 GC heap before
{Heap before GC invocations=6 (full 0):
 garbage-first heap   total 96256K, used 76994K [0x0000000701600000, 0x0000000800000000)
  region size 2048K, 28 young (57344K), 3 survivors (6144K)
 Metaspace       used 26799K, committed 27136K, reserved 1114112K
  class space    used 3068K, committed 3200K, reserved 1048576K
}
Event: 17.434 GC heap after
{Heap after GC invocations=7 (full 0):
 garbage-first heap   total 102400K, used 42182K [0x0000000701600000, 0x0000000800000000)
  region size 2048K, 4 young (8192K), 4 survivors (8192K)
 Metaspace       used 26799K, committed 27136K, reserved 1114112K
  class space    used 3068K, committed 3200K, reserved 1048576K
}
Event: 18.247 GC heap before
{Heap before GC invocations=7 (full 0):
 garbage-first heap   total 102400K, used 60614K [0x0000000701600000, 0x0000000800000000)
  region size 2048K, 13 young (26624K), 4 survivors (8192K)
 Metaspace       used 27106K, committed 27392K, reserved 1114112K
  class space    used 3085K, committed 3200K, reserved 1048576K
}
Event: 18.284 GC heap after
{Heap after GC invocations=8 (full 0):
 garbage-first heap   total 102400K, used 46407K [0x0000000701600000, 0x0000000800000000)
  region size 2048K, 2 young (4096K), 2 survivors (4096K)
 Metaspace       used 27106K, committed 27392K, reserved 1114112K
  class space    used 3085K, committed 3200K, reserved 1048576K
}
Event: 21.020 GC heap before
{Heap before GC invocations=8 (full 0):
 garbage-first heap   total 102400K, used 75079K [0x0000000701600000, 0x0000000800000000)
  region size 2048K, 16 young (32768K), 2 survivors (4096K)
 Metaspace       used 27879K, committed 28224K, reserved 1114112K
  class space    used 3135K, committed 3264K, reserved 1048576K
}
Event: 21.050 GC heap after
{Heap after GC invocations=9 (full 0):
 garbage-first heap   total 102400K, used 51328K [0x0000000701600000, 0x0000000800000000)
  region size 2048K, 2 young (4096K), 2 survivors (4096K)
 Metaspace       used 27879K, committed 28224K, reserved 1114112K
  class space    used 3135K, committed 3264K, reserved 1048576K
}
Event: 23.805 GC heap before
{Heap before GC invocations=9 (full 0):
 garbage-first heap   total 102400K, used 75904K [0x0000000701600000, 0x0000000800000000)
  region size 2048K, 15 young (30720K), 2 survivors (4096K)
 Metaspace       used 29316K, committed 29696K, reserved 1114112K
  class space    used 3307K, committed 3456K, reserved 1048576K
}
Event: 23.833 GC heap after
{Heap after GC invocations=10 (full 0):
 garbage-first heap   total 102400K, used 52876K [0x0000000701600000, 0x0000000800000000)
  region size 2048K, 1 young (2048K), 1 survivors (2048K)
 Metaspace       used 29316K, committed 29696K, reserved 1114112K
  class space    used 3307K, committed 3456K, reserved 1048576K
}
Event: 26.435 GC heap before
{Heap before GC invocations=11 (full 0):
 garbage-first heap   total 102400K, used 81548K [0x0000000701600000, 0x0000000800000000)
  region size 2048K, 15 young (30720K), 1 survivors (2048K)
 Metaspace       used 29715K, committed 30144K, reserved 1114112K
  class space    used 3339K, committed 3520K, reserved 1048576K
}
Event: 26.440 GC heap after
{Heap after GC invocations=12 (full 0):
 garbage-first heap   total 102400K, used 52829K [0x0000000701600000, 0x0000000800000000)
  region size 2048K, 1 young (2048K), 1 survivors (2048K)
 Metaspace       used 29715K, committed 30144K, reserved 1114112K
  class space    used 3339K, committed 3520K, reserved 1048576K
}
Event: 27.417 GC heap before
{Heap before GC invocations=12 (full 0):
 garbage-first heap   total 102400K, used 83549K [0x0000000701600000, 0x0000000800000000)
  region size 2048K, 16 young (32768K), 1 survivors (2048K)
 Metaspace       used 29865K, committed 30272K, reserved 1114112K
  class space    used 3344K, committed 3520K, reserved 1048576K
}
Event: 27.429 GC heap after
{Heap after GC invocations=13 (full 0):
 garbage-first heap   total 102400K, used 52330K [0x0000000701600000, 0x0000000800000000)
  region size 2048K, 1 young (2048K), 1 survivors (2048K)
 Metaspace       used 29865K, committed 30272K, reserved 1114112K
  class space    used 3344K, committed 3520K, reserved 1048576K
}
Event: 28.461 GC heap before
{Heap before GC invocations=13 (full 0):
 garbage-first heap   total 102400K, used 85098K [0x0000000701600000, 0x0000000800000000)
  region size 2048K, 17 young (34816K), 1 survivors (2048K)
 Metaspace       used 30010K, committed 30400K, reserved 1114112K
  class space    used 3346K, committed 3520K, reserved 1048576K
}

Dll operation events (8 events):
Event: 0.016 Loaded shared library C:\Program Files\Eclipse Adoptium\jdk-21.0.10.7-hotspot\bin\java.dll
Event: 0.064 Loaded shared library C:\Program Files\Eclipse Adoptium\jdk-21.0.10.7-hotspot\bin\jsvml.dll
Event: 0.118 Loaded shared library C:\Program Files\Eclipse Adoptium\jdk-21.0.10.7-hotspot\bin\net.dll
Event: 0.123 Loaded shared library C:\Program Files\Eclipse Adoptium\jdk-21.0.10.7-hotspot\bin\nio.dll
Event: 0.128 Loaded shared library C:\Program Files\Eclipse Adoptium\jdk-21.0.10.7-hotspot\bin\zip.dll
Event: 0.362 Loaded shared library C:\Program Files (x86)\Apache\Maven\apache-maven-3.9.12\lib\jansi-native\Windows\x86_64\jansi.dll
Event: 0.362 Loaded shared library C:\Program Files\Eclipse Adoptium\jdk-21.0.10.7-hotspot\bin\jimage.dll
Event: 0.392 Loaded shared library C:\Program Files\Eclipse Adoptium\jdk-21.0.10.7-hotspot\bin\verify.dll

Deoptimization events (20 events):
Event: 27.982 Thread 0x000001fe02638e80 Uncommon trap: trap_request=0xffffffc6 fr.pc=0x000001fe1287e588 relative=0x00000000000037a8
Event: 27.982 Thread 0x000001fe02638e80 Uncommon trap: reason=bimorphic_or_optimized_type_check action=maybe_recompile pc=0x000001fe1287e588 method=com.sun.tools.javac.tree.Pretty.printExpr(Lcom/sun/tools/javac/tree/JCTree;I)V @ 25 c2
Event: 27.982 Thread 0x000001fe02638e80 DEOPT PACKING pc=0x000001fe1287e588 sp=0x00000004743fd270
Event: 27.982 Thread 0x000001fe02638e80 DEOPT UNPACKING pc=0x000001fe122d4422 sp=0x00000004743fd278 mode 2
Event: 27.983 Thread 0x000001fe02638e80 Uncommon trap: trap_request=0xffffffc6 fr.pc=0x000001fe1287e588 relative=0x00000000000037a8
Event: 27.983 Thread 0x000001fe02638e80 Uncommon trap: reason=bimorphic_or_optimized_type_check action=maybe_recompile pc=0x000001fe1287e588 method=com.sun.tools.javac.tree.Pretty.printExpr(Lcom/sun/tools/javac/tree/JCTree;I)V @ 25 c2
Event: 27.983 Thread 0x000001fe02638e80 DEOPT PACKING pc=0x000001fe1287e588 sp=0x00000004743fd510
Event: 27.983 Thread 0x000001fe02638e80 DEOPT UNPACKING pc=0x000001fe122d4422 sp=0x00000004743fd518 mode 2
Event: 27.983 Thread 0x000001fe02638e80 Uncommon trap: trap_request=0xffffffc6 fr.pc=0x000001fe1287e588 relative=0x00000000000037a8
Event: 27.984 Thread 0x000001fe02638e80 Uncommon trap: reason=bimorphic_or_optimized_type_check action=maybe_recompile pc=0x000001fe1287e588 method=com.sun.tools.javac.tree.Pretty.printExpr(Lcom/sun/tools/javac/tree/JCTree;I)V @ 25 c2
Event: 27.984 Thread 0x000001fe02638e80 DEOPT PACKING pc=0x000001fe1287e588 sp=0x00000004743fd350
Event: 27.984 Thread 0x000001fe02638e80 DEOPT UNPACKING pc=0x000001fe122d4422 sp=0x00000004743fd358 mode 2
Event: 28.399 Thread 0x000001fe02638e80 Uncommon trap: trap_request=0xffffff45 fr.pc=0x000001fe1295f8dc relative=0x00000000000017dc
Event: 28.399 Thread 0x000001fe02638e80 Uncommon trap: reason=unstable_if action=reinterpret pc=0x000001fe1295f8dc method=java.util.HashMap.hash(Ljava/lang/Object;)I @ 1 c2
Event: 28.399 Thread 0x000001fe02638e80 DEOPT PACKING pc=0x000001fe1295f8dc sp=0x00000004743fdbe0
Event: 28.399 Thread 0x000001fe02638e80 DEOPT UNPACKING pc=0x000001fe122d4422 sp=0x00000004743fdaf0 mode 2
Event: 28.399 Thread 0x000001fe02638e80 Uncommon trap: trap_request=0xfffffff4 fr.pc=0x000001fe129300bc relative=0x000000000000009c
Event: 28.399 Thread 0x000001fe02638e80 Uncommon trap: reason=null_check action=make_not_entrant pc=0x000001fe129300bc method=java.lang.Long.equals(Ljava/lang/Object;)Z @ 1 c2
Event: 28.399 Thread 0x000001fe02638e80 DEOPT PACKING pc=0x000001fe129300bc sp=0x00000004743fdc30
Event: 28.399 Thread 0x000001fe02638e80 DEOPT UNPACKING pc=0x000001fe122d4422 sp=0x00000004743fdbd0 mode 2

Classes loaded (20 events):
Event: 22.172 Loading class java/util/regex/Pattern$LookBehindEndNode
Event: 22.173 Loading class java/util/regex/Pattern$LookBehindEndNode done
Event: 22.173 Loading class java/util/regex/Pattern$NotBehind
Event: 22.173 Loading class java/util/regex/Pattern$NotBehind done
Event: 22.331 Loading class java/util/Vector$1
Event: 22.331 Loading class java/util/Vector$1 done
Event: 22.350 Loading class java/io/PushbackInputStream
Event: 22.350 Loading class java/io/PushbackInputStream done
Event: 23.196 Loading class java/util/Collections$UnmodifiableSortedSet
Event: 23.197 Loading class java/util/Collections$UnmodifiableSortedSet done
Event: 23.282 Loading class java/util/IdentityHashMap$EntrySet
Event: 23.283 Loading class java/util/IdentityHashMap$EntrySet done
Event: 23.283 Loading class java/util/IdentityHashMap$EntryIterator
Event: 23.283 Loading class java/util/IdentityHashMap$EntryIterator done
Event: 23.283 Loading class java/util/IdentityHashMap$EntryIterator$Entry
Event: 23.283 Loading class java/util/IdentityHashMap$EntryIterator$Entry done
Event: 23.548 Loading class java/util/function/UnaryOperator
Event: 23.549 Loading class java/util/function/UnaryOperator done
Event: 24.007 Loading class java/util/regex/Pattern$Caret
Event: 24.007 Loading class java/util/regex/Pattern$Caret done

Classes unloaded (0 events):
No events

Classes redefined (0 events):
No events

Internal exceptions (20 events):
Event: 20.247 Thread 0x000001fe02638e80 Exception <a 'sun/nio/fs/WindowsException'{0x0000000705bfa378}> (0x0000000705bfa378) 
thrown [s\src\hotspot\share\prims\jni.cpp, line 520]
Event: 20.248 Thread 0x000001fe02638e80 Exception <a 'sun/nio/fs/WindowsException'{0x0000000705bfd600}> (0x0000000705bfd600) 
thrown [s\src\hotspot\share\prims\jni.cpp, line 520]
Event: 20.249 Thread 0x000001fe02638e80 Exception <a 'sun/nio/fs/WindowsException'{0x0000000705801130}> (0x0000000705801130) 
thrown [s\src\hotspot\share\prims\jni.cpp, line 520]
Event: 20.249 Thread 0x000001fe02638e80 Exception <a 'sun/nio/fs/WindowsException'{0x000000070580a3c8}> (0x000000070580a3c8) 
thrown [s\src\hotspot\share\prims\jni.cpp, line 520]
Event: 20.250 Thread 0x000001fe02638e80 Exception <a 'sun/nio/fs/WindowsException'{0x000000070580aee0}> (0x000000070580aee0) 
thrown [s\src\hotspot\share\prims\jni.cpp, line 520]
Event: 21.235 Thread 0x000001fe02638e80 Implicit null exception at 0x000001fe1296e90f to 0x000001fe1296edfc
Event: 21.286 Thread 0x000001fe02638e80 Implicit null exception at 0x000001fe12a2f920 to 0x000001fe12a2fb48
Event: 24.636 Thread 0x000001fe02638e80 Implicit null exception at 0x000001fe12a5b94d to 0x000001fe12a5bfe0
Event: 26.451 Thread 0x000001fe02638e80 Implicit null exception at 0x000001fe12bea065 to 0x000001fe12bea819
Event: 26.839 Thread 0x000001fe02638e80 Exception <a 'sun/nio/fs/WindowsException'{0x0000000705e1a020}> (0x0000000705e1a020) 
thrown [s\src\hotspot\share\prims\jni.cpp, line 520]
Event: 26.839 Thread 0x000001fe02638e80 Exception <a 'sun/nio/fs/WindowsException'{0x0000000705e1aa78}> (0x0000000705e1aa78) 
thrown [s\src\hotspot\share\prims\jni.cpp, line 520]
Event: 26.839 Thread 0x000001fe02638e80 Exception <a 'sun/nio/fs/WindowsException'{0x0000000705e1b5a8}> (0x0000000705e1b5a8) 
thrown [s\src\hotspot\share\prims\jni.cpp, line 520]
Event: 27.484 Thread 0x000001fe02638e80 Exception <a 'sun/nio/fs/WindowsException'{0x0000000710ce3398}> (0x0000000710ce3398) 
thrown [s\src\hotspot\share\prims\jni.cpp, line 520]
Event: 27.484 Thread 0x000001fe02638e80 Exception <a 'sun/nio/fs/WindowsException'{0x0000000710ce3df0}> (0x0000000710ce3df0) 
thrown [s\src\hotspot\share\prims\jni.cpp, line 520]
Event: 27.486 Thread 0x000001fe02638e80 Exception <a 'sun/nio/fs/WindowsException'{0x0000000710ce4920}> (0x0000000710ce4920) 
thrown [s\src\hotspot\share\prims\jni.cpp, line 520]
Event: 28.399 Thread 0x000001fe02638e80 Implicit null exception at 0x000001fe1295e175 to 0x000001fe1295f8c8
Event: 28.399 Thread 0x000001fe02638e80 Implicit null exception at 0x000001fe1293005a to 0x000001fe129300ac
Event: 28.419 Thread 0x000001fe02638e80 Exception <a 'sun/nio/fs/WindowsException'{0x000000070575d8c0}> (0x000000070575d8c0) 
thrown [s\src\hotspot\share\prims\jni.cpp, line 520]
Event: 28.420 Thread 0x000001fe02638e80 Exception <a 'sun/nio/fs/WindowsException'{0x000000070575e318}> (0x000000070575e318) 
thrown [s\src\hotspot\share\prims\jni.cpp, line 520]
Event: 28.420 Thread 0x000001fe02638e80 Exception <a 'sun/nio/fs/WindowsException'{0x000000070575ee48}> (0x000000070575ee48) 
thrown [s\src\hotspot\share\prims\jni.cpp, line 520]

ZGC Phase Switch (0 events):
No events

VM Operations (20 events):
Event: 23.077 Executing safepoint VM operation: Cleanup done
Event: 23.805 Executing safepoint VM operation: G1CollectForAllocation (G1 Evacuation Pause)
Event: 23.833 Executing safepoint VM operation: G1CollectForAllocation (G1 Evacuation Pause) done
Event: 24.073 Executing safepoint VM operation: G1PauseRemark
Event: 24.097 Executing safepoint VM operation: G1PauseRemark done
Event: 24.147 Executing safepoint VM operation: G1PauseCleanup
Event: 24.147 Executing safepoint VM operation: G1PauseCleanup done
Event: 25.148 Executing safepoint VM operation: Cleanup
Event: 25.304 Executing safepoint VM operation: Cleanup done
Event: 26.318 Executing safepoint VM operation: Cleanup
Event: 26.318 Executing safepoint VM operation: Cleanup done
Event: 26.435 Executing safepoint VM operation: G1CollectForAllocation (G1 Evacuation Pause)
Event: 26.440 Executing safepoint VM operation: G1CollectForAllocation (G1 Evacuation Pause) done
Event: 27.395 Executing safepoint VM operation: ICBufferFull
Event: 27.395 Executing safepoint VM operation: ICBufferFull done
Event: 27.417 Executing safepoint VM operation: G1CollectForAllocation (G1 Evacuation Pause)
Event: 27.429 Executing safepoint VM operation: G1CollectForAllocation (G1 Evacuation Pause) done
Event: 28.162 Executing safepoint VM operation: ICBufferFull
Event: 28.162 Executing safepoint VM operation: ICBufferFull done
Event: 28.461 Executing safepoint VM operation: G1CollectForAllocation (G1 Evacuation Pause)

Memory protections (0 events):
No events

Nmethod flushes (20 events):
Event: 24.095 Thread 0x000001fe211c6370 flushing  nmethod 0x000001fe0b574610
Event: 24.095 Thread 0x000001fe211c6370 flushing  nmethod 0x000001fe0b57d890
Event: 24.095 Thread 0x000001fe211c6370 flushing  nmethod 0x000001fe0b6b0010
Event: 24.095 Thread 0x000001fe211c6370 flushing  nmethod 0x000001fe0b6b0f10
Event: 24.095 Thread 0x000001fe211c6370 flushing  nmethod 0x000001fe0b6b1f90
Event: 24.095 Thread 0x000001fe211c6370 flushing  nmethod 0x000001fe0b6b3290
Event: 24.095 Thread 0x000001fe211c6370 flushing  nmethod 0x000001fe0b6b3f90
Event: 24.095 Thread 0x000001fe211c6370 flushing  nmethod 0x000001fe0b6dfa10
Event: 24.095 Thread 0x000001fe211c6370 flushing  nmethod 0x000001fe0b74ce90
Event: 24.095 Thread 0x000001fe211c6370 flushing  nmethod 0x000001fe0b79f910
Event: 24.095 Thread 0x000001fe211c6370 flushing  nmethod 0x000001fe0b7dfb10
Event: 24.095 Thread 0x000001fe211c6370 flushing  nmethod 0x000001fe0b7ef710
Event: 24.095 Thread 0x000001fe211c6370 flushing  nmethod 0x000001fe0b7f0090
Event: 24.095 Thread 0x000001fe211c6370 flushing  nmethod 0x000001fe0b7f1590
Event: 24.095 Thread 0x000001fe211c6370 flushing  nmethod 0x000001fe0b809e90
Event: 24.095 Thread 0x000001fe211c6370 flushing  nmethod 0x000001fe0b80c410
Event: 24.095 Thread 0x000001fe211c6370 flushing  nmethod 0x000001fe0b80e190
Event: 24.095 Thread 0x000001fe211c6370 flushing  nmethod 0x000001fe0b822510
Event: 24.095 Thread 0x000001fe211c6370 flushing  nmethod 0x000001fe0b822a10
Event: 24.095 Thread 0x000001fe211c6370 flushing  nmethod 0x000001fe0b823610

Events (20 events):
Event: 0.060 Thread 0x000001fe02638e80 Thread added: 0x000001fe211f2e50
Event: 0.061 Thread 0x000001fe02638e80 Thread added: 0x000001fe211f4f20
Event: 0.070 Thread 0x000001fe02638e80 Thread added: 0x000001fe21263a70
Event: 0.108 Thread 0x000001fe02638e80 Thread added: 0x000001fe211f34e0
Event: 0.112 Thread 0x000001fe02638e80 Thread added: 0x000001fe211f0060
Event: 0.358 Thread 0x000001fe02638e80 Thread added: 0x000001fe211f1aa0
Event: 0.397 Thread 0x000001fe211f1aa0 Thread exited: 0x000001fe211f1aa0
Event: 1.024 Thread 0x000001fe211f4f20 Thread added: 0x000001fe21a2b1f0
Event: 3.187 Thread 0x000001fe02638e80 Thread added: 0x000001fe211f2130
Event: 9.745 Thread 0x000001fe21a2b1f0 Thread exited: 0x000001fe21a2b1f0
Event: 10.752 Thread 0x000001fe21263a70 Thread added: 0x000001fe21b35680
Event: 11.140 Thread 0x000001fe21b35680 Thread exited: 0x000001fe21b35680
Event: 12.782 Thread 0x000001fe21263a70 Thread added: 0x000001fe684a4160
Event: 15.951 Thread 0x000001fe684a4160 Thread exited: 0x000001fe684a4160
Event: 17.295 Thread 0x000001fe21263a70 Thread added: 0x000001fe686af060
Event: 20.465 Thread 0x000001fe686af060 Thread exited: 0x000001fe686af060
Event: 20.552 Thread 0x000001fe211f4f20 Thread added: 0x000001fe697ac550
Event: 21.002 Thread 0x000001fe697ac550 Thread exited: 0x000001fe697ac550
Event: 24.704 Thread 0x000001fe21263a70 Thread added: 0x000001fe675ed840
Event: 28.299 Thread 0x000001fe675ed840 Thread exited: 0x000001fe675ed840


Dynamic libraries:
0x00007ff751aa0000 - 0x00007ff751aae000 	C:\Program Files\Eclipse Adoptium\jdk-21.0.10.7-hotspot\bin\java.exe
0x00007ffb16b20000 - 0x00007ffb16d87000 	C:\WINDOWS\SYSTEM32\ntdll.dll
0x00007ffb14890000 - 0x00007ffb14959000 	C:\WINDOWS\System32\KERNEL32.DLL
0x00007ffb13fa0000 - 0x00007ffb14394000 	C:\WINDOWS\System32\KERNELBASE.dll
0x00007ffb14600000 - 0x00007ffb1474b000 	C:\WINDOWS\System32\ucrtbase.dll
0x00007ffb0d700000 - 0x00007ffb0d718000 	C:\Program Files\Eclipse Adoptium\jdk-21.0.10.7-hotspot\bin\jli.dll
0x00007ffb16860000 - 0x00007ffb16a25000 	C:\WINDOWS\System32\USER32.dll
0x00007ffb143a0000 - 0x00007ffb143c7000 	C:\WINDOWS\System32\win32u.dll
0x00007ffb0d6c0000 - 0x00007ffb0d6de000 	C:\Program Files\Eclipse Adoptium\jdk-21.0.10.7-hotspot\bin\VCRUNTIME140.dll
0x00007ffb16a80000 - 0x00007ffb16aab000 	C:\WINDOWS\System32\GDI32.dll
0x00007ffb14750000 - 0x00007ffb1487a000 	C:\WINDOWS\System32\gdi32full.dll
0x00007ffb125c0000 - 0x00007ffb12853000 	C:\WINDOWS\WinSxS\amd64_microsoft.windows.common-controls_6595b64144ccf1df_6.0.26100.8115_none_3e075c82e3354f9c\COMCTL32.dll
0x00007ffb135d0000 - 0x00007ffb13673000 	C:\WINDOWS\System32\msvcp_win.dll
0x00007ffb161e0000 - 0x00007ffb16289000 	C:\WINDOWS\System32\msvcrt.dll
0x00007ffb16000000 - 0x00007ffb16032000 	C:\WINDOWS\System32\IMM32.DLL
0x00007ffb0f970000 - 0x00007ffb0f97c000 	C:\Program Files\Eclipse Adoptium\jdk-21.0.10.7-hotspot\bin\vcruntime140_1.dll
0x00007ffaf4030000 - 0x00007ffaf40bd000 	C:\Program Files\Eclipse Adoptium\jdk-21.0.10.7-hotspot\bin\msvcp140.dll
0x00007ffa90380000 - 0x00007ffa91121000 	C:\Program Files\Eclipse Adoptium\jdk-21.0.10.7-hotspot\bin\server\jvm.dll
0x00007ffb153c0000 - 0x00007ffb15476000 	C:\WINDOWS\System32\ADVAPI32.dll
0x00007ffb14ff0000 - 0x00007ffb15097000 	C:\WINDOWS\System32\sechost.dll
0x00007ffb149c0000 - 0x00007ffb14ad8000 	C:\WINDOWS\System32\RPCRT4.dll
0x00007ffb15d50000 - 0x00007ffb15dd0000 	C:\WINDOWS\System32\WS2_32.dll
0x00007ffb13240000 - 0x00007ffb1329e000 	C:\WINDOWS\SYSTEM32\POWRPROF.dll
0x00007ffaf5240000 - 0x00007ffaf5276000 	C:\WINDOWS\SYSTEM32\WINMM.dll
0x00007ffb03520000 - 0x00007ffb0352b000 	C:\WINDOWS\SYSTEM32\VERSION.dll
0x00007ffb13200000 - 0x00007ffb13214000 	C:\WINDOWS\SYSTEM32\UMPDC.dll
0x00007ffb117e0000 - 0x00007ffb117fb000 	C:\WINDOWS\SYSTEM32\kernel.appcore.dll
0x00007ffb0d6f0000 - 0x00007ffb0d6fa000 	C:\Program Files\Eclipse Adoptium\jdk-21.0.10.7-hotspot\bin\jimage.dll
0x00007ffb12b70000 - 0x00007ffb12db2000 	C:\WINDOWS\SYSTEM32\DBGHELP.DLL
0x00007ffb163e0000 - 0x00007ffb16762000 	C:\WINDOWS\System32\combase.dll
0x00007ffb15de0000 - 0x00007ffb15eb7000 	C:\WINDOWS\System32\OLEAUT32.dll
0x00007ffb12a60000 - 0x00007ffb12a9b000 	C:\WINDOWS\SYSTEM32\dbgcore.DLL
0x00007ffb13680000 - 0x00007ffb13725000 	C:\WINDOWS\System32\bcryptPrimitives.dll
0x00007ffb06ba0000 - 0x00007ffb06bc0000 	C:\Program Files\Eclipse Adoptium\jdk-21.0.10.7-hotspot\bin\java.dll
0x00007ffb155e0000 - 0x00007ffb15d46000 	C:\WINDOWS\System32\SHELL32.dll
0x00007ffb143d0000 - 0x00007ffb1453a000 	C:\WINDOWS\System32\wintypes.dll
0x00007ffb13730000 - 0x00007ffb13f95000 	C:\WINDOWS\System32\windows.storage.dll
0x00007ffb15f00000 - 0x00007ffb15ff7000 	C:\WINDOWS\System32\SHCORE.dll
0x00007ffb167f0000 - 0x00007ffb16856000 	C:\WINDOWS\System32\shlwapi.dll
0x00007ffb132e0000 - 0x00007ffb13309000 	C:\WINDOWS\SYSTEM32\profapi.dll
0x00007ffaa66a0000 - 0x00007ffaa6777000 	C:\Program Files\Eclipse Adoptium\jdk-21.0.10.7-hotspot\bin\jsvml.dll
0x00007ffb0d680000 - 0x00007ffb0d690000 	C:\Program Files\Eclipse Adoptium\jdk-21.0.10.7-hotspot\bin\net.dll
0x00007ffb04a30000 - 0x00007ffb04b5d000 	C:\WINDOWS\SYSTEM32\WINHTTP.dll
0x00007ffb11cf0000 - 0x00007ffb11d5c000 	C:\WINDOWS\system32\mswsock.dll
0x00007ffb03a10000 - 0x00007ffb03a26000 	C:\Program Files\Eclipse Adoptium\jdk-21.0.10.7-hotspot\bin\nio.dll
0x00007ffaf8b00000 - 0x00007ffaf8b18000 	C:\Program Files\Eclipse Adoptium\jdk-21.0.10.7-hotspot\bin\zip.dll
0x00007ffaf4000000 - 0x00007ffaf4024000 	C:\Program Files (x86)\Apache\Maven\apache-maven-3.9.12\lib\jansi-native\Windows\x86_64\jansi.dll
0x00007ffb06de0000 - 0x00007ffb06df0000 	C:\Program Files\Eclipse Adoptium\jdk-21.0.10.7-hotspot\bin\verify.dll

JVMTI agents: none

dbghelp: loaded successfully - version: 4.0.5 - missing functions: none
symbol engine: initialized successfully - sym options: 0x614 - pdb path: .;C:\Program Files\Eclipse Adoptium\jdk-21.0.10.7-hotspot\bin;C:\WINDOWS\SYSTEM32;C:\WINDOWS\WinSxS\amd64_microsoft.windows.common-controls_6595b64144ccf1df_6.0.26100.8115_none_3e075c82e3354f9c;C:\Program Files\Eclipse Adoptium\jdk-21.0.10.7-hotspot\bin\server;C:\Program Files (x86)\Apache\Maven\apache-maven-3.9.12\lib\jansi-native\Windows\x86_64

VM Arguments:
jvm_args: --enable-native-access=ALL-UNNAMED -Dclassworlds.conf=C:\Program Files (x86)\Apache\Maven\apache-maven-3.9.12\bin\m2.conf -Dmaven.home=C:\Program Files (x86)\Apache\Maven\apache-maven-3.9.12 -Dlibrary.jansi.path=C:\Program Files (x86)\Apache\Maven\apache-maven-3.9.12\lib\jansi-native -Dmaven.multiModuleProjectDirectory=D:\PAF Project\New folder (2)\IT3030-PAF-2026-smart-campus-NUSLIIT_JFN3\backend 
java_command: org.codehaus.plexus.classworlds.launcher.Launcher compile
java_class_path (initial): C:\Program Files (x86)\Apache\Maven\apache-maven-3.9.12\boot\plexus-classworlds-2.9.0.jar
Launcher Type: SUN_STANDARD

[Global flags]
     intx CICompilerCount                          = 3                                         {product} {ergonomic}
     uint ConcGCThreads                            = 1                                         {product} {ergonomic}
     uint G1ConcRefinementThreads                  = 4                                         {product} {ergonomic}
   size_t G1HeapRegionSize                         = 2097152                                   {product} {ergonomic}
    uintx GCDrainStackTargetSize                   = 64                                        {product} {ergonomic}
   size_t InitialHeapSize                          = 268435456                                 {product} {ergonomic}
   size_t MarkStackSize                            = 4194304                                   {product} {ergonomic}
   size_t MaxHeapSize                              = 4271898624                                {product} {ergonomic}
   size_t MaxNewSize                               = 2562719744                                {product} {ergonomic}
   size_t MinHeapDeltaBytes                        = 2097152                                   {product} {ergonomic}
   size_t MinHeapSize                              = 8388608                                   {product} {ergonomic}
    uintx NonNMethodCodeHeapSize                   = 5832780                                {pd product} {ergonomic}
    uintx NonProfiledCodeHeapSize                  = 122912730                              {pd product} {ergonomic}
    uintx ProfiledCodeHeapSize                     = 122912730                              {pd product} {ergonomic}
    uintx ReservedCodeCacheSize                    = 251658240                              {pd product} {ergonomic}
     bool SegmentedCodeCache                       = true                                      {product} {ergonomic}
   size_t SoftMaxHeapSize                          = 4271898624                             {manageable} {ergonomic}
     bool UseCompressedOops                        = true                           {product lp64_product} {ergonomic}
     bool UseG1GC                                  = true                                      {product} {ergonomic}
     bool UseLargePagesIndividualAllocation        = false                                  {pd product} {ergonomic}

Logging:
Log output configuration:
 #0: stdout all=warning uptime,level,tags foldmultilines=false
 #1: stderr all=off uptime,level,tags foldmultilines=false

Release file:
IMPLEMENTOR="Eclipse Adoptium" 
IMPLEMENTOR_VERSION="Temurin-21.0.10+7" 
JAVA_RUNTIME_VERSION="21.0.10+7-LTS" 
JAVA_VERSION="21.0.10" 
JAVA_VERSION_DATE="2026-01-20" 
LIBC="default" 
MODULES="java.base java.compiler java.datatransfer java.xml java.prefs java.desktop java.instrument java.logging java.management java.security.sasl java.naming java.rmi java.management.rmi java.net.http java.scripting java.security.jgss java.transaction.xa java.sql java.sql.rowset java.xml.crypto java.se java.smartcardio jdk.accessibility jdk.internal.jvmstat jdk.attach jdk.charsets jdk.internal.opt jdk.zipfs jdk.compiler jdk.crypto.ec jdk.crypto.cryptoki jdk.crypto.mscapi jdk.dynalink jdk.internal.ed jdk.editpad jdk.hotspot.agent jdk.httpserver jdk.incubator.vector jdk.internal.le jdk.internal.vm.ci jdk.internal.vm.compiler jdk.internal.vm.compiler.management jdk.jartool jdk.javadoc jdk.jcmd jdk.management jdk.management.agent jdk.jconsole jdk.jdeps jdk.jdwp.agent jdk.jdi jdk.jfr jdk.jlink jdk.jpackage jdk.jshell jdk.jsobject jdk.jstatd jdk.localedata jdk.management.jfr jdk.naming.dns jdk.naming.rmi jdk.net jdk.nio.mapmode jdk.random jdk.sctp jdk.security.auth jdk.security.jgss jdk.unsupported jdk.unsupported.desktop jdk.xml.dom" 
OS_ARCH="x86_64" 
OS_NAME="Windows" 
SOURCE=".:git:a633eafe0fcc" 
BUILD_SOURCE="git:458965074606f027bd5afce2cfd5c1055dea0438"
BUILD_SOURCE_REPO="https://github.com/adoptium/temurin-build.git"
SOURCE_REPO="https://github.com/adoptium/jdk21u.git"
FULL_VERSION="21.0.10+7-LTS"
SEMANTIC_VERSION="21.0.10+7"
BUILD_INFO="OS: Windows Server 2022 Version: 10.0"
JVM_VARIANT="Hotspot"
JVM_VERSION="21.0.10+7-LTS"
IMAGE_TYPE="JDK"

Environment Variables:
JAVA_HOME=C:\Program Files\Eclipse Adoptium\jdk-21.0.10.7-hotspot\
PATH=C:\Program Files\Eclipse Adoptium\jdk-21.0.10.7-hotspot\bin;C:\Program Files\Eclipse Adoptium\jdk-17.0.18.8-hotspot\bin;C:\Oracal_db_Home\bin;C:\WINDOWS\system32;C:\WINDOWS;C:\WINDOWS\System32\Wbem;C:\WINDOWS\System32\WindowsPowerShell\v1.0\;C:\WINDOWS\System32\OpenSSH\;C:\Program Files\Microsoft SQL Server\Client SDK\ODBC\180\Tools\Binn\;C:\Program Files\Microsoft SQL Server\Client SDK\ODBC\170\Tools\Binn\;C:\Program Files\dotnet\;C:\Program Files (x86)\Microsoft SQL Server\160\DTS\Binn\;C:\Program Files\Azure Data Studio\bin;C:\Program Files\Microsoft SQL Server\170\DTS\Binn\;C:\Program Files\Microsoft SQL Server\130\DTS\Binn\;C:\Program Files\Microsoft SQL Server\140\DTS\Binn\;C:\Program Files\Microsoft SQL Server\150\DTS\Binn\;C:\Program Files\Microsoft SQL Server\160\DTS\Binn\;C:\Program Files (x86)\Microsoft SQL Server\170\Tools\Binn\;C:\Program Files\Microsoft SQL Server\170\Tools\Binn\;C:\Program Files (x86)\Apache\Maven\apache-maven-3.9.12\bin;C:\Program Files\Eclipse Adoptium\jdk-21.0.10.7-hotspot\\bin;C:\Program Files\nodejs\;C:\Program Files\Git\cmd;C:\Users\HP\AppData\Local\Programs\Python\Python312\Scripts\;C:\Users\HP\AppData\Local\Programs\Python\Python312\;C:\Users\HP\AppData\Local\Programs\Python\Launcher\;C:\Users\HP\AppData\Local\Microsoft\WindowsApps;C:\Users\HP\AppData\Local\Programs\Qoder\bin;C:\Users\HP\AppData\Local\Programs\Microsoft VS Code\bin;C:\Users\HP\.dotnet\tools;C:\Program Files\Azure Data Studio\bin;C:\Users\HP\AppData\Roaming\npm;D:\Software\Antigravity\bin
USERNAME=HP
LANG=en_US.UTF-8
OS=Windows_NT
PROCESSOR_IDENTIFIER=Intel64 Family 6 Model 142 Stepping 10, GenuineIntel
TMP=C:\Users\HP\AppData\Local\Temp
TEMP=C:\Users\HP\AppData\Local\Temp




Periodic native trim disabled

---------------  S Y S T E M  ---------------

OS:
 Windows 11 , 64 bit Build 26100 (10.0.26100.8115)
OS uptime: 0 days 6:44 hours
Hyper-V role detected

CPU: total 4 (initial active 4) (2 cores per cpu, 2 threads per core) family 6 model 142 stepping 10 microcode 0xe0, cx8, cmov, fxsr, ht, mmx, 3dnowpref, sse, sse2, sse3, ssse3, sse4.1, sse4.2, popcnt, lzcnt, tsc, tscinvbit, avx, avx2, aes, erms, clmul, bmi1, bmi2, adx, fma, vzeroupper, clflush, clflushopt, hv, rdtscp, f16c
Processor Information for processor 0
  Max Mhz: 2201, Current Mhz: 2201, Mhz Limit: 2201
Processor Information for processor 1
  Max Mhz: 2201, Current Mhz: 1500, Mhz Limit: 2201
Processor Information for processor 2
  Max Mhz: 2201, Current Mhz: 1500, Mhz Limit: 2201
Processor Information for processor 3
  Max Mhz: 2201, Current Mhz: 1500, Mhz Limit: 2201

Memory: 4k page, system-wide physical 16295M (1478M free)
TotalPageFile size 35347M (AvailPageFile size 19M)
current process WorkingSet (physical memory assigned to process): 277M, peak: 312M
current process commit charge ("private bytes"): 297M, peak: 399M

vm_info: OpenJDK 64-Bit Server VM (21.0.10+7-LTS) for windows-amd64 JRE (21.0.10+7-LTS), built on 2026-01-20T00:00:00Z by "admin" with MS VC++ 17.12 (VS2022)

END.
